<?xml version="1.0" encoding="UTF-8"?>
<testsuite xmlns:xsi="http://www.w3.org/2001/XMLSchema-instance" xsi:noNamespaceSchemaLocation="https://maven.apache.org/surefire/maven-surefire-plugin/xsd/surefire-test-report-3.0.xsd" version="3.0" name="TestSuite" time="120.054" tests="40" errors="0" skipped="12" failures="12">
  <properties>
    <property name="sun.desktop" value="windows"/>
    <property name="awt.toolkit" value="sun.awt.windows.WToolkit"/>
    <property name="java.specification.version" value="11"/>
    <property name="webdriver.chrome.driver" value="C:\Users\akila.samaranayake\.cache\selenium\chromedriver\win32\110.0.5481.77\chromedriver.exe"/>
    <property name="sun.cpu.isalist" value="amd64"/>
    <property name="sun.jnu.encoding" value="Cp1252"/>
    <property name="java.class.path" value="C:\Users\akila.samaranayake\.m2\repository\org\apache\maven\surefire\surefire-booter\3.0.0-M5\surefire-booter-3.0.0-M5.jar;C:\Users\akila.samaranayake\.m2\repository\org\apache\maven\surefire\surefire-api\3.0.0-M5\surefire-api-3.0.0-M5.jar;C:\Users\akila.samaranayake\.m2\repository\org\apache\maven\surefire\surefire-logger-api\3.0.0-M5\surefire-logger-api-3.0.0-M5.jar;C:\Users\akila.samaranayake\.m2\repository\org\apache\maven\surefire\surefire-shared-utils\3.0.0-M4\surefire-shared-utils-3.0.0-M4.jar;C:\Users\akila.samaranayake\.m2\repository\org\apache\maven\surefire\surefire-extensions-spi\3.0.0-M5\surefire-extensions-spi-3.0.0-M5.jar;C:\Personal.work\my-repos\cloudmore\cloudmore-qa-automation\target\test-classes;C:\Personal.work\my-repos\cloudmore\cloudmore-qa-automation\target\classes;C:\Users\akila.samaranayake\.m2\repository\org\apache\maven\surefire\surefire-testng\3.0.0-M5\surefire-testng-3.0.0-M5.jar;C:\Users\akila.samaranayake\.m2\repository\org\apache\maven\surefire\common-java5\3.0.0-M5\common-java5-3.0.0-M5.jar;C:\Users\akila.samaranayake\.m2\repository\org\apache\maven\surefire\surefire-testng-utils\3.0.0-M5\surefire-testng-utils-3.0.0-M5.jar;C:\Users\akila.samaranayake\.m2\repository\org\apache\maven\surefire\surefire-grouper\3.0.0-M5\surefire-grouper-3.0.0-M5.jar;C:\Users\akila.samaranayake\.m2\repository\org\seleniumhq\selenium\selenium-java\4.8.0\selenium-java-4.8.0.jar;C:\Users\akila.samaranayake\.m2\repository\org\seleniumhq\selenium\selenium-api\4.8.0\selenium-api-4.8.0.jar;C:\Users\akila.samaranayake\.m2\repository\org\seleniumhq\selenium\selenium-chrome-driver\4.8.0\selenium-chrome-driver-4.8.0.jar;C:\Users\akila.samaranayake\.m2\repository\com\google\auto\service\auto-service-annotations\1.0.1\auto-service-annotations-1.0.1.jar;C:\Users\akila.samaranayake\.m2\repository\com\google\auto\service\auto-service\1.0.1\auto-service-1.0.1.jar;C:\Users\akila.samaranayake\.m2\repository\com\google\auto\auto-common\1.2\auto-common-1.2.jar;C:\Users\akila.samaranayake\.m2\repository\com\google\guava\guava\31.1-jre\guava-31.1-jre.jar;C:\Users\akila.samaranayake\.m2\repository\com\google\guava\failureaccess\1.0.1\failureaccess-1.0.1.jar;C:\Users\akila.samaranayake\.m2\repository\com\google\guava\listenablefuture\9999.0-empty-to-avoid-conflict-with-guava\listenablefuture-9999.0-empty-to-avoid-conflict-with-guava.jar;C:\Users\akila.samaranayake\.m2\repository\org\checkerframework\checker-qual\3.12.0\checker-qual-3.12.0.jar;C:\Users\akila.samaranayake\.m2\repository\com\google\errorprone\error_prone_annotations\2.11.0\error_prone_annotations-2.11.0.jar;C:\Users\akila.samaranayake\.m2\repository\com\google\j2objc\j2objc-annotations\1.3\j2objc-annotations-1.3.jar;C:\Users\akila.samaranayake\.m2\repository\org\seleniumhq\selenium\selenium-chromium-driver\4.8.0\selenium-chromium-driver-4.8.0.jar;C:\Users\akila.samaranayake\.m2\repository\org\seleniumhq\selenium\selenium-json\4.8.0\selenium-json-4.8.0.jar;C:\Users\akila.samaranayake\.m2\repository\org\seleniumhq\selenium\selenium-devtools-v107\4.8.0\selenium-devtools-v107-4.8.0.jar;C:\Users\akila.samaranayake\.m2\repository\org\seleniumhq\selenium\selenium-devtools-v108\4.8.0\selenium-devtools-v108-4.8.0.jar;C:\Users\akila.samaranayake\.m2\repository\org\seleniumhq\selenium\selenium-devtools-v109\4.8.0\selenium-devtools-v109-4.8.0.jar;C:\Users\akila.samaranayake\.m2\repository\org\seleniumhq\selenium\selenium-devtools-v85\4.8.0\selenium-devtools-v85-4.8.0.jar;C:\Users\akila.samaranayake\.m2\repository\org\seleniumhq\selenium\selenium-edge-driver\4.8.0\selenium-edge-driver-4.8.0.jar;C:\Users\akila.samaranayake\.m2\repository\org\seleniumhq\selenium\selenium-firefox-driver\4.8.0\selenium-firefox-driver-4.8.0.jar;C:\Users\akila.samaranayake\.m2\repository\org\seleniumhq\selenium\selenium-http\4.8.0\selenium-http-4.8.0.jar;C:\Users\akila.samaranayake\.m2\repository\dev\failsafe\failsafe\3.3.0\failsafe-3.3.0.jar;C:\Users\akila.samaranayake\.m2\repository\org\seleniumhq\selenium\selenium-ie-driver\4.8.0\selenium-ie-driver-4.8.0.jar;C:\Users\akila.samaranayake\.m2\repository\org\seleniumhq\selenium\selenium-remote-driver\4.8.0\selenium-remote-driver-4.8.0.jar;C:\Users\akila.samaranayake\.m2\repository\io\netty\netty-buffer\4.1.87.Final\netty-buffer-4.1.87.Final.jar;C:\Users\akila.samaranayake\.m2\repository\io\netty\netty-codec-http\4.1.87.Final\netty-codec-http-4.1.87.Final.jar;C:\Users\akila.samaranayake\.m2\repository\io\netty\netty-codec\4.1.87.Final\netty-codec-4.1.87.Final.jar;C:\Users\akila.samaranayake\.m2\repository\io\netty\netty-handler\4.1.87.Final\netty-handler-4.1.87.Final.jar;C:\Users\akila.samaranayake\.m2\repository\io\netty\netty-common\4.1.87.Final\netty-common-4.1.87.Final.jar;C:\Users\akila.samaranayake\.m2\repository\io\netty\netty-transport-classes-epoll\4.1.87.Final\netty-transport-classes-epoll-4.1.87.Final.jar;C:\Users\akila.samaranayake\.m2\repository\io\netty\netty-transport-classes-kqueue\4.1.87.Final\netty-transport-classes-kqueue-4.1.87.Final.jar;C:\Users\akila.samaranayake\.m2\repository\io\netty\netty-transport-native-epoll\4.1.87.Final\netty-transport-native-epoll-4.1.87.Final.jar;C:\Users\akila.samaranayake\.m2\repository\io\netty\netty-transport-native-kqueue\4.1.87.Final\netty-transport-native-kqueue-4.1.87.Final.jar;C:\Users\akila.samaranayake\.m2\repository\io\netty\netty-transport-native-unix-common\4.1.87.Final\netty-transport-native-unix-common-4.1.87.Final.jar;C:\Users\akila.samaranayake\.m2\repository\io\netty\netty-transport\4.1.87.Final\netty-transport-4.1.87.Final.jar;C:\Users\akila.samaranayake\.m2\repository\io\netty\netty-resolver\4.1.87.Final\netty-resolver-4.1.87.Final.jar;C:\Users\akila.samaranayake\.m2\repository\io\opentelemetry\opentelemetry-api\1.22.0\opentelemetry-api-1.22.0.jar;C:\Users\akila.samaranayake\.m2\repository\io\opentelemetry\opentelemetry-context\1.22.0\opentelemetry-context-1.22.0.jar;C:\Users\akila.samaranayake\.m2\repository\io\opentelemetry\opentelemetry-exporter-logging\1.22.0\opentelemetry-exporter-logging-1.22.0.jar;C:\Users\akila.samaranayake\.m2\repository\io\opentelemetry\opentelemetry-sdk-metrics\1.22.0\opentelemetry-sdk-metrics-1.22.0.jar;C:\Users\akila.samaranayake\.m2\repository\io\opentelemetry\opentelemetry-sdk-logs\1.22.0-alpha\opentelemetry-sdk-logs-1.22.0-alpha.jar;C:\Users\akila.samaranayake\.m2\repository\io\opentelemetry\opentelemetry-api-logs\1.22.0-alpha\opentelemetry-api-logs-1.22.0-alpha.jar;C:\Users\akila.samaranayake\.m2\repository\io\opentelemetry\opentelemetry-sdk-common\1.22.0\opentelemetry-sdk-common-1.22.0.jar;C:\Users\akila.samaranayake\.m2\repository\io\opentelemetry\opentelemetry-sdk-extension-autoconfigure-spi\1.22.0\opentelemetry-sdk-extension-autoconfigure-spi-1.22.0.jar;C:\Users\akila.samaranayake\.m2\repository\io\opentelemetry\opentelemetry-sdk-extension-autoconfigure\1.22.0-alpha\opentelemetry-sdk-extension-autoconfigure-1.22.0-alpha.jar;C:\Users\akila.samaranayake\.m2\repository\io\opentelemetry\opentelemetry-sdk-trace\1.22.0\opentelemetry-sdk-trace-1.22.0.jar;C:\Users\akila.samaranayake\.m2\repository\io\opentelemetry\opentelemetry-sdk\1.22.0\opentelemetry-sdk-1.22.0.jar;C:\Users\akila.samaranayake\.m2\repository\io\opentelemetry\opentelemetry-semconv\1.22.0-alpha\opentelemetry-semconv-1.22.0-alpha.jar;C:\Users\akila.samaranayake\.m2\repository\io\ous\jtoml\2.0.0\jtoml-2.0.0.jar;C:\Users\akila.samaranayake\.m2\repository\net\bytebuddy\byte-buddy\1.12.22\byte-buddy-1.12.22.jar;C:\Users\akila.samaranayake\.m2\repository\org\apache\commons\commons-exec\1.3\commons-exec-1.3.jar;C:\Users\akila.samaranayake\.m2\repository\org\asynchttpclient\async-http-client\2.12.3\async-http-client-2.12.3.jar;C:\Users\akila.samaranayake\.m2\repository\org\asynchttpclient\async-http-client-netty-utils\2.12.3\async-http-client-netty-utils-2.12.3.jar;C:\Users\akila.samaranayake\.m2\repository\io\netty\netty-codec-socks\4.1.60.Final\netty-codec-socks-4.1.60.Final.jar;C:\Users\akila.samaranayake\.m2\repository\io\netty\netty-handler-proxy\4.1.60.Final\netty-handler-proxy-4.1.60.Final.jar;C:\Users\akila.samaranayake\.m2\repository\io\netty\netty-transport-native-epoll\4.1.60.Final\netty-transport-native-epoll-4.1.60.Final-linux-x86_64.jar;C:\Users\akila.samaranayake\.m2\repository\io\netty\netty-transport-native-kqueue\4.1.60.Final\netty-transport-native-kqueue-4.1.60.Final-osx-x86_64.jar;C:\Users\akila.samaranayake\.m2\repository\com\typesafe\netty\netty-reactive-streams\2.0.4\netty-reactive-streams-2.0.4.jar;C:\Users\akila.samaranayake\.m2\repository\com\sun\activation\jakarta.activation\1.2.2\jakarta.activation-1.2.2.jar;C:\Users\akila.samaranayake\.m2\repository\org\seleniumhq\selenium\selenium-manager\4.8.0\selenium-manager-4.8.0.jar;C:\Users\akila.samaranayake\.m2\repository\org\seleniumhq\selenium\selenium-safari-driver\4.8.0\selenium-safari-driver-4.8.0.jar;C:\Users\akila.samaranayake\.m2\repository\org\seleniumhq\selenium\selenium-support\4.8.0\selenium-support-4.8.0.jar;C:\Users\akila.samaranayake\.m2\repository\io\github\bonigarcia\webdrivermanager\5.3.0\webdrivermanager-5.3.0.jar;C:\Users\akila.samaranayake\.m2\repository\com\google\code\gson\gson\2.9.1\gson-2.9.1.jar;C:\Users\akila.samaranayake\.m2\repository\com\github\docker-java\docker-java\3.2.13\docker-java-3.2.13.jar;C:\Users\akila.samaranayake\.m2\repository\com\github\docker-java\docker-java-core\3.2.13\docker-java-core-3.2.13.jar;C:\Users\akila.samaranayake\.m2\repository\com\github\docker-java\docker-java-api\3.2.13\docker-java-api-3.2.13.jar;C:\Users\akila.samaranayake\.m2\repository\org\bouncycastle\bcpkix-jdk15on\1.64\bcpkix-jdk15on-1.64.jar;C:\Users\akila.samaranayake\.m2\repository\org\bouncycastle\bcprov-jdk15on\1.64\bcprov-jdk15on-1.64.jar;C:\Users\akila.samaranayake\.m2\repository\org\slf4j\jcl-over-slf4j\1.7.30\jcl-over-slf4j-1.7.30.jar;C:\Users\akila.samaranayake\.m2\repository\com\github\docker-java\docker-java-transport-httpclient5\3.2.13\docker-java-transport-httpclient5-3.2.13.jar;C:\Users\akila.samaranayake\.m2\repository\com\github\docker-java\docker-java-transport\3.2.13\docker-java-transport-3.2.13.jar;C:\Users\akila.samaranayake\.m2\repository\net\java\dev\jna\jna\5.8.0\jna-5.8.0.jar;C:\Users\akila.samaranayake\.m2\repository\org\brotli\dec\0.1.2\dec-0.1.2.jar;C:\Users\akila.samaranayake\.m2\repository\org\apache\commons\commons-lang3\3.12.0\commons-lang3-3.12.0.jar;C:\Users\akila.samaranayake\.m2\repository\org\apache\httpcomponents\client5\httpclient5\5.1.3\httpclient5-5.1.3.jar;C:\Users\akila.samaranayake\.m2\repository\org\apache\httpcomponents\core5\httpcore5\5.1.3\httpcore5-5.1.3.jar;C:\Users\akila.samaranayake\.m2\repository\org\apache\httpcomponents\core5\httpcore5-h2\5.1.3\httpcore5-h2-5.1.3.jar;C:\Users\akila.samaranayake\.m2\repository\commons-codec\commons-codec\1.15\commons-codec-1.15.jar;C:\Users\akila.samaranayake\.m2\repository\org\testng\testng\7.4.0\testng-7.4.0.jar;C:\Users\akila.samaranayake\.m2\repository\com\beust\jcommander\1.78\jcommander-1.78.jar;C:\Users\akila.samaranayake\.m2\repository\org\webjars\jquery\3.5.1\jquery-3.5.1.jar;C:\Users\akila.samaranayake\.m2\repository\tech\grasshopper\extentreports-cucumber6-adapter\2.9.0\extentreports-cucumber6-adapter-2.9.0.jar;C:\Users\akila.samaranayake\.m2\repository\tech\grasshopper\extent-pdf-report\1.7.4\extent-pdf-report-1.7.4.jar;C:\Users\akila.samaranayake\.m2\repository\tech\grasshopper\cucumber-pdf-report\2.2.4\cucumber-pdf-report-2.2.4.jar;C:\Users\akila.samaranayake\.m2\repository\org\apache\pdfbox\pdfbox\2.0.22\pdfbox-2.0.22.jar;C:\Users\akila.samaranayake\.m2\repository\org\apache\pdfbox\fontbox\2.0.22\fontbox-2.0.22.jar;C:\Users\akila.samaranayake\.m2\repository\org\knowm\xchart\xchart\3.8.0\xchart-3.8.0.jar;C:\Users\akila.samaranayake\.m2\repository\de\erichseifert\vectorgraphics2d\VectorGraphics2D\0.13\VectorGraphics2D-0.13.jar;C:\Users\akila.samaranayake\.m2\repository\de\rototor\pdfbox\graphics2d\0.30\graphics2d-0.30.jar;C:\Users\akila.samaranayake\.m2\repository\com\madgag\animated-gif-lib\1.4\animated-gif-lib-1.4.jar;C:\Users\akila.samaranayake\.m2\repository\org\yaml\snakeyaml\1.28\snakeyaml-1.28.jar;C:\Users\akila.samaranayake\.m2\repository\tech\grasshopper\table-layout\1.2.0\table-layout-1.2.0.jar;C:\Users\akila.samaranayake\.m2\repository\org\jsoup\jsoup\1.13.1\jsoup-1.13.1.jar;C:\Users\akila.samaranayake\.m2\repository\com\aventstack\klov-reporter\5.0.9\klov-reporter-5.0.9.jar;C:\Users\akila.samaranayake\.m2\repository\org\mongodb\bson\3.6.4\bson-3.6.4.jar;C:\Users\akila.samaranayake\.m2\repository\tech\grasshopper\htmlextentreporter\1.0.0\htmlextentreporter-1.0.0.jar;C:\Users\akila.samaranayake\.m2\repository\org\mongodb\mongodb-driver\3.3.0\mongodb-driver-3.3.0.jar;C:\Users\akila.samaranayake\.m2\repository\org\mongodb\mongodb-driver-core\3.3.0\mongodb-driver-core-3.3.0.jar;C:\Users\akila.samaranayake\.m2\repository\com\aventstack\extentreports\5.0.9\extentreports-5.0.9.jar;C:\Users\akila.samaranayake\.m2\repository\io\reactivex\rxjava3\rxjava\3.0.4\rxjava-3.0.4.jar;C:\Users\akila.samaranayake\.m2\repository\org\reactivestreams\reactive-streams\1.0.3\reactive-streams-1.0.3.jar;C:\Users\akila.samaranayake\.m2\repository\org\freemarker\freemarker\2.3.30\freemarker-2.3.30.jar;C:\Users\akila.samaranayake\.m2\repository\io\qameta\allure\allure-cucumber6-jvm\2.13.6\allure-cucumber6-jvm-2.13.6.jar;C:\Users\akila.samaranayake\.m2\repository\io\qameta\allure\allure-java-commons\2.13.6\allure-java-commons-2.13.6.jar;C:\Users\akila.samaranayake\.m2\repository\io\qameta\allure\allure-model\2.13.6\allure-model-2.13.6.jar;C:\Users\akila.samaranayake\.m2\repository\org\apache\tika\tika-core\1.24.1\tika-core-1.24.1.jar;C:\Users\akila.samaranayake\.m2\repository\org\jooq\joor-java-8\0.9.13\joor-java-8-0.9.13.jar;C:\Users\akila.samaranayake\.m2\repository\io\cucumber\gherkin\5.1.0\gherkin-5.1.0.jar;C:\Users\akila.samaranayake\.m2\repository\io\cucumber\gherkin-jvm-deps\1.0.4\gherkin-jvm-deps-1.0.4.jar;C:\Users\akila.samaranayake\.m2\repository\io\cucumber\cucumber-core\6.10.4\cucumber-core-6.10.4.jar;C:\Users\akila.samaranayake\.m2\repository\io\cucumber\cucumber-gherkin\6.10.4\cucumber-gherkin-6.10.4.jar;C:\Users\akila.samaranayake\.m2\repository\io\cucumber\cucumber-gherkin-messages\6.10.4\cucumber-gherkin-messages-6.10.4.jar;C:\Users\akila.samaranayake\.m2\repository\io\cucumber\messages\15.0.0\messages-15.0.0.jar;C:\Users\akila.samaranayake\.m2\repository\io\cucumber\tag-expressions\3.0.1\tag-expressions-3.0.1.jar;C:\Users\akila.samaranayake\.m2\repository\io\cucumber\cucumber-expressions\10.3.0\cucumber-expressions-10.3.0.jar;C:\Users\akila.samaranayake\.m2\repository\io\cucumber\datatable\3.5.0\datatable-3.5.0.jar;C:\Users\akila.samaranayake\.m2\repository\io\cucumber\cucumber-plugin\6.10.4\cucumber-plugin-6.10.4.jar;C:\Users\akila.samaranayake\.m2\repository\io\cucumber\docstring\6.10.4\docstring-6.10.4.jar;C:\Users\akila.samaranayake\.m2\repository\io\cucumber\html-formatter\13.0.0\html-formatter-13.0.0.jar;C:\Users\akila.samaranayake\.m2\repository\io\cucumber\create-meta\4.0.0\create-meta-4.0.0.jar;C:\Users\akila.samaranayake\.m2\repository\org\apiguardian\apiguardian-api\1.1.1\apiguardian-api-1.1.1.jar;C:\Users\akila.samaranayake\.m2\repository\io\cucumber\cucumber-java\6.10.4\cucumber-java-6.10.4.jar;C:\Users\akila.samaranayake\.m2\repository\io\cucumber\cucumber-testng\6.10.4\cucumber-testng-6.10.4.jar;C:\Users\akila.samaranayake\.m2\repository\io\rest-assured\rest-assured\4.4.0\rest-assured-4.4.0.jar;C:\Users\akila.samaranayake\.m2\repository\org\codehaus\groovy\groovy\3.0.8\groovy-3.0.8.jar;C:\Users\akila.samaranayake\.m2\repository\org\codehaus\groovy\groovy-xml\3.0.8\groovy-xml-3.0.8.jar;C:\Users\akila.samaranayake\.m2\repository\org\apache\httpcomponents\httpclient\4.5.13\httpclient-4.5.13.jar;C:\Users\akila.samaranayake\.m2\repository\org\apache\httpcomponents\httpcore\4.4.13\httpcore-4.4.13.jar;C:\Users\akila.samaranayake\.m2\repository\commons-logging\commons-logging\1.2\commons-logging-1.2.jar;C:\Users\akila.samaranayake\.m2\repository\org\apache\httpcomponents\httpmime\4.5.13\httpmime-4.5.13.jar;C:\Users\akila.samaranayake\.m2\repository\org\hamcrest\hamcrest\2.1\hamcrest-2.1.jar;C:\Users\akila.samaranayake\.m2\repository\org\ccil\cowan\tagsoup\tagsoup\1.2.1\tagsoup-1.2.1.jar;C:\Users\akila.samaranayake\.m2\repository\io\rest-assured\xml-path\4.4.0\xml-path-4.4.0.jar;C:\Users\akila.samaranayake\.m2\repository\jakarta\xml\bind\jakarta.xml.bind-api\2.3.3\jakarta.xml.bind-api-2.3.3.jar;C:\Users\akila.samaranayake\.m2\repository\jakarta\activation\jakarta.activation-api\1.2.2\jakarta.activation-api-1.2.2.jar;C:\Users\akila.samaranayake\.m2\repository\com\sun\xml\bind\jaxb-impl\2.3.3\jaxb-impl-2.3.3.jar;C:\Users\akila.samaranayake\.m2\repository\org\slf4j\slf4j-api\1.7.30\slf4j-api-1.7.30.jar;C:\Users\akila.samaranayake\.m2\repository\org\slf4j\slf4j-log4j12\1.7.30\slf4j-log4j12-1.7.30.jar;C:\Users\akila.samaranayake\.m2\repository\log4j\log4j\1.2.17\log4j-1.2.17.jar;C:\Users\akila.samaranayake\.m2\repository\org\apache\logging\log4j\log4j-core\2.17.0\log4j-core-2.17.0.jar;C:\Users\akila.samaranayake\.m2\repository\org\apache\logging\log4j\log4j-api\2.17.0\log4j-api-2.17.0.jar;C:\Users\akila.samaranayake\.m2\repository\com\fasterxml\jackson\core\jackson-core\2.13.3\jackson-core-2.13.3.jar;C:\Users\akila.samaranayake\.m2\repository\com\fasterxml\jackson\core\jackson-databind\2.13.3\jackson-databind-2.13.3.jar;C:\Users\akila.samaranayake\.m2\repository\com\fasterxml\jackson\core\jackson-annotations\2.13.3\jackson-annotations-2.13.3.jar;C:\Users\akila.samaranayake\.m2\repository\org\projectlombok\lombok\1.18.20\lombok-1.18.20.jar;C:\Users\akila.samaranayake\.m2\repository\io\rest-assured\json-path\4.4.0\json-path-4.4.0.jar;C:\Users\akila.samaranayake\.m2\repository\org\codehaus\groovy\groovy-json\3.0.8\groovy-json-3.0.8.jar;C:\Users\akila.samaranayake\.m2\repository\io\rest-assured\rest-assured-common\4.4.0\rest-assured-common-4.4.0.jar;C:\Users\akila.samaranayake\.m2\repository\io\rest-assured\json-schema-validator\4.4.0\json-schema-validator-4.4.0.jar;C:\Users\akila.samaranayake\.m2\repository\com\github\java-json-tools\json-schema-validator\2.2.14\json-schema-validator-2.2.14.jar;C:\Users\akila.samaranayake\.m2\repository\com\github\java-json-tools\jackson-coreutils-equivalence\1.0\jackson-coreutils-equivalence-1.0.jar;C:\Users\akila.samaranayake\.m2\repository\com\github\java-json-tools\jackson-coreutils\2.0\jackson-coreutils-2.0.jar;C:\Users\akila.samaranayake\.m2\repository\com\github\java-json-tools\msg-simple\1.2\msg-simple-1.2.jar;C:\Users\akila.samaranayake\.m2\repository\com\github\java-json-tools\btf\1.3\btf-1.3.jar;C:\Users\akila.samaranayake\.m2\repository\com\github\java-json-tools\json-schema-core\1.2.14\json-schema-core-1.2.14.jar;C:\Users\akila.samaranayake\.m2\repository\com\github\java-json-tools\uri-template\0.10\uri-template-0.10.jar;C:\Users\akila.samaranayake\.m2\repository\org\mozilla\rhino\1.7.7.2\rhino-1.7.7.2.jar;C:\Users\akila.samaranayake\.m2\repository\com\sun\mail\mailapi\1.6.2\mailapi-1.6.2.jar;C:\Users\akila.samaranayake\.m2\repository\joda-time\joda-time\2.10.5\joda-time-2.10.5.jar;C:\Users\akila.samaranayake\.m2\repository\com\googlecode\libphonenumber\libphonenumber\8.11.1\libphonenumber-8.11.1.jar;C:\Users\akila.samaranayake\.m2\repository\com\google\code\findbugs\jsr305\3.0.2\jsr305-3.0.2.jar;C:\Users\akila.samaranayake\.m2\repository\net\sf\jopt-simple\jopt-simple\5.0.4\jopt-simple-5.0.4.jar;C:\Users\akila.samaranayake\.m2\repository\org\aspectj\aspectjweaver\1.9.7\aspectjweaver-1.9.7.jar;C:\Users\akila.samaranayake\.m2\repository\org\cornutum\tcases\tcases-maven-plugin\4.0.1\tcases-maven-plugin-4.0.1.jar;C:\Users\akila.samaranayake\.m2\repository\org\apache\maven\maven-plugin-api\3.1.1\maven-plugin-api-3.1.1.jar;C:\Users\akila.samaranayake\.m2\repository\org\apache\maven\maven-model\3.1.1\maven-model-3.1.1.jar;C:\Users\akila.samaranayake\.m2\repository\org\apache\maven\maven-artifact\3.1.1\maven-artifact-3.1.1.jar;C:\Users\akila.samaranayake\.m2\repository\org\eclipse\sisu\org.eclipse.sisu.plexus\0.0.0.M5\org.eclipse.sisu.plexus-0.0.0.M5.jar;C:\Users\akila.samaranayake\.m2\repository\javax\enterprise\cdi-api\1.0\cdi-api-1.0.jar;C:\Users\akila.samaranayake\.m2\repository\javax\annotation\jsr250-api\1.0\jsr250-api-1.0.jar;C:\Users\akila.samaranayake\.m2\repository\javax\inject\javax.inject\1\javax.inject-1.jar;C:\Users\akila.samaranayake\.m2\repository\org\sonatype\sisu\sisu-guice\3.1.0\sisu-guice-3.1.0-no_aop.jar;C:\Users\akila.samaranayake\.m2\repository\aopalliance\aopalliance\1.0\aopalliance-1.0.jar;C:\Users\akila.samaranayake\.m2\repository\org\eclipse\sisu\org.eclipse.sisu.inject\0.0.0.M5\org.eclipse.sisu.inject-0.0.0.M5.jar;C:\Users\akila.samaranayake\.m2\repository\org\codehaus\plexus\plexus-component-annotations\1.5.5\plexus-component-annotations-1.5.5.jar;C:\Users\akila.samaranayake\.m2\repository\org\codehaus\plexus\plexus-classworlds\2.4\plexus-classworlds-2.4.jar;C:\Users\akila.samaranayake\.m2\repository\org\codehaus\plexus\plexus-utils\3.0.17\plexus-utils-3.0.17.jar;C:\Users\akila.samaranayake\.m2\repository\org\cornutum\tcases\tcases-cli\4.0.1\tcases-cli-4.0.1.jar;C:\Users\akila.samaranayake\.m2\repository\org\cornutum\tcases\tcases-openapi\4.0.1\tcases-openapi-4.0.1.jar;C:\Users\akila.samaranayake\.m2\repository\org\cornutum\tcases\tcases-io\4.0.1\tcases-io-4.0.1.jar;C:\Users\akila.samaranayake\.m2\repository\org\cornutum\tcases\tcases-lib\4.0.1\tcases-lib-4.0.1.jar;C:\Users\akila.samaranayake\.m2\repository\org\leadpony\justify\justify\1.1.0\justify-1.1.0.jar;C:\Users\akila.samaranayake\.m2\repository\jakarta\json\jakarta.json-api\1.1.5\jakarta.json-api-1.1.5.jar;C:\Users\akila.samaranayake\.m2\repository\com\ibm\icu\icu4j\64.2\icu4j-64.2.jar;C:\Users\akila.samaranayake\.m2\repository\org\glassfish\javax.json\1.1.3\javax.json-1.1.3.jar;C:\Users\akila.samaranayake\.m2\repository\javax\json\javax.json-api\1.1.3\javax.json-api-1.1.3.jar;C:\Users\akila.samaranayake\.m2\repository\org\cornutum\regexp\regexp-gen\2.0.1\regexp-gen-2.0.1.jar;C:\Users\akila.samaranayake\.m2\repository\org\cornutum\tcases\tcases-openapi-test\4.0.1\tcases-openapi-test-4.0.1.jar;C:\Users\akila.samaranayake\.m2\repository\org\openapi4j\openapi-schema-validator\1.0.7\openapi-schema-validator-1.0.7.jar;C:\Users\akila.samaranayake\.m2\repository\org\openapi4j\openapi-core\1.0.7\openapi-core-1.0.7.jar;C:\Users\akila.samaranayake\.m2\repository\io\swagger\parser\v3\swagger-parser\2.1.10\swagger-parser-2.1.10.jar;C:\Users\akila.samaranayake\.m2\repository\io\swagger\parser\v3\swagger-parser-v2-converter\2.1.10\swagger-parser-v2-converter-2.1.10.jar;C:\Users\akila.samaranayake\.m2\repository\io\swagger\swagger-core\1.6.9\swagger-core-1.6.9.jar;C:\Users\akila.samaranayake\.m2\repository\io\swagger\swagger-models\1.6.9\swagger-models-1.6.9.jar;C:\Users\akila.samaranayake\.m2\repository\io\swagger\swagger-annotations\1.6.9\swagger-annotations-1.6.9.jar;C:\Users\akila.samaranayake\.m2\repository\javax\validation\validation-api\1.1.0.Final\validation-api-1.1.0.Final.jar;C:\Users\akila.samaranayake\.m2\repository\io\swagger\swagger-parser\1.0.64\swagger-parser-1.0.64.jar;C:\Users\akila.samaranayake\.m2\repository\io\swagger\swagger-compat-spec-parser\1.0.64\swagger-compat-spec-parser-1.0.64.jar;C:\Users\akila.samaranayake\.m2\repository\com\github\java-json-tools\json-patch\1.13\json-patch-1.13.jar;C:\Users\akila.samaranayake\.m2\repository\io\swagger\core\v3\swagger-models\2.2.8\swagger-models-2.2.8.jar;C:\Users\akila.samaranayake\.m2\repository\io\swagger\parser\v3\swagger-parser-core\2.1.10\swagger-parser-core-2.1.10.jar;C:\Users\akila.samaranayake\.m2\repository\io\swagger\parser\v3\swagger-parser-v3\2.1.10\swagger-parser-v3-2.1.10.jar;C:\Users\akila.samaranayake\.m2\repository\io\swagger\core\v3\swagger-core\2.2.8\swagger-core-2.2.8.jar;C:\Users\akila.samaranayake\.m2\repository\com\fasterxml\jackson\datatype\jackson-datatype-jsr310\2.14.0\jackson-datatype-jsr310-2.14.0.jar;C:\Users\akila.samaranayake\.m2\repository\io\swagger\core\v3\swagger-annotations\2.2.8\swagger-annotations-2.2.8.jar;C:\Users\akila.samaranayake\.m2\repository\jakarta\validation\jakarta.validation-api\2.0.2\jakarta.validation-api-2.0.2.jar;C:\Users\akila.samaranayake\.m2\repository\com\fasterxml\jackson\dataformat\jackson-dataformat-yaml\2.14.0\jackson-dataformat-yaml-2.14.0.jar;C:\Users\akila.samaranayake\.m2\repository\org\cornutum\tcases\tcases-rest-assured\4.0.1\tcases-rest-assured-4.0.1.jar;C:\Users\akila.samaranayake\.m2\repository\org\cornutum\tcases\tcases-moco\4.0.1\tcases-moco-4.0.1.jar;C:\Users\akila.samaranayake\.m2\repository\com\github\ozlerhakan\poiji\4.0.0\poiji-4.0.0.jar;C:\Users\akila.samaranayake\.m2\repository\org\apache\poi\poi-ooxml\5.2.3\poi-ooxml-5.2.3.jar;C:\Users\akila.samaranayake\.m2\repository\org\apache\poi\poi\5.2.3\poi-5.2.3.jar;C:\Users\akila.samaranayake\.m2\repository\org\apache\commons\commons-math3\3.6.1\commons-math3-3.6.1.jar;C:\Users\akila.samaranayake\.m2\repository\com\zaxxer\SparseBitSet\1.2\SparseBitSet-1.2.jar;C:\Users\akila.samaranayake\.m2\repository\org\apache\poi\poi-ooxml-lite\5.2.3\poi-ooxml-lite-5.2.3.jar;C:\Users\akila.samaranayake\.m2\repository\org\apache\xmlbeans\xmlbeans\5.1.1\xmlbeans-5.1.1.jar;C:\Users\akila.samaranayake\.m2\repository\org\apache\commons\commons-compress\1.21\commons-compress-1.21.jar;C:\Users\akila.samaranayake\.m2\repository\commons-io\commons-io\2.11.0\commons-io-2.11.0.jar;C:\Users\akila.samaranayake\.m2\repository\com\github\virtuald\curvesapi\1.07\curvesapi-1.07.jar;C:\Users\akila.samaranayake\.m2\repository\org\apache\commons\commons-collections4\4.4\commons-collections4-4.4.jar;C:\Users\akila.samaranayake\.m2\repository\junit\junit\4.13.2\junit-4.13.2.jar;C:\Users\akila.samaranayake\.m2\repository\org\hamcrest\hamcrest-core\1.3\hamcrest-core-1.3.jar"/>
    <property name="java.vm.vendor" value="AdoptOpenJDK"/>
    <property name="sun.arch.data.model" value="64"/>
    <property name="user.variant" value=""/>
    <property name="java.vendor.url" value="https://adoptopenjdk.net/"/>
    <property name="user.timezone" value="Asia/Colombo"/>
    <property name="java.vm.specification.version" value="11"/>
    <property name="os.name" value="Windows 10"/>
    <property name="sun.java.launcher" value="SUN_STANDARD"/>
    <property name="user.country" value="US"/>
    <property name="allure.link.issue.pattern" value="https://example.org/issue/{}"/>
    <property name="sun.boot.library.path" value="C:\Program Files\AdoptOpenJDK\jdk-11.0.9.11-hotspot\bin"/>
    <property name="sun.java.command" value="org.apache.maven.surefire.booter.ForkedBooter C:\Users\akila.samaranayake\AppData\Local\Temp\surefire1483563798311346576 2023-02-20T15-10-41_686-jvmRun1 surefire8542301781235635789tmp surefire_017946258216145443966tmp"/>
    <property name="jdk.debug" value="release"/>
    <property name="surefire.test.class.path" value="C:\Personal.work\my-repos\cloudmore\cloudmore-qa-automation\target\test-classes;C:\Personal.work\my-repos\cloudmore\cloudmore-qa-automation\target\classes;C:\Users\akila.samaranayake\.m2\repository\org\apache\maven\surefire\surefire-testng\3.0.0-M5\surefire-testng-3.0.0-M5.jar;C:\Users\akila.samaranayake\.m2\repository\org\apache\maven\surefire\common-java5\3.0.0-M5\common-java5-3.0.0-M5.jar;C:\Users\akila.samaranayake\.m2\repository\org\apache\maven\surefire\surefire-shared-utils\3.0.0-M4\surefire-shared-utils-3.0.0-M4.jar;C:\Users\akila.samaranayake\.m2\repository\org\apache\maven\surefire\surefire-testng-utils\3.0.0-M5\surefire-testng-utils-3.0.0-M5.jar;C:\Users\akila.samaranayake\.m2\repository\org\apache\maven\surefire\surefire-grouper\3.0.0-M5\surefire-grouper-3.0.0-M5.jar;C:\Users\akila.samaranayake\.m2\repository\org\apache\maven\surefire\surefire-api\3.0.0-M5\surefire-api-3.0.0-M5.jar;C:\Users\akila.samaranayake\.m2\repository\org\apache\maven\surefire\surefire-logger-api\3.0.0-M5\surefire-logger-api-3.0.0-M5.jar;C:\Users\akila.samaranayake\.m2\repository\org\seleniumhq\selenium\selenium-java\4.8.0\selenium-java-4.8.0.jar;C:\Users\akila.samaranayake\.m2\repository\org\seleniumhq\selenium\selenium-api\4.8.0\selenium-api-4.8.0.jar;C:\Users\akila.samaranayake\.m2\repository\org\seleniumhq\selenium\selenium-chrome-driver\4.8.0\selenium-chrome-driver-4.8.0.jar;C:\Users\akila.samaranayake\.m2\repository\com\google\auto\service\auto-service-annotations\1.0.1\auto-service-annotations-1.0.1.jar;C:\Users\akila.samaranayake\.m2\repository\com\google\auto\service\auto-service\1.0.1\auto-service-1.0.1.jar;C:\Users\akila.samaranayake\.m2\repository\com\google\auto\auto-common\1.2\auto-common-1.2.jar;C:\Users\akila.samaranayake\.m2\repository\com\google\guava\guava\31.1-jre\guava-31.1-jre.jar;C:\Users\akila.samaranayake\.m2\repository\com\google\guava\failureaccess\1.0.1\failureaccess-1.0.1.jar;C:\Users\akila.samaranayake\.m2\repository\com\google\guava\listenablefuture\9999.0-empty-to-avoid-conflict-with-guava\listenablefuture-9999.0-empty-to-avoid-conflict-with-guava.jar;C:\Users\akila.samaranayake\.m2\repository\org\checkerframework\checker-qual\3.12.0\checker-qual-3.12.0.jar;C:\Users\akila.samaranayake\.m2\repository\com\google\errorprone\error_prone_annotations\2.11.0\error_prone_annotations-2.11.0.jar;C:\Users\akila.samaranayake\.m2\repository\com\google\j2objc\j2objc-annotations\1.3\j2objc-annotations-1.3.jar;C:\Users\akila.samaranayake\.m2\repository\org\seleniumhq\selenium\selenium-chromium-driver\4.8.0\selenium-chromium-driver-4.8.0.jar;C:\Users\akila.samaranayake\.m2\repository\org\seleniumhq\selenium\selenium-json\4.8.0\selenium-json-4.8.0.jar;C:\Users\akila.samaranayake\.m2\repository\org\seleniumhq\selenium\selenium-devtools-v107\4.8.0\selenium-devtools-v107-4.8.0.jar;C:\Users\akila.samaranayake\.m2\repository\org\seleniumhq\selenium\selenium-devtools-v108\4.8.0\selenium-devtools-v108-4.8.0.jar;C:\Users\akila.samaranayake\.m2\repository\org\seleniumhq\selenium\selenium-devtools-v109\4.8.0\selenium-devtools-v109-4.8.0.jar;C:\Users\akila.samaranayake\.m2\repository\org\seleniumhq\selenium\selenium-devtools-v85\4.8.0\selenium-devtools-v85-4.8.0.jar;C:\Users\akila.samaranayake\.m2\repository\org\seleniumhq\selenium\selenium-edge-driver\4.8.0\selenium-edge-driver-4.8.0.jar;C:\Users\akila.samaranayake\.m2\repository\org\seleniumhq\selenium\selenium-firefox-driver\4.8.0\selenium-firefox-driver-4.8.0.jar;C:\Users\akila.samaranayake\.m2\repository\org\seleniumhq\selenium\selenium-http\4.8.0\selenium-http-4.8.0.jar;C:\Users\akila.samaranayake\.m2\repository\dev\failsafe\failsafe\3.3.0\failsafe-3.3.0.jar;C:\Users\akila.samaranayake\.m2\repository\org\seleniumhq\selenium\selenium-ie-driver\4.8.0\selenium-ie-driver-4.8.0.jar;C:\Users\akila.samaranayake\.m2\repository\org\seleniumhq\selenium\selenium-remote-driver\4.8.0\selenium-remote-driver-4.8.0.jar;C:\Users\akila.samaranayake\.m2\repository\io\netty\netty-buffer\4.1.87.Final\netty-buffer-4.1.87.Final.jar;C:\Users\akila.samaranayake\.m2\repository\io\netty\netty-codec-http\4.1.87.Final\netty-codec-http-4.1.87.Final.jar;C:\Users\akila.samaranayake\.m2\repository\io\netty\netty-codec\4.1.87.Final\netty-codec-4.1.87.Final.jar;C:\Users\akila.samaranayake\.m2\repository\io\netty\netty-handler\4.1.87.Final\netty-handler-4.1.87.Final.jar;C:\Users\akila.samaranayake\.m2\repository\io\netty\netty-common\4.1.87.Final\netty-common-4.1.87.Final.jar;C:\Users\akila.samaranayake\.m2\repository\io\netty\netty-transport-classes-epoll\4.1.87.Final\netty-transport-classes-epoll-4.1.87.Final.jar;C:\Users\akila.samaranayake\.m2\repository\io\netty\netty-transport-classes-kqueue\4.1.87.Final\netty-transport-classes-kqueue-4.1.87.Final.jar;C:\Users\akila.samaranayake\.m2\repository\io\netty\netty-transport-native-epoll\4.1.87.Final\netty-transport-native-epoll-4.1.87.Final.jar;C:\Users\akila.samaranayake\.m2\repository\io\netty\netty-transport-native-kqueue\4.1.87.Final\netty-transport-native-kqueue-4.1.87.Final.jar;C:\Users\akila.samaranayake\.m2\repository\io\netty\netty-transport-native-unix-common\4.1.87.Final\netty-transport-native-unix-common-4.1.87.Final.jar;C:\Users\akila.samaranayake\.m2\repository\io\netty\netty-transport\4.1.87.Final\netty-transport-4.1.87.Final.jar;C:\Users\akila.samaranayake\.m2\repository\io\netty\netty-resolver\4.1.87.Final\netty-resolver-4.1.87.Final.jar;C:\Users\akila.samaranayake\.m2\repository\io\opentelemetry\opentelemetry-api\1.22.0\opentelemetry-api-1.22.0.jar;C:\Users\akila.samaranayake\.m2\repository\io\opentelemetry\opentelemetry-context\1.22.0\opentelemetry-context-1.22.0.jar;C:\Users\akila.samaranayake\.m2\repository\io\opentelemetry\opentelemetry-exporter-logging\1.22.0\opentelemetry-exporter-logging-1.22.0.jar;C:\Users\akila.samaranayake\.m2\repository\io\opentelemetry\opentelemetry-sdk-metrics\1.22.0\opentelemetry-sdk-metrics-1.22.0.jar;C:\Users\akila.samaranayake\.m2\repository\io\opentelemetry\opentelemetry-sdk-logs\1.22.0-alpha\opentelemetry-sdk-logs-1.22.0-alpha.jar;C:\Users\akila.samaranayake\.m2\repository\io\opentelemetry\opentelemetry-api-logs\1.22.0-alpha\opentelemetry-api-logs-1.22.0-alpha.jar;C:\Users\akila.samaranayake\.m2\repository\io\opentelemetry\opentelemetry-sdk-common\1.22.0\opentelemetry-sdk-common-1.22.0.jar;C:\Users\akila.samaranayake\.m2\repository\io\opentelemetry\opentelemetry-sdk-extension-autoconfigure-spi\1.22.0\opentelemetry-sdk-extension-autoconfigure-spi-1.22.0.jar;C:\Users\akila.samaranayake\.m2\repository\io\opentelemetry\opentelemetry-sdk-extension-autoconfigure\1.22.0-alpha\opentelemetry-sdk-extension-autoconfigure-1.22.0-alpha.jar;C:\Users\akila.samaranayake\.m2\repository\io\opentelemetry\opentelemetry-sdk-trace\1.22.0\opentelemetry-sdk-trace-1.22.0.jar;C:\Users\akila.samaranayake\.m2\repository\io\opentelemetry\opentelemetry-sdk\1.22.0\opentelemetry-sdk-1.22.0.jar;C:\Users\akila.samaranayake\.m2\repository\io\opentelemetry\opentelemetry-semconv\1.22.0-alpha\opentelemetry-semconv-1.22.0-alpha.jar;C:\Users\akila.samaranayake\.m2\repository\io\ous\jtoml\2.0.0\jtoml-2.0.0.jar;C:\Users\akila.samaranayake\.m2\repository\net\bytebuddy\byte-buddy\1.12.22\byte-buddy-1.12.22.jar;C:\Users\akila.samaranayake\.m2\repository\org\apache\commons\commons-exec\1.3\commons-exec-1.3.jar;C:\Users\akila.samaranayake\.m2\repository\org\asynchttpclient\async-http-client\2.12.3\async-http-client-2.12.3.jar;C:\Users\akila.samaranayake\.m2\repository\org\asynchttpclient\async-http-client-netty-utils\2.12.3\async-http-client-netty-utils-2.12.3.jar;C:\Users\akila.samaranayake\.m2\repository\io\netty\netty-codec-socks\4.1.60.Final\netty-codec-socks-4.1.60.Final.jar;C:\Users\akila.samaranayake\.m2\repository\io\netty\netty-handler-proxy\4.1.60.Final\netty-handler-proxy-4.1.60.Final.jar;C:\Users\akila.samaranayake\.m2\repository\io\netty\netty-transport-native-epoll\4.1.60.Final\netty-transport-native-epoll-4.1.60.Final-linux-x86_64.jar;C:\Users\akila.samaranayake\.m2\repository\io\netty\netty-transport-native-kqueue\4.1.60.Final\netty-transport-native-kqueue-4.1.60.Final-osx-x86_64.jar;C:\Users\akila.samaranayake\.m2\repository\com\typesafe\netty\netty-reactive-streams\2.0.4\netty-reactive-streams-2.0.4.jar;C:\Users\akila.samaranayake\.m2\repository\com\sun\activation\jakarta.activation\1.2.2\jakarta.activation-1.2.2.jar;C:\Users\akila.samaranayake\.m2\repository\org\seleniumhq\selenium\selenium-manager\4.8.0\selenium-manager-4.8.0.jar;C:\Users\akila.samaranayake\.m2\repository\org\seleniumhq\selenium\selenium-safari-driver\4.8.0\selenium-safari-driver-4.8.0.jar;C:\Users\akila.samaranayake\.m2\repository\org\seleniumhq\selenium\selenium-support\4.8.0\selenium-support-4.8.0.jar;C:\Users\akila.samaranayake\.m2\repository\io\github\bonigarcia\webdrivermanager\5.3.0\webdrivermanager-5.3.0.jar;C:\Users\akila.samaranayake\.m2\repository\com\google\code\gson\gson\2.9.1\gson-2.9.1.jar;C:\Users\akila.samaranayake\.m2\repository\com\github\docker-java\docker-java\3.2.13\docker-java-3.2.13.jar;C:\Users\akila.samaranayake\.m2\repository\com\github\docker-java\docker-java-core\3.2.13\docker-java-core-3.2.13.jar;C:\Users\akila.samaranayake\.m2\repository\com\github\docker-java\docker-java-api\3.2.13\docker-java-api-3.2.13.jar;C:\Users\akila.samaranayake\.m2\repository\org\bouncycastle\bcpkix-jdk15on\1.64\bcpkix-jdk15on-1.64.jar;C:\Users\akila.samaranayake\.m2\repository\org\bouncycastle\bcprov-jdk15on\1.64\bcprov-jdk15on-1.64.jar;C:\Users\akila.samaranayake\.m2\repository\org\slf4j\jcl-over-slf4j\1.7.30\jcl-over-slf4j-1.7.30.jar;C:\Users\akila.samaranayake\.m2\repository\com\github\docker-java\docker-java-transport-httpclient5\3.2.13\docker-java-transport-httpclient5-3.2.13.jar;C:\Users\akila.samaranayake\.m2\repository\com\github\docker-java\docker-java-transport\3.2.13\docker-java-transport-3.2.13.jar;C:\Users\akila.samaranayake\.m2\repository\net\java\dev\jna\jna\5.8.0\jna-5.8.0.jar;C:\Users\akila.samaranayake\.m2\repository\org\brotli\dec\0.1.2\dec-0.1.2.jar;C:\Users\akila.samaranayake\.m2\repository\org\apache\commons\commons-lang3\3.12.0\commons-lang3-3.12.0.jar;C:\Users\akila.samaranayake\.m2\repository\org\apache\httpcomponents\client5\httpclient5\5.1.3\httpclient5-5.1.3.jar;C:\Users\akila.samaranayake\.m2\repository\org\apache\httpcomponents\core5\httpcore5\5.1.3\httpcore5-5.1.3.jar;C:\Users\akila.samaranayake\.m2\repository\org\apache\httpcomponents\core5\httpcore5-h2\5.1.3\httpcore5-h2-5.1.3.jar;C:\Users\akila.samaranayake\.m2\repository\commons-codec\commons-codec\1.15\commons-codec-1.15.jar;C:\Users\akila.samaranayake\.m2\repository\org\testng\testng\7.4.0\testng-7.4.0.jar;C:\Users\akila.samaranayake\.m2\repository\com\beust\jcommander\1.78\jcommander-1.78.jar;C:\Users\akila.samaranayake\.m2\repository\org\webjars\jquery\3.5.1\jquery-3.5.1.jar;C:\Users\akila.samaranayake\.m2\repository\tech\grasshopper\extentreports-cucumber6-adapter\2.9.0\extentreports-cucumber6-adapter-2.9.0.jar;C:\Users\akila.samaranayake\.m2\repository\tech\grasshopper\extent-pdf-report\1.7.4\extent-pdf-report-1.7.4.jar;C:\Users\akila.samaranayake\.m2\repository\tech\grasshopper\cucumber-pdf-report\2.2.4\cucumber-pdf-report-2.2.4.jar;C:\Users\akila.samaranayake\.m2\repository\org\apache\pdfbox\pdfbox\2.0.22\pdfbox-2.0.22.jar;C:\Users\akila.samaranayake\.m2\repository\org\apache\pdfbox\fontbox\2.0.22\fontbox-2.0.22.jar;C:\Users\akila.samaranayake\.m2\repository\org\knowm\xchart\xchart\3.8.0\xchart-3.8.0.jar;C:\Users\akila.samaranayake\.m2\repository\de\erichseifert\vectorgraphics2d\VectorGraphics2D\0.13\VectorGraphics2D-0.13.jar;C:\Users\akila.samaranayake\.m2\repository\de\rototor\pdfbox\graphics2d\0.30\graphics2d-0.30.jar;C:\Users\akila.samaranayake\.m2\repository\com\madgag\animated-gif-lib\1.4\animated-gif-lib-1.4.jar;C:\Users\akila.samaranayake\.m2\repository\org\yaml\snakeyaml\1.28\snakeyaml-1.28.jar;C:\Users\akila.samaranayake\.m2\repository\tech\grasshopper\table-layout\1.2.0\table-layout-1.2.0.jar;C:\Users\akila.samaranayake\.m2\repository\org\jsoup\jsoup\1.13.1\jsoup-1.13.1.jar;C:\Users\akila.samaranayake\.m2\repository\com\aventstack\klov-reporter\5.0.9\klov-reporter-5.0.9.jar;C:\Users\akila.samaranayake\.m2\repository\org\mongodb\bson\3.6.4\bson-3.6.4.jar;C:\Users\akila.samaranayake\.m2\repository\tech\grasshopper\htmlextentreporter\1.0.0\htmlextentreporter-1.0.0.jar;C:\Users\akila.samaranayake\.m2\repository\org\mongodb\mongodb-driver\3.3.0\mongodb-driver-3.3.0.jar;C:\Users\akila.samaranayake\.m2\repository\org\mongodb\mongodb-driver-core\3.3.0\mongodb-driver-core-3.3.0.jar;C:\Users\akila.samaranayake\.m2\repository\com\aventstack\extentreports\5.0.9\extentreports-5.0.9.jar;C:\Users\akila.samaranayake\.m2\repository\io\reactivex\rxjava3\rxjava\3.0.4\rxjava-3.0.4.jar;C:\Users\akila.samaranayake\.m2\repository\org\reactivestreams\reactive-streams\1.0.3\reactive-streams-1.0.3.jar;C:\Users\akila.samaranayake\.m2\repository\org\freemarker\freemarker\2.3.30\freemarker-2.3.30.jar;C:\Users\akila.samaranayake\.m2\repository\io\qameta\allure\allure-cucumber6-jvm\2.13.6\allure-cucumber6-jvm-2.13.6.jar;C:\Users\akila.samaranayake\.m2\repository\io\qameta\allure\allure-java-commons\2.13.6\allure-java-commons-2.13.6.jar;C:\Users\akila.samaranayake\.m2\repository\io\qameta\allure\allure-model\2.13.6\allure-model-2.13.6.jar;C:\Users\akila.samaranayake\.m2\repository\org\apache\tika\tika-core\1.24.1\tika-core-1.24.1.jar;C:\Users\akila.samaranayake\.m2\repository\org\jooq\joor-java-8\0.9.13\joor-java-8-0.9.13.jar;C:\Users\akila.samaranayake\.m2\repository\io\cucumber\gherkin\5.1.0\gherkin-5.1.0.jar;C:\Users\akila.samaranayake\.m2\repository\io\cucumber\gherkin-jvm-deps\1.0.4\gherkin-jvm-deps-1.0.4.jar;C:\Users\akila.samaranayake\.m2\repository\io\cucumber\cucumber-core\6.10.4\cucumber-core-6.10.4.jar;C:\Users\akila.samaranayake\.m2\repository\io\cucumber\cucumber-gherkin\6.10.4\cucumber-gherkin-6.10.4.jar;C:\Users\akila.samaranayake\.m2\repository\io\cucumber\cucumber-gherkin-messages\6.10.4\cucumber-gherkin-messages-6.10.4.jar;C:\Users\akila.samaranayake\.m2\repository\io\cucumber\messages\15.0.0\messages-15.0.0.jar;C:\Users\akila.samaranayake\.m2\repository\io\cucumber\tag-expressions\3.0.1\tag-expressions-3.0.1.jar;C:\Users\akila.samaranayake\.m2\repository\io\cucumber\cucumber-expressions\10.3.0\cucumber-expressions-10.3.0.jar;C:\Users\akila.samaranayake\.m2\repository\io\cucumber\datatable\3.5.0\datatable-3.5.0.jar;C:\Users\akila.samaranayake\.m2\repository\io\cucumber\cucumber-plugin\6.10.4\cucumber-plugin-6.10.4.jar;C:\Users\akila.samaranayake\.m2\repository\io\cucumber\docstring\6.10.4\docstring-6.10.4.jar;C:\Users\akila.samaranayake\.m2\repository\io\cucumber\html-formatter\13.0.0\html-formatter-13.0.0.jar;C:\Users\akila.samaranayake\.m2\repository\io\cucumber\create-meta\4.0.0\create-meta-4.0.0.jar;C:\Users\akila.samaranayake\.m2\repository\org\apiguardian\apiguardian-api\1.1.1\apiguardian-api-1.1.1.jar;C:\Users\akila.samaranayake\.m2\repository\io\cucumber\cucumber-java\6.10.4\cucumber-java-6.10.4.jar;C:\Users\akila.samaranayake\.m2\repository\io\cucumber\cucumber-testng\6.10.4\cucumber-testng-6.10.4.jar;C:\Users\akila.samaranayake\.m2\repository\io\rest-assured\rest-assured\4.4.0\rest-assured-4.4.0.jar;C:\Users\akila.samaranayake\.m2\repository\org\codehaus\groovy\groovy\3.0.8\groovy-3.0.8.jar;C:\Users\akila.samaranayake\.m2\repository\org\codehaus\groovy\groovy-xml\3.0.8\groovy-xml-3.0.8.jar;C:\Users\akila.samaranayake\.m2\repository\org\apache\httpcomponents\httpclient\4.5.13\httpclient-4.5.13.jar;C:\Users\akila.samaranayake\.m2\repository\org\apache\httpcomponents\httpcore\4.4.13\httpcore-4.4.13.jar;C:\Users\akila.samaranayake\.m2\repository\commons-logging\commons-logging\1.2\commons-logging-1.2.jar;C:\Users\akila.samaranayake\.m2\repository\org\apache\httpcomponents\httpmime\4.5.13\httpmime-4.5.13.jar;C:\Users\akila.samaranayake\.m2\repository\org\hamcrest\hamcrest\2.1\hamcrest-2.1.jar;C:\Users\akila.samaranayake\.m2\repository\org\ccil\cowan\tagsoup\tagsoup\1.2.1\tagsoup-1.2.1.jar;C:\Users\akila.samaranayake\.m2\repository\io\rest-assured\xml-path\4.4.0\xml-path-4.4.0.jar;C:\Users\akila.samaranayake\.m2\repository\jakarta\xml\bind\jakarta.xml.bind-api\2.3.3\jakarta.xml.bind-api-2.3.3.jar;C:\Users\akila.samaranayake\.m2\repository\jakarta\activation\jakarta.activation-api\1.2.2\jakarta.activation-api-1.2.2.jar;C:\Users\akila.samaranayake\.m2\repository\com\sun\xml\bind\jaxb-impl\2.3.3\jaxb-impl-2.3.3.jar;C:\Users\akila.samaranayake\.m2\repository\org\slf4j\slf4j-api\1.7.30\slf4j-api-1.7.30.jar;C:\Users\akila.samaranayake\.m2\repository\org\slf4j\slf4j-log4j12\1.7.30\slf4j-log4j12-1.7.30.jar;C:\Users\akila.samaranayake\.m2\repository\log4j\log4j\1.2.17\log4j-1.2.17.jar;C:\Users\akila.samaranayake\.m2\repository\org\apache\logging\log4j\log4j-core\2.17.0\log4j-core-2.17.0.jar;C:\Users\akila.samaranayake\.m2\repository\org\apache\logging\log4j\log4j-api\2.17.0\log4j-api-2.17.0.jar;C:\Users\akila.samaranayake\.m2\repository\com\fasterxml\jackson\core\jackson-core\2.13.3\jackson-core-2.13.3.jar;C:\Users\akila.samaranayake\.m2\repository\com\fasterxml\jackson\core\jackson-databind\2.13.3\jackson-databind-2.13.3.jar;C:\Users\akila.samaranayake\.m2\repository\com\fasterxml\jackson\core\jackson-annotations\2.13.3\jackson-annotations-2.13.3.jar;C:\Users\akila.samaranayake\.m2\repository\org\projectlombok\lombok\1.18.20\lombok-1.18.20.jar;C:\Users\akila.samaranayake\.m2\repository\io\rest-assured\json-path\4.4.0\json-path-4.4.0.jar;C:\Users\akila.samaranayake\.m2\repository\org\codehaus\groovy\groovy-json\3.0.8\groovy-json-3.0.8.jar;C:\Users\akila.samaranayake\.m2\repository\io\rest-assured\rest-assured-common\4.4.0\rest-assured-common-4.4.0.jar;C:\Users\akila.samaranayake\.m2\repository\io\rest-assured\json-schema-validator\4.4.0\json-schema-validator-4.4.0.jar;C:\Users\akila.samaranayake\.m2\repository\com\github\java-json-tools\json-schema-validator\2.2.14\json-schema-validator-2.2.14.jar;C:\Users\akila.samaranayake\.m2\repository\com\github\java-json-tools\jackson-coreutils-equivalence\1.0\jackson-coreutils-equivalence-1.0.jar;C:\Users\akila.samaranayake\.m2\repository\com\github\java-json-tools\jackson-coreutils\2.0\jackson-coreutils-2.0.jar;C:\Users\akila.samaranayake\.m2\repository\com\github\java-json-tools\msg-simple\1.2\msg-simple-1.2.jar;C:\Users\akila.samaranayake\.m2\repository\com\github\java-json-tools\btf\1.3\btf-1.3.jar;C:\Users\akila.samaranayake\.m2\repository\com\github\java-json-tools\json-schema-core\1.2.14\json-schema-core-1.2.14.jar;C:\Users\akila.samaranayake\.m2\repository\com\github\java-json-tools\uri-template\0.10\uri-template-0.10.jar;C:\Users\akila.samaranayake\.m2\repository\org\mozilla\rhino\1.7.7.2\rhino-1.7.7.2.jar;C:\Users\akila.samaranayake\.m2\repository\com\sun\mail\mailapi\1.6.2\mailapi-1.6.2.jar;C:\Users\akila.samaranayake\.m2\repository\joda-time\joda-time\2.10.5\joda-time-2.10.5.jar;C:\Users\akila.samaranayake\.m2\repository\com\googlecode\libphonenumber\libphonenumber\8.11.1\libphonenumber-8.11.1.jar;C:\Users\akila.samaranayake\.m2\repository\com\google\code\findbugs\jsr305\3.0.2\jsr305-3.0.2.jar;C:\Users\akila.samaranayake\.m2\repository\net\sf\jopt-simple\jopt-simple\5.0.4\jopt-simple-5.0.4.jar;C:\Users\akila.samaranayake\.m2\repository\org\aspectj\aspectjweaver\1.9.7\aspectjweaver-1.9.7.jar;C:\Users\akila.samaranayake\.m2\repository\org\cornutum\tcases\tcases-maven-plugin\4.0.1\tcases-maven-plugin-4.0.1.jar;C:\Users\akila.samaranayake\.m2\repository\org\apache\maven\maven-plugin-api\3.1.1\maven-plugin-api-3.1.1.jar;C:\Users\akila.samaranayake\.m2\repository\org\apache\maven\maven-model\3.1.1\maven-model-3.1.1.jar;C:\Users\akila.samaranayake\.m2\repository\org\apache\maven\maven-artifact\3.1.1\maven-artifact-3.1.1.jar;C:\Users\akila.samaranayake\.m2\repository\org\eclipse\sisu\org.eclipse.sisu.plexus\0.0.0.M5\org.eclipse.sisu.plexus-0.0.0.M5.jar;C:\Users\akila.samaranayake\.m2\repository\javax\enterprise\cdi-api\1.0\cdi-api-1.0.jar;C:\Users\akila.samaranayake\.m2\repository\javax\annotation\jsr250-api\1.0\jsr250-api-1.0.jar;C:\Users\akila.samaranayake\.m2\repository\javax\inject\javax.inject\1\javax.inject-1.jar;C:\Users\akila.samaranayake\.m2\repository\org\sonatype\sisu\sisu-guice\3.1.0\sisu-guice-3.1.0-no_aop.jar;C:\Users\akila.samaranayake\.m2\repository\aopalliance\aopalliance\1.0\aopalliance-1.0.jar;C:\Users\akila.samaranayake\.m2\repository\org\eclipse\sisu\org.eclipse.sisu.inject\0.0.0.M5\org.eclipse.sisu.inject-0.0.0.M5.jar;C:\Users\akila.samaranayake\.m2\repository\org\codehaus\plexus\plexus-component-annotations\1.5.5\plexus-component-annotations-1.5.5.jar;C:\Users\akila.samaranayake\.m2\repository\org\codehaus\plexus\plexus-classworlds\2.4\plexus-classworlds-2.4.jar;C:\Users\akila.samaranayake\.m2\repository\org\codehaus\plexus\plexus-utils\3.0.17\plexus-utils-3.0.17.jar;C:\Users\akila.samaranayake\.m2\repository\org\cornutum\tcases\tcases-cli\4.0.1\tcases-cli-4.0.1.jar;C:\Users\akila.samaranayake\.m2\repository\org\cornutum\tcases\tcases-openapi\4.0.1\tcases-openapi-4.0.1.jar;C:\Users\akila.samaranayake\.m2\repository\org\cornutum\tcases\tcases-io\4.0.1\tcases-io-4.0.1.jar;C:\Users\akila.samaranayake\.m2\repository\org\cornutum\tcases\tcases-lib\4.0.1\tcases-lib-4.0.1.jar;C:\Users\akila.samaranayake\.m2\repository\org\leadpony\justify\justify\1.1.0\justify-1.1.0.jar;C:\Users\akila.samaranayake\.m2\repository\jakarta\json\jakarta.json-api\1.1.5\jakarta.json-api-1.1.5.jar;C:\Users\akila.samaranayake\.m2\repository\com\ibm\icu\icu4j\64.2\icu4j-64.2.jar;C:\Users\akila.samaranayake\.m2\repository\org\glassfish\javax.json\1.1.3\javax.json-1.1.3.jar;C:\Users\akila.samaranayake\.m2\repository\javax\json\javax.json-api\1.1.3\javax.json-api-1.1.3.jar;C:\Users\akila.samaranayake\.m2\repository\org\cornutum\regexp\regexp-gen\2.0.1\regexp-gen-2.0.1.jar;C:\Users\akila.samaranayake\.m2\repository\org\cornutum\tcases\tcases-openapi-test\4.0.1\tcases-openapi-test-4.0.1.jar;C:\Users\akila.samaranayake\.m2\repository\org\openapi4j\openapi-schema-validator\1.0.7\openapi-schema-validator-1.0.7.jar;C:\Users\akila.samaranayake\.m2\repository\org\openapi4j\openapi-core\1.0.7\openapi-core-1.0.7.jar;C:\Users\akila.samaranayake\.m2\repository\io\swagger\parser\v3\swagger-parser\2.1.10\swagger-parser-2.1.10.jar;C:\Users\akila.samaranayake\.m2\repository\io\swagger\parser\v3\swagger-parser-v2-converter\2.1.10\swagger-parser-v2-converter-2.1.10.jar;C:\Users\akila.samaranayake\.m2\repository\io\swagger\swagger-core\1.6.9\swagger-core-1.6.9.jar;C:\Users\akila.samaranayake\.m2\repository\io\swagger\swagger-models\1.6.9\swagger-models-1.6.9.jar;C:\Users\akila.samaranayake\.m2\repository\io\swagger\swagger-annotations\1.6.9\swagger-annotations-1.6.9.jar;C:\Users\akila.samaranayake\.m2\repository\javax\validation\validation-api\1.1.0.Final\validation-api-1.1.0.Final.jar;C:\Users\akila.samaranayake\.m2\repository\io\swagger\swagger-parser\1.0.64\swagger-parser-1.0.64.jar;C:\Users\akila.samaranayake\.m2\repository\io\swagger\swagger-compat-spec-parser\1.0.64\swagger-compat-spec-parser-1.0.64.jar;C:\Users\akila.samaranayake\.m2\repository\com\github\java-json-tools\json-patch\1.13\json-patch-1.13.jar;C:\Users\akila.samaranayake\.m2\repository\io\swagger\core\v3\swagger-models\2.2.8\swagger-models-2.2.8.jar;C:\Users\akila.samaranayake\.m2\repository\io\swagger\parser\v3\swagger-parser-core\2.1.10\swagger-parser-core-2.1.10.jar;C:\Users\akila.samaranayake\.m2\repository\io\swagger\parser\v3\swagger-parser-v3\2.1.10\swagger-parser-v3-2.1.10.jar;C:\Users\akila.samaranayake\.m2\repository\io\swagger\core\v3\swagger-core\2.2.8\swagger-core-2.2.8.jar;C:\Users\akila.samaranayake\.m2\repository\com\fasterxml\jackson\datatype\jackson-datatype-jsr310\2.14.0\jackson-datatype-jsr310-2.14.0.jar;C:\Users\akila.samaranayake\.m2\repository\io\swagger\core\v3\swagger-annotations\2.2.8\swagger-annotations-2.2.8.jar;C:\Users\akila.samaranayake\.m2\repository\jakarta\validation\jakarta.validation-api\2.0.2\jakarta.validation-api-2.0.2.jar;C:\Users\akila.samaranayake\.m2\repository\com\fasterxml\jackson\dataformat\jackson-dataformat-yaml\2.14.0\jackson-dataformat-yaml-2.14.0.jar;C:\Users\akila.samaranayake\.m2\repository\org\cornutum\tcases\tcases-rest-assured\4.0.1\tcases-rest-assured-4.0.1.jar;C:\Users\akila.samaranayake\.m2\repository\org\cornutum\tcases\tcases-moco\4.0.1\tcases-moco-4.0.1.jar;C:\Users\akila.samaranayake\.m2\repository\com\github\ozlerhakan\poiji\4.0.0\poiji-4.0.0.jar;C:\Users\akila.samaranayake\.m2\repository\org\apache\poi\poi-ooxml\5.2.3\poi-ooxml-5.2.3.jar;C:\Users\akila.samaranayake\.m2\repository\org\apache\poi\poi\5.2.3\poi-5.2.3.jar;C:\Users\akila.samaranayake\.m2\repository\org\apache\commons\commons-math3\3.6.1\commons-math3-3.6.1.jar;C:\Users\akila.samaranayake\.m2\repository\com\zaxxer\SparseBitSet\1.2\SparseBitSet-1.2.jar;C:\Users\akila.samaranayake\.m2\repository\org\apache\poi\poi-ooxml-lite\5.2.3\poi-ooxml-lite-5.2.3.jar;C:\Users\akila.samaranayake\.m2\repository\org\apache\xmlbeans\xmlbeans\5.1.1\xmlbeans-5.1.1.jar;C:\Users\akila.samaranayake\.m2\repository\org\apache\commons\commons-compress\1.21\commons-compress-1.21.jar;C:\Users\akila.samaranayake\.m2\repository\commons-io\commons-io\2.11.0\commons-io-2.11.0.jar;C:\Users\akila.samaranayake\.m2\repository\com\github\virtuald\curvesapi\1.07\curvesapi-1.07.jar;C:\Users\akila.samaranayake\.m2\repository\org\apache\commons\commons-collections4\4.4\commons-collections4-4.4.jar;C:\Users\akila.samaranayake\.m2\repository\junit\junit\4.13.2\junit-4.13.2.jar;C:\Users\akila.samaranayake\.m2\repository\org\hamcrest\hamcrest-core\1.3\hamcrest-core-1.3.jar;"/>
    <property name="sun.cpu.endian" value="little"/>
    <property name="allure.results.directory" value="C:\Personal.work\my-repos\cloudmore\cloudmore-qa-automation\target/allure-results"/>
    <property name="user.home" value="C:\Users\akila.samaranayake"/>
    <property name="user.language" value="en"/>
    <property name="java.specification.vendor" value="Oracle Corporation"/>
    <property name="java.version.date" value="2020-10-20"/>
    <property name="java.home" value="C:\Program Files\AdoptOpenJDK\jdk-11.0.9.11-hotspot"/>
    <property name="file.separator" value="\"/>
    <property name="allure.link.tms.pattern" value="https://example.org/tms/{}"/>
    <property name="basedir" value="C:\Personal.work\my-repos\cloudmore\cloudmore-qa-automation"/>
    <property name="java.vm.compressedOopsMode" value="Zero based"/>
    <property name="line.separator" value="&#10;"/>
    <property name="java.specification.name" value="Java Platform API Specification"/>
    <property name="java.vm.specification.vendor" value="Oracle Corporation"/>
    <property name="java.awt.graphicsenv" value="sun.awt.Win32GraphicsEnvironment"/>
    <property name="user.script" value=""/>
    <property name="sun.management.compiler" value="HotSpot 64-Bit Tiered Compilers"/>
    <property name="cucumber.plugin" value="io.qameta.allure.cucumber6jvm.AllureCucumber6Jvm"/>
    <property name="java.runtime.version" value="11.0.9+11"/>
    <property name="user.name" value="akila.samaranayake"/>
    <property name="path.separator" value=";"/>
    <property name="os.version" value="10.0"/>
    <property name="java.runtime.name" value="OpenJDK Runtime Environment"/>
    <property name="file.encoding" value="Cp1252"/>
    <property name="java.vm.name" value="OpenJDK 64-Bit Server VM"/>
    <property name="java.vendor.version" value="AdoptOpenJDK"/>
    <property name="localRepository" value="C:\Users\akila.samaranayake\.m2\repository"/>
    <property name="java.vendor.url.bug" value="https://github.com/AdoptOpenJDK/openjdk-support/issues"/>
    <property name="java.io.tmpdir" value="C:\Users\AKILA~1.SAM\AppData\Local\Temp\"/>
    <property name="java.version" value="11.0.9"/>
    <property name="user.dir" value="C:\Personal.work\my-repos\cloudmore\cloudmore-qa-automation"/>
    <property name="os.arch" value="amd64"/>
    <property name="java.vm.specification.name" value="Java Virtual Machine Specification"/>
    <property name="java.awt.printerjob" value="sun.awt.windows.WPrinterJob"/>
    <property name="sun.os.patch.level" value=""/>
    <property name="java.library.path" value="C:\Program Files\AdoptOpenJDK\jdk-11.0.9.11-hotspot\bin;C:\Windows\Sun\Java\bin;C:\Windows\system32;C:\Windows;C:\Program Files\Git\cmd;C:\Users\akila.samaranayake\AppData\Roaming\nvm;C:\Program Files\nodejs;C:\Program Files\Docker\Docker\resources\bin;C:\Users\akila.samaranayake\AppData\Roaming\nvm\v18.12.1\node_modules\npm\bin;C:\Users\akila.samaranayake\AppData\Local\Programs\Python\Python311;C:\Program Files\PuTTY\;C:\Program Files\AdoptOpenJDK\jdk-11.0.9.11-hotspot\bin;C:\apache-maven-3.8.6\bin;C:\Users\akila.samaranayake\AppData\Roaming\npm;C:\Users\akila.samaranayake\AppData\Local\Programs\Microsoft VS Code\bin;C:\Users\akila.samaranayake\AppData\Roaming\nvm;C:\Program Files\nodejs;C:\Users\akila.samaranayake\AppData\Local\Programs\Python\Python311;;."/>
    <property name="java.vm.info" value="mixed mode"/>
    <property name="java.vendor" value="AdoptOpenJDK"/>
    <property name="java.vm.version" value="11.0.9+11"/>
    <property name="sun.io.unicode.encoding" value="UnicodeLittle"/>
    <property name="java.class.version" value="55.0"/>
  </properties>
  <testcase name="runScenario[&quot;Verify company logo and menu items are displayed on Home Page.&quot;, &quot;Optional[Company logo and menu items are displayed on next pages: Solutions, Integrations, Resources, Pricing, Company.]&quot;](1)" classname="com.cloudmore.runner.TestRunner" time="11.777">
    <system-out><![CDATA[
@ui @QuestionOne @assignment
Scenario: Verify company logo and menu items are displayed on Home Page.   &amp#27;[90m# src/test/resources/featureFiles/CompanyLogAndMenuItem.feature:8&amp#27;[0m
  &amp#27;[32mGiven &amp#27;[0m&amp#27;[32mUser direct to the Home Page&amp#27;[0m                                       &amp#27;[90m# com.cloudmore.testSteps.ui.HomePageTestSteps.userDirectToTheHomePage()&amp#27;[0m
  &amp#27;[32mAnd &amp#27;[0m&amp#27;[32mUser Accepts the Cookie Consent&amp#27;[0m                                      &amp#27;[90m# com.cloudmore.testSteps.ui.HomePageTestSteps.acceptTheCookies()&amp#27;[0m
  &amp#27;[32mThen &amp#27;[0m&amp#27;[32mVerify the HomePage availability&amp#27;[0m                                    &amp#27;[90m# com.cloudmore.testSteps.ui.HomePageTestSteps.verifying_home_page_is_available()&amp#27;[0m
  &amp#27;[32mAnd &amp#27;[0m&amp#27;[32mVerifying the Company logo is visible from the Home page&amp#27;[0m             &amp#27;[90m# com.cloudmore.testSteps.ui.HomePageTestSteps.verifyCompanyLogo()&amp#27;[0m
  &amp#27;[32mThen &amp#27;[0m&amp#27;[32mVerifying the &amp#27;[0m&amp#27;[32m&amp#27;[1m"Solutions"&amp#27;[0m&amp#27;[32m Menu link is visible from the Home page&amp#27;[0m   &amp#27;[90m# com.cloudmore.testSteps.ui.HomePageTestSteps.verifyMenuLinks(java.lang.String)&amp#27;[0m
  &amp#27;[32mAnd &amp#27;[0m&amp#27;[32mVerifying the &amp#27;[0m&amp#27;[32m&amp#27;[1m"Company"&amp#27;[0m&amp#27;[32m Menu link is visible from the Home page&amp#27;[0m      &amp#27;[90m# com.cloudmore.testSteps.ui.HomePageTestSteps.verifyMenuLinks(java.lang.String)&amp#27;[0m
  &amp#27;[32mAnd &amp#27;[0m&amp#27;[32mVerifying the &amp#27;[0m&amp#27;[32m&amp#27;[1m"Integrations"&amp#27;[0m&amp#27;[32m Menu link is visible from the Home page&amp#27;[0m &amp#27;[90m# com.cloudmore.testSteps.ui.HomePageTestSteps.verifyMenuLinks(java.lang.String)&amp#27;[0m
  &amp#27;[32mAnd &amp#27;[0m&amp#27;[32mVerifying the &amp#27;[0m&amp#27;[32m&amp#27;[1m"Resources"&amp#27;[0m&amp#27;[32m Menu link is visible from the Home page&amp#27;[0m    &amp#27;[90m# com.cloudmore.testSteps.ui.HomePageTestSteps.verifyMenuLinks(java.lang.String)&amp#27;[0m
  &amp#27;[32mAnd &amp#27;[0m&amp#27;[32mVerifying the &amp#27;[0m&amp#27;[32m&amp#27;[1m"Pricing"&amp#27;[0m&amp#27;[32m Menu link is visible from the Home page&amp#27;[0m      &amp#27;[90m# com.cloudmore.testSteps.ui.HomePageTestSteps.verifyMenuLinks(java.lang.String)&amp#27;[0m
>>>>>>>>> beforeScenario called [@ui, @QuestionOne, @assignment]
]]></system-out>
    <system-err><![CDATA[log4j:WARN No appenders could be found for logger (com.cloudmore.runner.TestRunner).
log4j:WARN Please initialize the log4j system properly.
log4j:WARN See http://logging.apache.org/log4j/1.2/faq.html#noconfig for more info.
Starting ChromeDriver 110.0.5481.77 (65ed616c6e8ee3fe0ad64fe83796c020644d42af-refs/branch-heads/5481@{#839}) on port 44240
Only local connections are allowed.
Please see https://chromedriver.chromium.org/security-considerations for suggestions on keeping ChromeDriver safe.
ChromeDriver was started successfully.
[1676886054.218][WARNING]: virtual void DevToolsClientImpl::AddListener(DevToolsEventListener *) subscribing a listener to the already connected DevToolsClient. Connection notification will not arrive.
Feb 20, 2023 3:10:54 PM org.openqa.selenium.devtools.CdpVersionFinder findNearestMatch
WARNING: Unable to find an exact match for CDP version 110, so returning the closest version found: 109
]]></system-err>
  </testcase>
  <testcase name="runScenario[&quot;Verify company logo and menu items are displayed on Solutions Page.&quot;, &quot;Optional[Company logo and menu items are displayed on next pages: Solutions, Integrations, Resources, Pricing, Company.]&quot;](2)" classname="com.cloudmore.runner.TestRunner" time="5.697">
    <system-out><![CDATA[
@ui @QuestionOne @assignment
Scenario: Verify company logo and menu items are displayed on Solutions Page.   &amp#27;[90m# src/test/resources/featureFiles/CompanyLogAndMenuItem.feature:19&amp#27;[0m
  &amp#27;[32mGiven &amp#27;[0m&amp#27;[32mUser direct to the Home Page&amp#27;[0m                                            &amp#27;[90m# com.cloudmore.testSteps.ui.HomePageTestSteps.userDirectToTheHomePage()&amp#27;[0m
  &amp#27;[32mWhen &amp#27;[0m&amp#27;[32mNavigate to &amp#27;[0m&amp#27;[32m&amp#27;[1m"Solutions"&amp#27;[0m&amp#27;[32m page from home Page&amp#27;[0m                              &amp#27;[90m# com.cloudmore.testSteps.ui.HomePageTestSteps.navigateToTheURL(java.lang.String)&amp#27;[0m
  &amp#27;[32mThen &amp#27;[0m&amp#27;[32mVerify the Solutions Page availability&amp#27;[0m                                   &amp#27;[90m# com.cloudmore.testSteps.ui.SolutionsPageTestSteps.verifying_solution_page_is_available()&amp#27;[0m
  &amp#27;[32mAnd &amp#27;[0m&amp#27;[32mVerifying the Company logo is visible from the Solutions page&amp#27;[0m             &amp#27;[90m# com.cloudmore.testSteps.ui.SolutionsPageTestSteps.verifyCompanyLogo()&amp#27;[0m
  &amp#27;[32mThen &amp#27;[0m&amp#27;[32mVerifying the &amp#27;[0m&amp#27;[32m&amp#27;[1m"Solutions"&amp#27;[0m&amp#27;[32m Menu link is visible from the Solutions page&amp#27;[0m   &amp#27;[90m# com.cloudmore.testSteps.ui.SolutionsPageTestSteps.verifyMenuLinks(java.lang.String)&amp#27;[0m
  &amp#27;[32mAnd &amp#27;[0m&amp#27;[32mVerifying the &amp#27;[0m&amp#27;[32m&amp#27;[1m"Company"&amp#27;[0m&amp#27;[32m Menu link is visible from the Solutions page&amp#27;[0m      &amp#27;[90m# com.cloudmore.testSteps.ui.SolutionsPageTestSteps.verifyMenuLinks(java.lang.String)&amp#27;[0m
  &amp#27;[32mAnd &amp#27;[0m&amp#27;[32mVerifying the &amp#27;[0m&amp#27;[32m&amp#27;[1m"Integrations"&amp#27;[0m&amp#27;[32m Menu link is visible from the Solutions page&amp#27;[0m &amp#27;[90m# com.cloudmore.testSteps.ui.SolutionsPageTestSteps.verifyMenuLinks(java.lang.String)&amp#27;[0m
  &amp#27;[32mAnd &amp#27;[0m&amp#27;[32mVerifying the &amp#27;[0m&amp#27;[32m&amp#27;[1m"Resources"&amp#27;[0m&amp#27;[32m Menu link is visible from the Solutions page&amp#27;[0m    &amp#27;[90m# com.cloudmore.testSteps.ui.SolutionsPageTestSteps.verifyMenuLinks(java.lang.String)&amp#27;[0m
  &amp#27;[32mAnd &amp#27;[0m&amp#27;[32mVerifying the &amp#27;[0m&amp#27;[32m&amp#27;[1m"Pricing"&amp#27;[0m&amp#27;[32m Menu link is visible from the Solutions page&amp#27;[0m      &amp#27;[90m# com.cloudmore.testSteps.ui.SolutionsPageTestSteps.verifyMenuLinks(java.lang.String)&amp#27;[0m
>>>>>>>>> beforeScenario called [@ui, @QuestionOne, @assignment]
]]></system-out>
  </testcase>
  <testcase name="runScenario[&quot;Verify company logo and menu items are displayed on Company Page.&quot;, &quot;Optional[Company logo and menu items are displayed on next pages: Solutions, Integrations, Resources, Pricing, Company.]&quot;](3)" classname="com.cloudmore.runner.TestRunner" time="4.112">
    <system-out><![CDATA[
@ui @QuestionOne @assignment
Scenario: Verify company logo and menu items are displayed on Company Page.   &amp#27;[90m# src/test/resources/featureFiles/CompanyLogAndMenuItem.feature:30&amp#27;[0m
  &amp#27;[32mGiven &amp#27;[0m&amp#27;[32mUser direct to the Home Page&amp#27;[0m                                          &amp#27;[90m# com.cloudmore.testSteps.ui.HomePageTestSteps.userDirectToTheHomePage()&amp#27;[0m
  &amp#27;[32mWhen &amp#27;[0m&amp#27;[32mNavigate to &amp#27;[0m&amp#27;[32m&amp#27;[1m"Company"&amp#27;[0m&amp#27;[32m page from home Page&amp#27;[0m                              &amp#27;[90m# com.cloudmore.testSteps.ui.HomePageTestSteps.navigateToTheURL(java.lang.String)&amp#27;[0m
  &amp#27;[32mThen &amp#27;[0m&amp#27;[32mVerify the Company Page availability&amp#27;[0m                                   &amp#27;[90m# com.cloudmore.testSteps.ui.CompanyPageTestSteps.verifying_solution_page_is_available()&amp#27;[0m
  &amp#27;[32mAnd &amp#27;[0m&amp#27;[32mVerifying the Company logo is visible from the Company page&amp#27;[0m             &amp#27;[90m# com.cloudmore.testSteps.ui.CompanyPageTestSteps.verifyCompanyLogo()&amp#27;[0m
  &amp#27;[32mThen &amp#27;[0m&amp#27;[32mVerifying the &amp#27;[0m&amp#27;[32m&amp#27;[1m"Solutions"&amp#27;[0m&amp#27;[32m Menu link is visible from the Company page&amp#27;[0m   &amp#27;[90m# com.cloudmore.testSteps.ui.CompanyPageTestSteps.verifyMenuLinks(java.lang.String)&amp#27;[0m
  &amp#27;[32mAnd &amp#27;[0m&amp#27;[32mVerifying the &amp#27;[0m&amp#27;[32m&amp#27;[1m"Company"&amp#27;[0m&amp#27;[32m Menu link is visible from the Company page&amp#27;[0m      &amp#27;[90m# com.cloudmore.testSteps.ui.CompanyPageTestSteps.verifyMenuLinks(java.lang.String)&amp#27;[0m
  &amp#27;[32mAnd &amp#27;[0m&amp#27;[32mVerifying the &amp#27;[0m&amp#27;[32m&amp#27;[1m"Integrations"&amp#27;[0m&amp#27;[32m Menu link is visible from the Company page&amp#27;[0m &amp#27;[90m# com.cloudmore.testSteps.ui.CompanyPageTestSteps.verifyMenuLinks(java.lang.String)&amp#27;[0m
  &amp#27;[32mAnd &amp#27;[0m&amp#27;[32mVerifying the &amp#27;[0m&amp#27;[32m&amp#27;[1m"Resources"&amp#27;[0m&amp#27;[32m Menu link is visible from the Company page&amp#27;[0m    &amp#27;[90m# com.cloudmore.testSteps.ui.CompanyPageTestSteps.verifyMenuLinks(java.lang.String)&amp#27;[0m
  &amp#27;[32mAnd &amp#27;[0m&amp#27;[32mVerifying the &amp#27;[0m&amp#27;[32m&amp#27;[1m"Pricing"&amp#27;[0m&amp#27;[32m Menu link is visible from the Company page&amp#27;[0m      &amp#27;[90m# com.cloudmore.testSteps.ui.CompanyPageTestSteps.verifyMenuLinks(java.lang.String)&amp#27;[0m
>>>>>>>>> beforeScenario called [@ui, @QuestionOne, @assignment]
]]></system-out>
  </testcase>
  <testcase name="runScenario[&quot;Verify company logo and menu items are displayed on Integrations Page.&quot;, &quot;Optional[Company logo and menu items are displayed on next pages: Solutions, Integrations, Resources, Pricing, Company.]&quot;](4)" classname="com.cloudmore.runner.TestRunner" time="4.74">
    <system-out><![CDATA[
@ui @QuestionOne @assignment
Scenario: Verify company logo and menu items are displayed on Integrations Page.   &amp#27;[90m# src/test/resources/featureFiles/CompanyLogAndMenuItem.feature:41&amp#27;[0m
  &amp#27;[32mGiven &amp#27;[0m&amp#27;[32mUser direct to the Home Page&amp#27;[0m                                               &amp#27;[90m# com.cloudmore.testSteps.ui.HomePageTestSteps.userDirectToTheHomePage()&amp#27;[0m
  &amp#27;[32mWhen &amp#27;[0m&amp#27;[32mNavigate to &amp#27;[0m&amp#27;[32m&amp#27;[1m"Integrations"&amp#27;[0m&amp#27;[32m page from home Page&amp#27;[0m                              &amp#27;[90m# com.cloudmore.testSteps.ui.HomePageTestSteps.navigateToTheURL(java.lang.String)&amp#27;[0m
  &amp#27;[32mThen &amp#27;[0m&amp#27;[32mVerify the Integrations Page availability&amp#27;[0m                                   &amp#27;[90m# com.cloudmore.testSteps.ui.IntegrationsPageTestSteps.verifying_solution_page_is_available()&amp#27;[0m
  &amp#27;[32mAnd &amp#27;[0m&amp#27;[32mVerifying the Company logo is visible from the Integrations page&amp#27;[0m             &amp#27;[90m# com.cloudmore.testSteps.ui.IntegrationsPageTestSteps.verifyCompanyLogo()&amp#27;[0m
  &amp#27;[32mThen &amp#27;[0m&amp#27;[32mVerifying the &amp#27;[0m&amp#27;[32m&amp#27;[1m"Solutions"&amp#27;[0m&amp#27;[32m Menu link is visible from the Integrations page&amp#27;[0m   &amp#27;[90m# com.cloudmore.testSteps.ui.IntegrationsPageTestSteps.verifyMenuLinks(java.lang.String)&amp#27;[0m
  &amp#27;[32mAnd &amp#27;[0m&amp#27;[32mVerifying the &amp#27;[0m&amp#27;[32m&amp#27;[1m"Company"&amp#27;[0m&amp#27;[32m Menu link is visible from the Integrations page&amp#27;[0m      &amp#27;[90m# com.cloudmore.testSteps.ui.IntegrationsPageTestSteps.verifyMenuLinks(java.lang.String)&amp#27;[0m
  &amp#27;[32mAnd &amp#27;[0m&amp#27;[32mVerifying the &amp#27;[0m&amp#27;[32m&amp#27;[1m"Integrations"&amp#27;[0m&amp#27;[32m Menu link is visible from the Integrations page&amp#27;[0m &amp#27;[90m# com.cloudmore.testSteps.ui.IntegrationsPageTestSteps.verifyMenuLinks(java.lang.String)&amp#27;[0m
  &amp#27;[32mAnd &amp#27;[0m&amp#27;[32mVerifying the &amp#27;[0m&amp#27;[32m&amp#27;[1m"Resources"&amp#27;[0m&amp#27;[32m Menu link is visible from the Integrations page&amp#27;[0m    &amp#27;[90m# com.cloudmore.testSteps.ui.IntegrationsPageTestSteps.verifyMenuLinks(java.lang.String)&amp#27;[0m
  &amp#27;[32mAnd &amp#27;[0m&amp#27;[32mVerifying the &amp#27;[0m&amp#27;[32m&amp#27;[1m"Pricing"&amp#27;[0m&amp#27;[32m Menu link is visible from the Integrations page&amp#27;[0m      &amp#27;[90m# com.cloudmore.testSteps.ui.IntegrationsPageTestSteps.verifyMenuLinks(java.lang.String)&amp#27;[0m
>>>>>>>>> beforeScenario called [@ui, @QuestionOne, @assignment]
]]></system-out>
  </testcase>
  <testcase name="runScenario[&quot;Verify company logo and menu items are displayed on Resources Page.&quot;, &quot;Optional[Company logo and menu items are displayed on next pages: Solutions, Integrations, Resources, Pricing, Company.]&quot;](5)" classname="com.cloudmore.runner.TestRunner" time="4.068">
    <system-out><![CDATA[
@ui @QuestionOne @assignment
Scenario: Verify company logo and menu items are displayed on Resources Page.   &amp#27;[90m# src/test/resources/featureFiles/CompanyLogAndMenuItem.feature:52&amp#27;[0m
  &amp#27;[32mGiven &amp#27;[0m&amp#27;[32mUser direct to the Home Page&amp#27;[0m                                            &amp#27;[90m# com.cloudmore.testSteps.ui.HomePageTestSteps.userDirectToTheHomePage()&amp#27;[0m
  &amp#27;[32mWhen &amp#27;[0m&amp#27;[32mNavigate to &amp#27;[0m&amp#27;[32m&amp#27;[1m"Resources"&amp#27;[0m&amp#27;[32m page from home Page&amp#27;[0m                              &amp#27;[90m# com.cloudmore.testSteps.ui.HomePageTestSteps.navigateToTheURL(java.lang.String)&amp#27;[0m
  &amp#27;[32mThen &amp#27;[0m&amp#27;[32mVerify the Resources Page availability&amp#27;[0m                                   &amp#27;[90m# com.cloudmore.testSteps.ui.ResourcesPageTestSteps.verifying_solution_page_is_available()&amp#27;[0m
  &amp#27;[32mAnd &amp#27;[0m&amp#27;[32mVerifying the Company logo is visible from the Resources page&amp#27;[0m             &amp#27;[90m# com.cloudmore.testSteps.ui.ResourcesPageTestSteps.verifyCompanyLogo()&amp#27;[0m
  &amp#27;[32mThen &amp#27;[0m&amp#27;[32mVerifying the &amp#27;[0m&amp#27;[32m&amp#27;[1m"Solutions"&amp#27;[0m&amp#27;[32m Menu link is visible from the Resources page&amp#27;[0m   &amp#27;[90m# com.cloudmore.testSteps.ui.ResourcesPageTestSteps.verifyMenuLinks(java.lang.String)&amp#27;[0m
  &amp#27;[32mAnd &amp#27;[0m&amp#27;[32mVerifying the &amp#27;[0m&amp#27;[32m&amp#27;[1m"Company"&amp#27;[0m&amp#27;[32m Menu link is visible from the Resources page&amp#27;[0m      &amp#27;[90m# com.cloudmore.testSteps.ui.ResourcesPageTestSteps.verifyMenuLinks(java.lang.String)&amp#27;[0m
  &amp#27;[32mAnd &amp#27;[0m&amp#27;[32mVerifying the &amp#27;[0m&amp#27;[32m&amp#27;[1m"Integrations"&amp#27;[0m&amp#27;[32m Menu link is visible from the Resources page&amp#27;[0m &amp#27;[90m# com.cloudmore.testSteps.ui.ResourcesPageTestSteps.verifyMenuLinks(java.lang.String)&amp#27;[0m
  &amp#27;[32mAnd &amp#27;[0m&amp#27;[32mVerifying the &amp#27;[0m&amp#27;[32m&amp#27;[1m"Resources"&amp#27;[0m&amp#27;[32m Menu link is visible from the Resources page&amp#27;[0m    &amp#27;[90m# com.cloudmore.testSteps.ui.ResourcesPageTestSteps.verifyMenuLinks(java.lang.String)&amp#27;[0m
  &amp#27;[32mAnd &amp#27;[0m&amp#27;[32mVerifying the &amp#27;[0m&amp#27;[32m&amp#27;[1m"Pricing"&amp#27;[0m&amp#27;[32m Menu link is visible from the Resources page&amp#27;[0m      &amp#27;[90m# com.cloudmore.testSteps.ui.ResourcesPageTestSteps.verifyMenuLinks(java.lang.String)&amp#27;[0m
>>>>>>>>> beforeScenario called [@ui, @QuestionOne, @assignment]
]]></system-out>
  </testcase>
  <testcase name="runScenario[&quot;Verify company logo and menu items are displayed on Pricing Page.&quot;, &quot;Optional[Company logo and menu items are displayed on next pages: Solutions, Integrations, Resources, Pricing, Company.]&quot;](6)" classname="com.cloudmore.runner.TestRunner" time="6.455">
    <system-out><![CDATA[
@ui @QuestionOne @assignment
Scenario: Verify company logo and menu items are displayed on Pricing Page.   &amp#27;[90m# src/test/resources/featureFiles/CompanyLogAndMenuItem.feature:63&amp#27;[0m
  &amp#27;[32mGiven &amp#27;[0m&amp#27;[32mUser direct to the Home Page&amp#27;[0m                                          &amp#27;[90m# com.cloudmore.testSteps.ui.HomePageTestSteps.userDirectToTheHomePage()&amp#27;[0m
  &amp#27;[32mWhen &amp#27;[0m&amp#27;[32mNavigate to &amp#27;[0m&amp#27;[32m&amp#27;[1m"Pricing"&amp#27;[0m&amp#27;[32m page from home Page&amp#27;[0m                              &amp#27;[90m# com.cloudmore.testSteps.ui.HomePageTestSteps.navigateToTheURL(java.lang.String)&amp#27;[0m
  &amp#27;[32mThen &amp#27;[0m&amp#27;[32mVerify the Pricing Page availability&amp#27;[0m                                   &amp#27;[90m# com.cloudmore.testSteps.ui.PricingPageTestSteps.verifying_solution_page_is_available()&amp#27;[0m
  &amp#27;[32mAnd &amp#27;[0m&amp#27;[32mVerifying the Company logo is visible from the Pricing page&amp#27;[0m             &amp#27;[90m# com.cloudmore.testSteps.ui.PricingPageTestSteps.verifyCompanyLogo()&amp#27;[0m
  &amp#27;[32mThen &amp#27;[0m&amp#27;[32mVerifying the &amp#27;[0m&amp#27;[32m&amp#27;[1m"Solutions"&amp#27;[0m&amp#27;[32m Menu link is visible from the Pricing page&amp#27;[0m   &amp#27;[90m# com.cloudmore.testSteps.ui.PricingPageTestSteps.verifyMenuLinks(java.lang.String)&amp#27;[0m
  &amp#27;[32mAnd &amp#27;[0m&amp#27;[32mVerifying the &amp#27;[0m&amp#27;[32m&amp#27;[1m"Company"&amp#27;[0m&amp#27;[32m Menu link is visible from the Pricing page&amp#27;[0m      &amp#27;[90m# com.cloudmore.testSteps.ui.PricingPageTestSteps.verifyMenuLinks(java.lang.String)&amp#27;[0m
  &amp#27;[32mAnd &amp#27;[0m&amp#27;[32mVerifying the &amp#27;[0m&amp#27;[32m&amp#27;[1m"Integrations"&amp#27;[0m&amp#27;[32m Menu link is visible from the Pricing page&amp#27;[0m &amp#27;[90m# com.cloudmore.testSteps.ui.PricingPageTestSteps.verifyMenuLinks(java.lang.String)&amp#27;[0m
  &amp#27;[32mAnd &amp#27;[0m&amp#27;[32mVerifying the &amp#27;[0m&amp#27;[32m&amp#27;[1m"Resources"&amp#27;[0m&amp#27;[32m Menu link is visible from the Pricing page&amp#27;[0m    &amp#27;[90m# com.cloudmore.testSteps.ui.PricingPageTestSteps.verifyMenuLinks(java.lang.String)&amp#27;[0m
  &amp#27;[32mAnd &amp#27;[0m&amp#27;[32mVerifying the &amp#27;[0m&amp#27;[32m&amp#27;[1m"Pricing"&amp#27;[0m&amp#27;[32m Menu link is visible from the Pricing page&amp#27;[0m      &amp#27;[90m# com.cloudmore.testSteps.ui.PricingPageTestSteps.verifyMenuLinks(java.lang.String)&amp#27;[0m
>>>>>>>>> beforeScenario called [@ui, @QuestionOne, @assignment]
]]></system-out>
  </testcase>
  <testcase name="runScenario[&quot;Verify Search Results have more than 3 items in the list&quot;, &quot;Optional[Test Search Page page for mobile and desktop size screens with number of items in the list]&quot;](7)" classname="com.cloudmore.runner.TestRunner" time="7.337">
    <system-out><![CDATA[
@ui @QuestionTwo @assignment
Scenario Outline: Verify Search Results have more than 3 items in the list &amp#27;[90m# src/test/resources/featureFiles/Search.feature:25&amp#27;[0m
  &amp#27;[32mGiven &amp#27;[0m&amp#27;[32mUser direct to the Home Page&amp#27;[0m                                       &amp#27;[90m# com.cloudmore.testSteps.ui.HomePageTestSteps.userDirectToTheHomePage()&amp#27;[0m
  &amp#27;[32mThen &amp#27;[0m&amp#27;[32mVerify the HomePage availability&amp#27;[0m                                    &amp#27;[90m# com.cloudmore.testSteps.ui.HomePageTestSteps.verifying_home_page_is_available()&amp#27;[0m
  &amp#27;[32mAnd &amp#27;[0m&amp#27;[32mUser Accepts the Cookie Consent&amp#27;[0m                                      &amp#27;[90m# com.cloudmore.testSteps.ui.HomePageTestSteps.acceptTheCookies()&amp#27;[0m
  &amp#27;[32mWhen &amp#27;[0m&amp#27;[32mNavigate to &amp#27;[0m&amp#27;[32m&amp#27;[1m"Search"&amp#27;[0m&amp#27;[32m page from home Page&amp#27;[0m                            &amp#27;[90m# com.cloudmore.testSteps.ui.HomePageTestSteps.navigateToTheURL(java.lang.String)&amp#27;[0m
  &amp#27;[32mThen &amp#27;[0m&amp#27;[32mVerify the Search Page availability&amp#27;[0m                                 &amp#27;[90m# com.cloudmore.testSteps.ui.SearchPageTestSteps.verifying_home_page_is_available()&amp#27;[0m
  &amp#27;[32mWhen &amp#27;[0m&amp#27;[32mUser set the Web Page resolution into &amp#27;[0m&amp#27;[32m&amp#27;[1m"DESKTOP"&amp#27;[0m&amp#27;[32m size&amp#27;[0m                &amp#27;[90m# com.cloudmore.testSteps.CommonSteps.userSetWindwSize(java.lang.String)&amp#27;[0m
  &amp#27;[32mWhen &amp#27;[0m&amp#27;[32mUser entered &amp#27;[0m&amp#27;[32m&amp#27;[1m"Azure"&amp#27;[0m&amp#27;[32m as search keyword on the search text field&amp#27;[0m     &amp#27;[90m# com.cloudmore.testSteps.ui.SearchPageTestSteps.user_entered_on_search_text_field(java.lang.String)&amp#27;[0m
  &amp#27;[32mAnd &amp#27;[0m&amp#27;[32mUser click the search button&amp#27;[0m                                         &amp#27;[90m# com.cloudmore.testSteps.ui.SearchPageTestSteps.click_the_search_button()&amp#27;[0m
  &amp#27;[32mThen &amp#27;[0m&amp#27;[32mVerify that the search results page is available&amp#27;[0m                    &amp#27;[90m# com.cloudmore.testSteps.ui.SearchPageTestSteps.verify_searchResults_page_loaded()&amp#27;[0m
  &amp#27;[32mAnd &amp#27;[0m&amp#27;[32mVerifying the Search Page URL After searching &amp#27;[0m&amp#27;[32m&amp#27;[1m"Azure"&amp#27;[0m                &amp#27;[90m# com.cloudmore.testSteps.ui.SearchPageTestSteps.verify_search_page_URL(java.lang.String)&amp#27;[0m
  &amp#27;[32mAnd &amp#27;[0m&amp#27;[32mVerifying the Search Page Title After searching &amp#27;[0m&amp#27;[32m&amp#27;[1m"Azure"&amp#27;[0m              &amp#27;[90m# com.cloudmore.testSteps.ui.SearchPageTestSteps.verify_search_page_title(java.lang.String)&amp#27;[0m

    Embedding Verify Search Results have more than 3 items in the list [image/png 135355 bytes]

  &amp#27;[32mAnd &amp#27;[0m&amp#27;[32mTake a screenshot&amp#27;[0m                                                    &amp#27;[90m# com.cloudmore.testSteps.CommonSteps.userTakeScreenshot()&amp#27;[0m
  &amp#27;[32mThen &amp#27;[0m&amp#27;[32mValidate search results have less than &amp#27;[0m&amp#27;[32m&amp#27;[1m3&amp#27;[0m&amp#27;[32m items&amp#27;[0m                      &amp#27;[90m# com.cloudmore.testSteps.ui.SearchPageTestSteps.verify_results_set(int)&amp#27;[0m
>>>>>>>>> beforeScenario called [@ui, @QuestionTwo, @assignment]
]]></system-out>
  </testcase>
  <testcase name="runScenario[&quot;Verify Search Results have more than 3 items in the list&quot;, &quot;Optional[Test Search Page page for mobile and desktop size screens with number of items in the list]&quot;](8)" classname="com.cloudmore.runner.TestRunner" time="6.165">
    <system-out><![CDATA[
@ui @QuestionTwo @assignment
Scenario Outline: Verify Search Results have more than 3 items in the list &amp#27;[90m# src/test/resources/featureFiles/Search.feature:26&amp#27;[0m
  &amp#27;[32mGiven &amp#27;[0m&amp#27;[32mUser direct to the Home Page&amp#27;[0m                                       &amp#27;[90m# com.cloudmore.testSteps.ui.HomePageTestSteps.userDirectToTheHomePage()&amp#27;[0m
  &amp#27;[32mThen &amp#27;[0m&amp#27;[32mVerify the HomePage availability&amp#27;[0m                                    &amp#27;[90m# com.cloudmore.testSteps.ui.HomePageTestSteps.verifying_home_page_is_available()&amp#27;[0m
  &amp#27;[32mAnd &amp#27;[0m&amp#27;[32mUser Accepts the Cookie Consent&amp#27;[0m                                      &amp#27;[90m# com.cloudmore.testSteps.ui.HomePageTestSteps.acceptTheCookies()&amp#27;[0m
  &amp#27;[32mWhen &amp#27;[0m&amp#27;[32mNavigate to &amp#27;[0m&amp#27;[32m&amp#27;[1m"Search"&amp#27;[0m&amp#27;[32m page from home Page&amp#27;[0m                            &amp#27;[90m# com.cloudmore.testSteps.ui.HomePageTestSteps.navigateToTheURL(java.lang.String)&amp#27;[0m
  &amp#27;[32mThen &amp#27;[0m&amp#27;[32mVerify the Search Page availability&amp#27;[0m                                 &amp#27;[90m# com.cloudmore.testSteps.ui.SearchPageTestSteps.verifying_home_page_is_available()&amp#27;[0m
  &amp#27;[32mWhen &amp#27;[0m&amp#27;[32mUser set the Web Page resolution into &amp#27;[0m&amp#27;[32m&amp#27;[1m"MOBILE"&amp#27;[0m&amp#27;[32m size&amp#27;[0m                 &amp#27;[90m# com.cloudmore.testSteps.CommonSteps.userSetWindwSize(java.lang.String)&amp#27;[0m
  &amp#27;[32mWhen &amp#27;[0m&amp#27;[32mUser entered &amp#27;[0m&amp#27;[32m&amp#27;[1m"Azure"&amp#27;[0m&amp#27;[32m as search keyword on the search text field&amp#27;[0m     &amp#27;[90m# com.cloudmore.testSteps.ui.SearchPageTestSteps.user_entered_on_search_text_field(java.lang.String)&amp#27;[0m
  &amp#27;[32mAnd &amp#27;[0m&amp#27;[32mUser click the search button&amp#27;[0m                                         &amp#27;[90m# com.cloudmore.testSteps.ui.SearchPageTestSteps.click_the_search_button()&amp#27;[0m
  &amp#27;[32mThen &amp#27;[0m&amp#27;[32mVerify that the search results page is available&amp#27;[0m                    &amp#27;[90m# com.cloudmore.testSteps.ui.SearchPageTestSteps.verify_searchResults_page_loaded()&amp#27;[0m
  &amp#27;[32mAnd &amp#27;[0m&amp#27;[32mVerifying the Search Page URL After searching &amp#27;[0m&amp#27;[32m&amp#27;[1m"Azure"&amp#27;[0m                &amp#27;[90m# com.cloudmore.testSteps.ui.SearchPageTestSteps.verify_search_page_URL(java.lang.String)&amp#27;[0m
  &amp#27;[32mAnd &amp#27;[0m&amp#27;[32mVerifying the Search Page Title After searching &amp#27;[0m&amp#27;[32m&amp#27;[1m"Azure"&amp#27;[0m              &amp#27;[90m# com.cloudmore.testSteps.ui.SearchPageTestSteps.verify_search_page_title(java.lang.String)&amp#27;[0m

    Embedding Verify Search Results have more than 3 items in the list [image/png 84695 bytes]

  &amp#27;[32mAnd &amp#27;[0m&amp#27;[32mTake a screenshot&amp#27;[0m                                                    &amp#27;[90m# com.cloudmore.testSteps.CommonSteps.userTakeScreenshot()&amp#27;[0m
  &amp#27;[32mThen &amp#27;[0m&amp#27;[32mValidate search results have less than &amp#27;[0m&amp#27;[32m&amp#27;[1m3&amp#27;[0m&amp#27;[32m items&amp#27;[0m                      &amp#27;[90m# com.cloudmore.testSteps.ui.SearchPageTestSteps.verify_results_set(int)&amp#27;[0m
>>>>>>>>> beforeScenario called [@ui, @QuestionTwo, @assignment]
]]></system-out>
  </testcase>
  <testcase name="runScenario[&quot;Verifying the CREATE USER API postUser_valid_BodyDefined_Is_Yes&quot;, &quot;Optional[Verify The CREATE , UPDATE, GET, DELETE APIs of User Service]&quot;](9)" classname="com.cloudmore.runner.TestRunner" time="7.233">
    <system-out><![CDATA[
@API @QuestionThree @assignment @createUserAPI
Scenario Outline: Verifying the CREATE USER API postUser_valid_BodyDefined_Is_Yes                                  &amp#27;[90m# src/test/resources/featureFiles/UserServiceAPI.feature:15&amp#27;[0m
>>>>>>>>> beforeScenario called [@API, @QuestionThree, @assignment, @createUserAPI]
Request method:	POST
Request URI:	https://petstore.swagger.io/v2/user
Proxy:			<none>
Request params:	<none>
Query params:	<none>
Form params:	<none>
Path params:	<none>
Headers:		accept=application/json
				Content-Type=application/json
Cookies:		<none>
Multiparts:		<none>
Body:
{
    "id": 122,
    "username": "AkilaTEST",
    "firstName": "Dhanushaka",
    "lastName": "Samaranayake",
    "email": "akila@email.com",
    "password": "testPassword",
    "phone": "+94717147499",
    "userStatus": 1
}
HTTP/1.1 200 OK
Date: Mon, 20 Feb 2023 09:41:52 GMT
Content-Type: application/json
Transfer-Encoding: chunked
Connection: keep-alive
Access-Control-Allow-Origin: *
Access-Control-Allow-Methods: GET, POST, DELETE, PUT
Access-Control-Allow-Headers: Content-Type, api_key, Authorization
Server: Jetty(9.2.9.v20150224)

{
    "code": 200,
    "type": "unknown",
    "message": "122"
}
  &amp#27;[32mGiven &amp#27;[0m&amp#27;[32mUser Invoke the &amp#27;[0m&amp#27;[32m&amp#27;[1m"CREATE"&amp#27;[0m&amp#27;[32m User API service to execute the &amp#27;[0m&amp#27;[32m&amp#27;[1m"postUser_valid_BodyDefined_Is_Yes"&amp#27;[0m&amp#27;[32m test scenario&amp#27;[0m &amp#27;[90m# com.cloudmore.testSteps.api.UserServiceSteps.get_user_api_service_called(java.lang.String,java.lang.String)&amp#27;[0m
  &amp#27;[32mThen &amp#27;[0m&amp#27;[32mValidate the Response Status Code&amp#27;[0m                                                                           &amp#27;[90m# com.cloudmore.testSteps.api.UserServiceSteps.validateResponseStatusCode()&amp#27;[0m
  &amp#27;[32mThen &amp#27;[0m&amp#27;[32mValidate the response json schema&amp#27;[0m                                                                           &amp#27;[90m# com.cloudmore.testSteps.api.UserServiceSteps.validate_json_schema()&amp#27;[0m
  &amp#27;[32mAnd &amp#27;[0m&amp#27;[32mValidate the Response Body&amp#27;[0m                                                                                   &amp#27;[90m# com.cloudmore.testSteps.api.UserServiceSteps.validateResponseBody()&amp#27;[0m
>>>>>>>>> beforeScenario called [@API, @QuestionThree, @assignment, @createUserAPI]
]]></system-out>
  </testcase>
  <testcase name="runScenario[&quot;Verifying the CREATE USER API postUser_BodyDefined_Is_No&quot;, &quot;Optional[Verify The CREATE , UPDATE, GET, DELETE APIs of User Service]&quot;](10)" classname="com.cloudmore.runner.TestRunner" time="0">
    <skipped message="Expected status code is not match with actual status code expected [400] but found [405]"/>
    <system-out><![CDATA[
@API @QuestionThree @assignment @createUserAPI
Scenario Outline: Verifying the CREATE USER API postUser_BodyDefined_Is_No                                  &amp#27;[90m# src/test/resources/featureFiles/UserServiceAPI.feature:16&amp#27;[0m
>>>>>>>>> beforeScenario called [@API, @QuestionThree, @assignment, @createUserAPI]
Request method:	POST
Request URI:	https://petstore.swagger.io/v2/user
Proxy:			<none>
Request params:	<none>
Query params:	<none>
Form params:	<none>
Path params:	<none>
Headers:		accept=application/json
				Content-Type=application/json
Cookies:		<none>
Multiparts:		<none>
Body:			<none>
HTTP/1.1 405 Method Not Allowed
Date: Mon, 20 Feb 2023 09:41:54 GMT
Content-Type: application/json
Transfer-Encoding: chunked
Connection: keep-alive
Access-Control-Allow-Origin: *
Access-Control-Allow-Methods: GET, POST, DELETE, PUT
Access-Control-Allow-Headers: Content-Type, api_key, Authorization
Server: Jetty(9.2.9.v20150224)

{
    "code": 405,
    "type": "unknown",
    "message": "no data"
}
  &amp#27;[32mGiven &amp#27;[0m&amp#27;[32mUser Invoke the &amp#27;[0m&amp#27;[32m&amp#27;[1m"CREATE"&amp#27;[0m&amp#27;[32m User API service to execute the &amp#27;[0m&amp#27;[32m&amp#27;[1m"postUser_BodyDefined_Is_No"&amp#27;[0m&amp#27;[32m test scenario&amp#27;[0m &amp#27;[90m# com.cloudmore.testSteps.api.UserServiceSteps.get_user_api_service_called(java.lang.String,java.lang.String)&amp#27;[0m
  &amp#27;[31mThen &amp#27;[0m&amp#27;[31mValidate the Response Status Code&amp#27;[0m                                                                    &amp#27;[90m# com.cloudmore.testSteps.api.UserServiceSteps.validateResponseStatusCode()&amp#27;[0m
      &amp#27;[31mjava.lang.AssertionError: Expected status code is not match with actual status code expected [400] but found [405]
	at org.testng.Assert.fail(Assert.java:99)
	at org.testng.Assert.failNotEquals(Assert.java:1037)
	at org.testng.Assert.assertEqualsImpl(Assert.java:140)
	at org.testng.Assert.assertEquals(Assert.java:122)
	at org.testng.Assert.assertEquals(Assert.java:907)
	at com.cloudmore.testSteps.api.UserServiceSteps.validateResponseStatusCode(UserServiceSteps.java:71)
	at âœ½.Validate the Response Status Code(file:///C:/Personal.work/my-repos/cloudmore/cloudmore-qa-automation/src/test/resources/featureFiles/UserServiceAPI.feature:10)
&amp#27;[0m
  &amp#27;[36mThen &amp#27;[0m&amp#27;[36mValidate the response json schema&amp#27;[0m                                                                    &amp#27;[90m# com.cloudmore.testSteps.api.UserServiceSteps.validate_json_schema()&amp#27;[0m
  &amp#27;[36mAnd &amp#27;[0m&amp#27;[36mValidate the Response Body&amp#27;[0m                                                                            &amp#27;[90m# com.cloudmore.testSteps.api.UserServiceSteps.validateResponseBody()&amp#27;[0m
>>>>>>>>> beforeScenario called [@API, @QuestionThree, @assignment, @createUserAPI]
]]></system-out>
  </testcase>
  <testcase name="runScenario[&quot;Verifying the CREATE USER API postUser_BodyDefined_Is_No&quot;, &quot;Optional[Verify The CREATE , UPDATE, GET, DELETE APIs of User Service]&quot;](11)" classname="com.cloudmore.runner.TestRunner" time="1.636">
    <failure message="Expected status code is not match with actual status code expected [400] but found [405]" type="java.lang.AssertionError"><![CDATA[java.lang.AssertionError: Expected status code is not match with actual status code expected [400] but found [405]
]]></failure>
    <system-out><![CDATA[
@API @QuestionThree @assignment @createUserAPI
Scenario Outline: Verifying the CREATE USER API postUser_BodyDefined_Is_No                                  &amp#27;[90m# src/test/resources/featureFiles/UserServiceAPI.feature:16&amp#27;[0m
>>>>>>>>> beforeScenario called [@API, @QuestionThree, @assignment, @createUserAPI]
Request method:	POST
Request URI:	https://petstore.swagger.io/v2/user
Proxy:			<none>
Request params:	<none>
Query params:	<none>
Form params:	<none>
Path params:	<none>
Headers:		accept=application/json
				Content-Type=application/json
Cookies:		<none>
Multiparts:		<none>
Body:			<none>
HTTP/1.1 405 Method Not Allowed
Date: Mon, 20 Feb 2023 09:41:55 GMT
Content-Type: application/json
Transfer-Encoding: chunked
Connection: keep-alive
Access-Control-Allow-Origin: *
Access-Control-Allow-Methods: GET, POST, DELETE, PUT
Access-Control-Allow-Headers: Content-Type, api_key, Authorization
Server: Jetty(9.2.9.v20150224)

{
    "code": 405,
    "type": "unknown",
    "message": "no data"
}
  &amp#27;[32mGiven &amp#27;[0m&amp#27;[32mUser Invoke the &amp#27;[0m&amp#27;[32m&amp#27;[1m"CREATE"&amp#27;[0m&amp#27;[32m User API service to execute the &amp#27;[0m&amp#27;[32m&amp#27;[1m"postUser_BodyDefined_Is_No"&amp#27;[0m&amp#27;[32m test scenario&amp#27;[0m &amp#27;[90m# com.cloudmore.testSteps.api.UserServiceSteps.get_user_api_service_called(java.lang.String,java.lang.String)&amp#27;[0m
  &amp#27;[31mThen &amp#27;[0m&amp#27;[31mValidate the Response Status Code&amp#27;[0m                                                                    &amp#27;[90m# com.cloudmore.testSteps.api.UserServiceSteps.validateResponseStatusCode()&amp#27;[0m
      &amp#27;[31mjava.lang.AssertionError: Expected status code is not match with actual status code expected [400] but found [405]
	at org.testng.Assert.fail(Assert.java:99)
	at org.testng.Assert.failNotEquals(Assert.java:1037)
	at org.testng.Assert.assertEqualsImpl(Assert.java:140)
	at org.testng.Assert.assertEquals(Assert.java:122)
	at org.testng.Assert.assertEquals(Assert.java:907)
	at com.cloudmore.testSteps.api.UserServiceSteps.validateResponseStatusCode(UserServiceSteps.java:71)
	at âœ½.Validate the Response Status Code(file:///C:/Personal.work/my-repos/cloudmore/cloudmore-qa-automation/src/test/resources/featureFiles/UserServiceAPI.feature:10)
&amp#27;[0m
  &amp#27;[36mThen &amp#27;[0m&amp#27;[36mValidate the response json schema&amp#27;[0m                                                                    &amp#27;[90m# com.cloudmore.testSteps.api.UserServiceSteps.validate_json_schema()&amp#27;[0m
  &amp#27;[36mAnd &amp#27;[0m&amp#27;[36mValidate the Response Body&amp#27;[0m                                                                            &amp#27;[90m# com.cloudmore.testSteps.api.UserServiceSteps.validateResponseBody()&amp#27;[0m
>>>>>>>>> beforeScenario called [@API, @QuestionThree, @assignment, @createUserAPI]
]]></system-out>
  </testcase>
  <testcase name="runScenario[&quot;Verifying the CREATE USER API postUser_BodyApplicationJsonType_Is_NotObject&quot;, &quot;Optional[Verify The CREATE , UPDATE, GET, DELETE APIs of User Service]&quot;](12)" classname="com.cloudmore.runner.TestRunner" time="1.599">
    <system-out><![CDATA[
@API @QuestionThree @assignment @createUserAPI
Scenario Outline: Verifying the CREATE USER API postUser_BodyApplicationJsonType_Is_NotObject                                  &amp#27;[90m# src/test/resources/featureFiles/UserServiceAPI.feature:17&amp#27;[0m
>>>>>>>>> beforeScenario called [@API, @QuestionThree, @assignment, @createUserAPI]
Request method:	POST
Request URI:	https://petstore.swagger.io/v2/user
Proxy:			<none>
Request params:	<none>
Query params:	<none>
Form params:	<none>
Path params:	<none>
Headers:		accept=application/json
				Content-Type=application/json
Cookies:		<none>
Multiparts:		<none>
Body:
test
HTTP/1.1 400 Bad Request
Date: Mon, 20 Feb 2023 09:41:57 GMT
Content-Type: application/json
Transfer-Encoding: chunked
Connection: keep-alive
Access-Control-Allow-Origin: *
Access-Control-Allow-Methods: GET, POST, DELETE, PUT
Access-Control-Allow-Headers: Content-Type, api_key, Authorization
Server: Jetty(9.2.9.v20150224)

{
    "code": 400,
    "type": "unknown",
    "message": "bad input"
}
  &amp#27;[32mGiven &amp#27;[0m&amp#27;[32mUser Invoke the &amp#27;[0m&amp#27;[32m&amp#27;[1m"CREATE"&amp#27;[0m&amp#27;[32m User API service to execute the &amp#27;[0m&amp#27;[32m&amp#27;[1m"postUser_BodyApplicationJsonType_Is_NotObject"&amp#27;[0m&amp#27;[32m test scenario&amp#27;[0m &amp#27;[90m# com.cloudmore.testSteps.api.UserServiceSteps.get_user_api_service_called(java.lang.String,java.lang.String)&amp#27;[0m
  &amp#27;[32mThen &amp#27;[0m&amp#27;[32mValidate the Response Status Code&amp#27;[0m                                                                                       &amp#27;[90m# com.cloudmore.testSteps.api.UserServiceSteps.validateResponseStatusCode()&amp#27;[0m
  &amp#27;[32mThen &amp#27;[0m&amp#27;[32mValidate the response json schema&amp#27;[0m                                                                                       &amp#27;[90m# com.cloudmore.testSteps.api.UserServiceSteps.validate_json_schema()&amp#27;[0m
  &amp#27;[32mAnd &amp#27;[0m&amp#27;[32mValidate the Response Body&amp#27;[0m                                                                                               &amp#27;[90m# com.cloudmore.testSteps.api.UserServiceSteps.validateResponseBody()&amp#27;[0m
>>>>>>>>> beforeScenario called [@API, @QuestionThree, @assignment, @createUserAPI]
]]></system-out>
  </testcase>
  <testcase name="runScenario[&quot;Verifying the CREATE USER API postUser_BodyApplicationJsonValueProperties_Are_Null&quot;, &quot;Optional[Verify The CREATE , UPDATE, GET, DELETE APIs of User Service]&quot;](13)" classname="com.cloudmore.runner.TestRunner" time="0">
    <skipped message="Expected status code is not match with actual status code expected [400] but found [200]"/>
    <system-out><![CDATA[
@API @QuestionThree @assignment @createUserAPI
Scenario Outline: Verifying the CREATE USER API postUser_BodyApplicationJsonValueProperties_Are_Null                                  &amp#27;[90m# src/test/resources/featureFiles/UserServiceAPI.feature:18&amp#27;[0m
>>>>>>>>> beforeScenario called [@API, @QuestionThree, @assignment, @createUserAPI]
Request method:	POST
Request URI:	https://petstore.swagger.io/v2/user
Proxy:			<none>
Request params:	<none>
Query params:	<none>
Form params:	<none>
Path params:	<none>
Headers:		accept=application/json
				Content-Type=application/json
Cookies:		<none>
Multiparts:		<none>
Body:
{
    "id": 0,
    "username": null,
    "firstName": null,
    "lastName": null,
    "email": null,
    "password": null,
    "phone": null,
    "userStatus": 0
}
HTTP/1.1 200 OK
Date: Mon, 20 Feb 2023 09:41:59 GMT
Content-Type: application/json
Transfer-Encoding: chunked
Connection: keep-alive
Access-Control-Allow-Origin: *
Access-Control-Allow-Methods: GET, POST, DELETE, PUT
Access-Control-Allow-Headers: Content-Type, api_key, Authorization
Server: Jetty(9.2.9.v20150224)

{
    "code": 200,
    "type": "unknown",
    "message": "0"
}
  &amp#27;[32mGiven &amp#27;[0m&amp#27;[32mUser Invoke the &amp#27;[0m&amp#27;[32m&amp#27;[1m"CREATE"&amp#27;[0m&amp#27;[32m User API service to execute the &amp#27;[0m&amp#27;[32m&amp#27;[1m"postUser_BodyApplicationJsonValueProperties_Are_Null"&amp#27;[0m&amp#27;[32m test scenario&amp#27;[0m &amp#27;[90m# com.cloudmore.testSteps.api.UserServiceSteps.get_user_api_service_called(java.lang.String,java.lang.String)&amp#27;[0m
  &amp#27;[31mThen &amp#27;[0m&amp#27;[31mValidate the Response Status Code&amp#27;[0m                                                                                              &amp#27;[90m# com.cloudmore.testSteps.api.UserServiceSteps.validateResponseStatusCode()&amp#27;[0m
      &amp#27;[31mjava.lang.AssertionError: Expected status code is not match with actual status code expected [400] but found [200]
	at org.testng.Assert.fail(Assert.java:99)
	at org.testng.Assert.failNotEquals(Assert.java:1037)
	at org.testng.Assert.assertEqualsImpl(Assert.java:140)
	at org.testng.Assert.assertEquals(Assert.java:122)
	at org.testng.Assert.assertEquals(Assert.java:907)
	at com.cloudmore.testSteps.api.UserServiceSteps.validateResponseStatusCode(UserServiceSteps.java:71)
	at âœ½.Validate the Response Status Code(file:///C:/Personal.work/my-repos/cloudmore/cloudmore-qa-automation/src/test/resources/featureFiles/UserServiceAPI.feature:10)
&amp#27;[0m
  &amp#27;[36mThen &amp#27;[0m&amp#27;[36mValidate the response json schema&amp#27;[0m                                                                                              &amp#27;[90m# com.cloudmore.testSteps.api.UserServiceSteps.validate_json_schema()&amp#27;[0m
  &amp#27;[36mAnd &amp#27;[0m&amp#27;[36mValidate the Response Body&amp#27;[0m                                                                                                      &amp#27;[90m# com.cloudmore.testSteps.api.UserServiceSteps.validateResponseBody()&amp#27;[0m
>>>>>>>>> beforeScenario called [@API, @QuestionThree, @assignment, @createUserAPI]
]]></system-out>
  </testcase>
  <testcase name="runScenario[&quot;Verifying the CREATE USER API postUser_BodyApplicationJsonValueProperties_Are_Null&quot;, &quot;Optional[Verify The CREATE , UPDATE, GET, DELETE APIs of User Service]&quot;](14)" classname="com.cloudmore.runner.TestRunner" time="1.666">
    <failure message="Expected status code is not match with actual status code expected [400] but found [200]" type="java.lang.AssertionError"><![CDATA[java.lang.AssertionError: Expected status code is not match with actual status code expected [400] but found [200]
]]></failure>
    <system-out><![CDATA[
@API @QuestionThree @assignment @createUserAPI
Scenario Outline: Verifying the CREATE USER API postUser_BodyApplicationJsonValueProperties_Are_Null                                  &amp#27;[90m# src/test/resources/featureFiles/UserServiceAPI.feature:18&amp#27;[0m
>>>>>>>>> beforeScenario called [@API, @QuestionThree, @assignment, @createUserAPI]
Request method:	POST
Request URI:	https://petstore.swagger.io/v2/user
Proxy:			<none>
Request params:	<none>
Query params:	<none>
Form params:	<none>
Path params:	<none>
Headers:		accept=application/json
				Content-Type=application/json
Cookies:		<none>
Multiparts:		<none>
Body:
{
    "id": 0,
    "username": null,
    "firstName": null,
    "lastName": null,
    "email": null,
    "password": null,
    "phone": null,
    "userStatus": 0
}
HTTP/1.1 200 OK
Date: Mon, 20 Feb 2023 09:42:00 GMT
Content-Type: application/json
Transfer-Encoding: chunked
Connection: keep-alive
Access-Control-Allow-Origin: *
Access-Control-Allow-Methods: GET, POST, DELETE, PUT
Access-Control-Allow-Headers: Content-Type, api_key, Authorization
Server: Jetty(9.2.9.v20150224)

{
    "code": 200,
    "type": "unknown",
    "message": "0"
}
  &amp#27;[32mGiven &amp#27;[0m&amp#27;[32mUser Invoke the &amp#27;[0m&amp#27;[32m&amp#27;[1m"CREATE"&amp#27;[0m&amp#27;[32m User API service to execute the &amp#27;[0m&amp#27;[32m&amp#27;[1m"postUser_BodyApplicationJsonValueProperties_Are_Null"&amp#27;[0m&amp#27;[32m test scenario&amp#27;[0m &amp#27;[90m# com.cloudmore.testSteps.api.UserServiceSteps.get_user_api_service_called(java.lang.String,java.lang.String)&amp#27;[0m
  &amp#27;[31mThen &amp#27;[0m&amp#27;[31mValidate the Response Status Code&amp#27;[0m                                                                                              &amp#27;[90m# com.cloudmore.testSteps.api.UserServiceSteps.validateResponseStatusCode()&amp#27;[0m
      &amp#27;[31mjava.lang.AssertionError: Expected status code is not match with actual status code expected [400] but found [200]
	at org.testng.Assert.fail(Assert.java:99)
	at org.testng.Assert.failNotEquals(Assert.java:1037)
	at org.testng.Assert.assertEqualsImpl(Assert.java:140)
	at org.testng.Assert.assertEquals(Assert.java:122)
	at org.testng.Assert.assertEquals(Assert.java:907)
	at com.cloudmore.testSteps.api.UserServiceSteps.validateResponseStatusCode(UserServiceSteps.java:71)
	at âœ½.Validate the Response Status Code(file:///C:/Personal.work/my-repos/cloudmore/cloudmore-qa-automation/src/test/resources/featureFiles/UserServiceAPI.feature:10)
&amp#27;[0m
  &amp#27;[36mThen &amp#27;[0m&amp#27;[36mValidate the response json schema&amp#27;[0m                                                                                              &amp#27;[90m# com.cloudmore.testSteps.api.UserServiceSteps.validate_json_schema()&amp#27;[0m
  &amp#27;[36mAnd &amp#27;[0m&amp#27;[36mValidate the Response Body&amp#27;[0m                                                                                                      &amp#27;[90m# com.cloudmore.testSteps.api.UserServiceSteps.validateResponseBody()&amp#27;[0m
>>>>>>>>> beforeScenario called [@API, @QuestionThree, @assignment, @createUserAPI]
]]></system-out>
  </testcase>
  <testcase name="runScenario[&quot;Verifying the GET USER API getUser_valid_usernameDefined_Is_Yes&quot;, &quot;Optional[Verify The CREATE , UPDATE, GET, DELETE APIs of User Service]&quot;](15)" classname="com.cloudmore.runner.TestRunner" time="0">
    <skipped message="Expected Response is not match with actual Response body expected [{&#10;  &quot;id&quot;: 122,&#10;  &quot;username&quot;: &quot;AkilaTEST&quot;,&#10;  &quot;firstName&quot;: &quot;Dhanushaka&quot;,&#10;  &quot;lastName&quot;: &quot;Samaranayake&quot;,&#10;  &quot;email&quot;: &quot;akila@email.com&quot;,&#10;  &quot;password&quot;: &quot;testPassword&quot;,&#10;  &quot;phone&quot;: &quot;+94717147499&quot;,&#10;  &quot;userStatus&quot;: 1&#10;}] but found [{&#10;    &quot;id&quot;: 122,&#10;    &quot;username&quot;: &quot;AkilaTEST&quot;,&#10;    &quot;firstName&quot;: &quot;Dhanushaka&quot;,&#10;    &quot;lastName&quot;: &quot;Samaranayake&quot;,&#10;    &quot;email&quot;: &quot;akila@email.com&quot;,&#10;    &quot;password&quot;: &quot;testPassword&quot;,&#10;    &quot;phone&quot;: &quot;+94717147499&quot;,&#10;    &quot;userStatus&quot;: 1&#10;}]"/>
    <system-out><![CDATA[
@API @QuestionThree @assignment @getUserAPI
Scenario Outline: Verifying the GET USER API getUser_valid_usernameDefined_Is_Yes                                  &amp#27;[90m# src/test/resources/featureFiles/UserServiceAPI.feature:28&amp#27;[0m
>>>>>>>>> beforeScenario called [@API, @QuestionThree, @assignment, @getUserAPI]
Request method:	GET
Request URI:	https://petstore.swagger.io/v2/user/AkilaTEST
Proxy:			<none>
Request params:	<none>
Query params:	<none>
Form params:	<none>
Path params:	<none>
Headers:		accept=application/json
Cookies:		<none>
Multiparts:		<none>
Body:			<none>
HTTP/1.1 200 OK
Date: Mon, 20 Feb 2023 09:42:02 GMT
Content-Type: application/json
Transfer-Encoding: chunked
Connection: keep-alive
Access-Control-Allow-Origin: *
Access-Control-Allow-Methods: GET, POST, DELETE, PUT
Access-Control-Allow-Headers: Content-Type, api_key, Authorization
Server: Jetty(9.2.9.v20150224)

{
    "id": 122,
    "username": "AkilaTEST",
    "firstName": "Dhanushaka",
    "lastName": "Samaranayake",
    "email": "akila@email.com",
    "password": "testPassword",
    "phone": "+94717147499",
    "userStatus": 1
}
  &amp#27;[32mGiven &amp#27;[0m&amp#27;[32mUser Invoke the &amp#27;[0m&amp#27;[32m&amp#27;[1m"GET"&amp#27;[0m&amp#27;[32m User API service to execute the &amp#27;[0m&amp#27;[32m&amp#27;[1m"getUser_valid_usernameDefined_Is_Yes"&amp#27;[0m&amp#27;[32m test scenario&amp#27;[0m &amp#27;[90m# com.cloudmore.testSteps.api.UserServiceSteps.get_user_api_service_called(java.lang.String,java.lang.String)&amp#27;[0m
  &amp#27;[32mThen &amp#27;[0m&amp#27;[32mValidate the Response Status Code&amp#27;[0m                                                                           &amp#27;[90m# com.cloudmore.testSteps.api.UserServiceSteps.validateResponseStatusCode()&amp#27;[0m
  &amp#27;[32mThen &amp#27;[0m&amp#27;[32mValidate the response json schema&amp#27;[0m                                                                           &amp#27;[90m# com.cloudmore.testSteps.api.UserServiceSteps.validate_json_schema()&amp#27;[0m
  &amp#27;[31mAnd &amp#27;[0m&amp#27;[31mValidate the Response Body&amp#27;[0m                                                                                   &amp#27;[90m# com.cloudmore.testSteps.api.UserServiceSteps.validateResponseBody()&amp#27;[0m
      &amp#27;[31mjava.lang.AssertionError: Expected Response is not match with actual Response body expected [{
  "id": 122,
  "username": "AkilaTEST",
  "firstName": "Dhanushaka",
  "lastName": "Samaranayake",
  "email": "akila@email.com",
  "password": "testPassword",
  "phone": "+94717147499",
  "userStatus": 1
}] but found [{
    "id": 122,
    "username": "AkilaTEST",
    "firstName": "Dhanushaka",
    "lastName": "Samaranayake",
    "email": "akila@email.com",
    "password": "testPassword",
    "phone": "+94717147499",
    "userStatus": 1
}]
	at org.testng.Assert.fail(Assert.java:99)
	at org.testng.Assert.failNotEquals(Assert.java:1037)
	at org.testng.Assert.assertEqualsImpl(Assert.java:140)
	at org.testng.Assert.assertEquals(Assert.java:122)
	at org.testng.Assert.assertEquals(Assert.java:629)
	at com.cloudmore.testSteps.api.UserServiceSteps.validateResponseBody(UserServiceSteps.java:76)
	at âœ½.Validate the Response Body(file:///C:/Personal.work/my-repos/cloudmore/cloudmore-qa-automation/src/test/resources/featureFiles/UserServiceAPI.feature:25)
&amp#27;[0m
>>>>>>>>> beforeScenario called [@API, @QuestionThree, @assignment, @getUserAPI]
]]></system-out>
  </testcase>
  <testcase name="runScenario[&quot;Verifying the GET USER API getUser_valid_usernameDefined_Is_Yes&quot;, &quot;Optional[Verify The CREATE , UPDATE, GET, DELETE APIs of User Service]&quot;](16)" classname="com.cloudmore.runner.TestRunner" time="1.707">
    <failure message="Expected Response is not match with actual Response body expected [{&#10;  &quot;id&quot;: 122,&#10;  &quot;username&quot;: &quot;AkilaTEST&quot;,&#10;  &quot;firstName&quot;: &quot;Dhanushaka&quot;,&#10;  &quot;lastName&quot;: &quot;Samaranayake&quot;,&#10;  &quot;email&quot;: &quot;akila@email.com&quot;,&#10;  &quot;password&quot;: &quot;testPassword&quot;,&#10;  &quot;phone&quot;: &quot;+94717147499&quot;,&#10;  &quot;userStatus&quot;: 1&#10;}] but found [{&#10;    &quot;id&quot;: 122,&#10;    &quot;username&quot;: &quot;AkilaTEST&quot;,&#10;    &quot;firstName&quot;: &quot;Dhanushaka&quot;,&#10;    &quot;lastName&quot;: &quot;Samaranayake&quot;,&#10;    &quot;email&quot;: &quot;akila@email.com&quot;,&#10;    &quot;password&quot;: &quot;testPassword&quot;,&#10;    &quot;phone&quot;: &quot;+94717147499&quot;,&#10;    &quot;userStatus&quot;: 1&#10;}]" type="java.lang.AssertionError"><![CDATA[java.lang.AssertionError: 
Expected Response is not match with actual Response body expected [{
  "id": 122,
  "username": "AkilaTEST",
  "firstName": "Dhanushaka",
  "lastName": "Samaranayake",
  "email": "akila@email.com",
  "password": "testPassword",
  "phone": "+94717147499",
  "userStatus": 1
}] but found [{
    "id": 122,
    "username": "AkilaTEST",
    "firstName": "Dhanushaka",
    "lastName": "Samaranayake",
    "email": "akila@email.com",
    "password": "testPassword",
    "phone": "+94717147499",
    "userStatus": 1
}]
]]></failure>
    <system-out><![CDATA[
@API @QuestionThree @assignment @getUserAPI
Scenario Outline: Verifying the GET USER API getUser_valid_usernameDefined_Is_Yes                                  &amp#27;[90m# src/test/resources/featureFiles/UserServiceAPI.feature:28&amp#27;[0m
>>>>>>>>> beforeScenario called [@API, @QuestionThree, @assignment, @getUserAPI]
Request method:	GET
Request URI:	https://petstore.swagger.io/v2/user/AkilaTEST
Proxy:			<none>
Request params:	<none>
Query params:	<none>
Form params:	<none>
Path params:	<none>
Headers:		accept=application/json
Cookies:		<none>
Multiparts:		<none>
Body:			<none>
HTTP/1.1 200 OK
Date: Mon, 20 Feb 2023 09:42:04 GMT
Content-Type: application/json
Transfer-Encoding: chunked
Connection: keep-alive
Access-Control-Allow-Origin: *
Access-Control-Allow-Methods: GET, POST, DELETE, PUT
Access-Control-Allow-Headers: Content-Type, api_key, Authorization
Server: Jetty(9.2.9.v20150224)

{
    "id": 122,
    "username": "AkilaTEST",
    "firstName": "Dhanushaka",
    "lastName": "Samaranayake",
    "email": "akila@email.com",
    "password": "testPassword",
    "phone": "+94717147499",
    "userStatus": 1
}
  &amp#27;[32mGiven &amp#27;[0m&amp#27;[32mUser Invoke the &amp#27;[0m&amp#27;[32m&amp#27;[1m"GET"&amp#27;[0m&amp#27;[32m User API service to execute the &amp#27;[0m&amp#27;[32m&amp#27;[1m"getUser_valid_usernameDefined_Is_Yes"&amp#27;[0m&amp#27;[32m test scenario&amp#27;[0m &amp#27;[90m# com.cloudmore.testSteps.api.UserServiceSteps.get_user_api_service_called(java.lang.String,java.lang.String)&amp#27;[0m
  &amp#27;[32mThen &amp#27;[0m&amp#27;[32mValidate the Response Status Code&amp#27;[0m                                                                           &amp#27;[90m# com.cloudmore.testSteps.api.UserServiceSteps.validateResponseStatusCode()&amp#27;[0m
  &amp#27;[32mThen &amp#27;[0m&amp#27;[32mValidate the response json schema&amp#27;[0m                                                                           &amp#27;[90m# com.cloudmore.testSteps.api.UserServiceSteps.validate_json_schema()&amp#27;[0m
  &amp#27;[31mAnd &amp#27;[0m&amp#27;[31mValidate the Response Body&amp#27;[0m                                                                                   &amp#27;[90m# com.cloudmore.testSteps.api.UserServiceSteps.validateResponseBody()&amp#27;[0m
      &amp#27;[31mjava.lang.AssertionError: Expected Response is not match with actual Response body expected [{
  "id": 122,
  "username": "AkilaTEST",
  "firstName": "Dhanushaka",
  "lastName": "Samaranayake",
  "email": "akila@email.com",
  "password": "testPassword",
  "phone": "+94717147499",
  "userStatus": 1
}] but found [{
    "id": 122,
    "username": "AkilaTEST",
    "firstName": "Dhanushaka",
    "lastName": "Samaranayake",
    "email": "akila@email.com",
    "password": "testPassword",
    "phone": "+94717147499",
    "userStatus": 1
}]
	at org.testng.Assert.fail(Assert.java:99)
	at org.testng.Assert.failNotEquals(Assert.java:1037)
	at org.testng.Assert.assertEqualsImpl(Assert.java:140)
	at org.testng.Assert.assertEquals(Assert.java:122)
	at org.testng.Assert.assertEquals(Assert.java:629)
	at com.cloudmore.testSteps.api.UserServiceSteps.validateResponseBody(UserServiceSteps.java:76)
	at âœ½.Validate the Response Body(file:///C:/Personal.work/my-repos/cloudmore/cloudmore-qa-automation/src/test/resources/featureFiles/UserServiceAPI.feature:25)
&amp#27;[0m
>>>>>>>>> beforeScenario called [@API, @QuestionThree, @assignment, @getUserAPI]
]]></system-out>
  </testcase>
  <testcase name="runScenario[&quot;Verifying the GET USER API getUser_invalid_usernameDefined_Is_Yes&quot;, &quot;Optional[Verify The CREATE , UPDATE, GET, DELETE APIs of User Service]&quot;](17)" classname="com.cloudmore.runner.TestRunner" time="1.606">
    <system-out><![CDATA[
@API @QuestionThree @assignment @getUserAPI
Scenario Outline: Verifying the GET USER API getUser_invalid_usernameDefined_Is_Yes                                  &amp#27;[90m# src/test/resources/featureFiles/UserServiceAPI.feature:29&amp#27;[0m
>>>>>>>>> beforeScenario called [@API, @QuestionThree, @assignment, @getUserAPI]
Request method:	GET
Request URI:	https://petstore.swagger.io/v2/user/invalidUserName
Proxy:			<none>
Request params:	<none>
Query params:	<none>
Form params:	<none>
Path params:	<none>
Headers:		accept=application/json
Cookies:		<none>
Multiparts:		<none>
Body:			<none>
HTTP/1.1 404 Not Found
Date: Mon, 20 Feb 2023 09:42:05 GMT
Content-Type: application/json
Transfer-Encoding: chunked
Connection: keep-alive
Access-Control-Allow-Origin: *
Access-Control-Allow-Methods: GET, POST, DELETE, PUT
Access-Control-Allow-Headers: Content-Type, api_key, Authorization
Server: Jetty(9.2.9.v20150224)

{
    "code": 1,
    "type": "error",
    "message": "User not found"
}
  &amp#27;[32mGiven &amp#27;[0m&amp#27;[32mUser Invoke the &amp#27;[0m&amp#27;[32m&amp#27;[1m"GET"&amp#27;[0m&amp#27;[32m User API service to execute the &amp#27;[0m&amp#27;[32m&amp#27;[1m"getUser_invalid_usernameDefined_Is_Yes"&amp#27;[0m&amp#27;[32m test scenario&amp#27;[0m &amp#27;[90m# com.cloudmore.testSteps.api.UserServiceSteps.get_user_api_service_called(java.lang.String,java.lang.String)&amp#27;[0m
  &amp#27;[32mThen &amp#27;[0m&amp#27;[32mValidate the Response Status Code&amp#27;[0m                                                                             &amp#27;[90m# com.cloudmore.testSteps.api.UserServiceSteps.validateResponseStatusCode()&amp#27;[0m
  &amp#27;[32mThen &amp#27;[0m&amp#27;[32mValidate the response json schema&amp#27;[0m                                                                             &amp#27;[90m# com.cloudmore.testSteps.api.UserServiceSteps.validate_json_schema()&amp#27;[0m
  &amp#27;[32mAnd &amp#27;[0m&amp#27;[32mValidate the Response Body&amp#27;[0m                                                                                     &amp#27;[90m# com.cloudmore.testSteps.api.UserServiceSteps.validateResponseBody()&amp#27;[0m
>>>>>>>>> beforeScenario called [@API, @QuestionThree, @assignment, @getUserAPI]
]]></system-out>
  </testcase>
  <testcase name="runScenario[&quot;Verifying the GET USER API getUser_username_Is_Null&quot;, &quot;Optional[Verify The CREATE , UPDATE, GET, DELETE APIs of User Service]&quot;](18)" classname="com.cloudmore.runner.TestRunner" time="0">
    <skipped message="1 expectation failed.&#10;Response body doesn&apos;t match expectation.&#10;Expected: The content to match the given JSON schema.&#10;error: object has missing required properties ([&quot;message&quot;])&#10;    level: &quot;error&quot;&#10;    schema: {&quot;loadingURI&quot;:&quot;#&quot;,&quot;pointer&quot;:&quot;&quot;}&#10;    instance: {&quot;pointer&quot;:&quot;&quot;}&#10;    domain: &quot;validation&quot;&#10;    keyword: &quot;required&quot;&#10;    required: [&quot;code&quot;,&quot;message&quot;,&quot;type&quot;]&#10;    missing: [&quot;message&quot;]&#10;&#10;  Actual: {&quot;code&quot;:405,&quot;type&quot;:&quot;unknown&quot;}&#10;"/>
    <system-out><![CDATA[
@API @QuestionThree @assignment @getUserAPI
Scenario Outline: Verifying the GET USER API getUser_username_Is_Null                                  &amp#27;[90m# src/test/resources/featureFiles/UserServiceAPI.feature:30&amp#27;[0m
>>>>>>>>> beforeScenario called [@API, @QuestionThree, @assignment, @getUserAPI]
Request method:	GET
Request URI:	https://petstore.swagger.io/v2/user/
Proxy:			<none>
Request params:	<none>
Query params:	<none>
Form params:	<none>
Path params:	<none>
Headers:		accept=application/json
Cookies:		<none>
Multiparts:		<none>
Body:			<none>
HTTP/1.1 405 Method Not Allowed
Date: Mon, 20 Feb 2023 09:42:07 GMT
Content-Type: application/json
Transfer-Encoding: chunked
Connection: keep-alive
Access-Control-Allow-Origin: *
Access-Control-Allow-Methods: GET, POST, DELETE, PUT
Access-Control-Allow-Headers: Content-Type, api_key, Authorization
Server: Jetty(9.2.9.v20150224)

{
    "code": 405,
    "type": "unknown"
}
  &amp#27;[32mGiven &amp#27;[0m&amp#27;[32mUser Invoke the &amp#27;[0m&amp#27;[32m&amp#27;[1m"GET"&amp#27;[0m&amp#27;[32m User API service to execute the &amp#27;[0m&amp#27;[32m&amp#27;[1m"getUser_username_Is_Null"&amp#27;[0m&amp#27;[32m test scenario&amp#27;[0m &amp#27;[90m# com.cloudmore.testSteps.api.UserServiceSteps.get_user_api_service_called(java.lang.String,java.lang.String)&amp#27;[0m
  &amp#27;[32mThen &amp#27;[0m&amp#27;[32mValidate the Response Status Code&amp#27;[0m                                                               &amp#27;[90m# com.cloudmore.testSteps.api.UserServiceSteps.validateResponseStatusCode()&amp#27;[0m
  &amp#27;[31mThen &amp#27;[0m&amp#27;[31mValidate the response json schema&amp#27;[0m                                                               &amp#27;[90m# com.cloudmore.testSteps.api.UserServiceSteps.validate_json_schema()&amp#27;[0m
      &amp#27;[31mjava.lang.AssertionError: 1 expectation failed.
Response body doesn't match expectation.
Expected: The content to match the given JSON schema.
error: object has missing required properties (["message"])
    level: "error"
    schema: {"loadingURI":"#","pointer":""}
    instance: {"pointer":""}
    domain: "validation"
    keyword: "required"
    required: ["code","message","type"]
    missing: ["message"]

  Actual: {"code":405,"type":"unknown"}

	at java.base/jdk.internal.reflect.NativeConstructorAccessorImpl.newInstance0(Native Method)
	at java.base/jdk.internal.reflect.NativeConstructorAccessorImpl.newInstance(NativeConstructorAccessorImpl.java:62)
	at java.base/jdk.internal.reflect.DelegatingConstructorAccessorImpl.newInstance(DelegatingConstructorAccessorImpl.java:45)
	at java.base/java.lang.reflect.Constructor.newInstance(Constructor.java:490)
	at org.codehaus.groovy.reflection.CachedConstructor.invoke(CachedConstructor.java:72)
	at org.codehaus.groovy.reflection.CachedConstructor.doConstructorInvoke(CachedConstructor.java:59)
	at org.codehaus.groovy.runtime.callsite.ConstructorSite$ConstructorSiteNoUnwrap.callConstructor(ConstructorSite.java:84)
	at org.codehaus.groovy.runtime.callsite.CallSiteArray.defaultCallConstructor(CallSiteArray.java:59)
	at org.codehaus.groovy.runtime.callsite.AbstractCallSite.callConstructor(AbstractCallSite.java:263)
	at org.codehaus.groovy.runtime.callsite.AbstractCallSite.callConstructor(AbstractCallSite.java:277)
	at io.restassured.internal.ResponseSpecificationImpl$HamcrestAssertionClosure.validate(ResponseSpecificationImpl.groovy:493)
	at io.restassured.internal.ResponseSpecificationImpl$HamcrestAssertionClosure$validate$1.call(Unknown Source)
	at io.restassured.internal.ResponseSpecificationImpl.validateResponseIfRequired(ResponseSpecificationImpl.groovy:674)
	at java.base/jdk.internal.reflect.NativeMethodAccessorImpl.invoke0(Native Method)
	at java.base/jdk.internal.reflect.NativeMethodAccessorImpl.invoke(NativeMethodAccessorImpl.java:62)
	at java.base/jdk.internal.reflect.DelegatingMethodAccessorImpl.invoke(DelegatingMethodAccessorImpl.java:43)
	at java.base/java.lang.reflect.Method.invoke(Method.java:566)
	at org.codehaus.groovy.runtime.callsite.PlainObjectMetaMethodSite.doInvoke(PlainObjectMetaMethodSite.java:43)
	at org.codehaus.groovy.runtime.callsite.PogoMetaMethodSite$PogoCachedMethodSiteNoUnwrapNoCoerce.invoke(PogoMetaMethodSite.java:193)
	at org.codehaus.groovy.runtime.callsite.PogoMetaMethodSite.callCurrent(PogoMetaMethodSite.java:61)
	at org.codehaus.groovy.runtime.callsite.AbstractCallSite.callCurrent(AbstractCallSite.java:185)
	at io.restassured.internal.ResponseSpecificationImpl.body(ResponseSpecificationImpl.groovy:98)
	at io.restassured.internal.ValidatableResponseOptionsImpl.body(ValidatableResponseOptionsImpl.java:238)
	at io.restassured.internal.ValidatableResponseImpl.super$2$body(ValidatableResponseImpl.groovy)
	at java.base/jdk.internal.reflect.NativeMethodAccessorImpl.invoke0(Native Method)
	at java.base/jdk.internal.reflect.NativeMethodAccessorImpl.invoke(NativeMethodAccessorImpl.java:62)
	at java.base/jdk.internal.reflect.DelegatingMethodAccessorImpl.invoke(DelegatingMethodAccessorImpl.java:43)
	at java.base/java.lang.reflect.Method.invoke(Method.java:566)
	at org.codehaus.groovy.reflection.CachedMethod.invoke(CachedMethod.java:107)
	at groovy.lang.MetaMethod.doMethodInvoke(MetaMethod.java:323)
	at groovy.lang.MetaClassImpl.invokeMethod(MetaClassImpl.java:1268)
	at org.codehaus.groovy.runtime.ScriptBytecodeAdapter.invokeMethodOnSuperN(ScriptBytecodeAdapter.java:144)
	at io.restassured.internal.ValidatableResponseImpl.body(ValidatableResponseImpl.groovy:293)
	at io.restassured.internal.ValidatableResponseImpl.body(ValidatableResponseImpl.groovy)
	at com.cloudmore.testSteps.api.UserServiceSteps.validate_json_schema(UserServiceSteps.java:104)
	at âœ½.Validate the response json schema(file:///C:/Personal.work/my-repos/cloudmore/cloudmore-qa-automation/src/test/resources/featureFiles/UserServiceAPI.feature:24)
&amp#27;[0m
  &amp#27;[36mAnd &amp#27;[0m&amp#27;[36mValidate the Response Body&amp#27;[0m                                                                       &amp#27;[90m# com.cloudmore.testSteps.api.UserServiceSteps.validateResponseBody()&amp#27;[0m
>>>>>>>>> beforeScenario called [@API, @QuestionThree, @assignment, @getUserAPI]
]]></system-out>
  </testcase>
  <testcase name="runScenario[&quot;Verifying the GET USER API getUser_username_Is_Null&quot;, &quot;Optional[Verify The CREATE , UPDATE, GET, DELETE APIs of User Service]&quot;](19)" classname="com.cloudmore.runner.TestRunner" time="1.636">
    <failure message="1 expectation failed.&#10;Response body doesn&apos;t match expectation.&#10;Expected: The content to match the given JSON schema.&#10;error: object has missing required properties ([&quot;message&quot;])&#10;    level: &quot;error&quot;&#10;    schema: {&quot;loadingURI&quot;:&quot;#&quot;,&quot;pointer&quot;:&quot;&quot;}&#10;    instance: {&quot;pointer&quot;:&quot;&quot;}&#10;    domain: &quot;validation&quot;&#10;    keyword: &quot;required&quot;&#10;    required: [&quot;code&quot;,&quot;message&quot;,&quot;type&quot;]&#10;    missing: [&quot;message&quot;]&#10;&#10;  Actual: {&quot;code&quot;:405,&quot;type&quot;:&quot;unknown&quot;}&#10;" type="java.lang.AssertionError"><![CDATA[java.lang.AssertionError: 
1 expectation failed.
Response body doesn't match expectation.
Expected: The content to match the given JSON schema.
error: object has missing required properties (["message"])
    level: "error"
    schema: {"loadingURI":"#","pointer":""}
    instance: {"pointer":""}
    domain: "validation"
    keyword: "required"
    required: ["code","message","type"]
    missing: ["message"]

  Actual: {"code":405,"type":"unknown"}

]]></failure>
    <system-out><![CDATA[
@API @QuestionThree @assignment @getUserAPI
Scenario Outline: Verifying the GET USER API getUser_username_Is_Null                                  &amp#27;[90m# src/test/resources/featureFiles/UserServiceAPI.feature:30&amp#27;[0m
>>>>>>>>> beforeScenario called [@API, @QuestionThree, @assignment, @getUserAPI]
Request method:	GET
Request URI:	https://petstore.swagger.io/v2/user/
Proxy:			<none>
Request params:	<none>
Query params:	<none>
Form params:	<none>
Path params:	<none>
Headers:		accept=application/json
Cookies:		<none>
Multiparts:		<none>
Body:			<none>
HTTP/1.1 405 Method Not Allowed
Date: Mon, 20 Feb 2023 09:42:09 GMT
Content-Type: application/json
Transfer-Encoding: chunked
Connection: keep-alive
Access-Control-Allow-Origin: *
Access-Control-Allow-Methods: GET, POST, DELETE, PUT
Access-Control-Allow-Headers: Content-Type, api_key, Authorization
Server: Jetty(9.2.9.v20150224)

{
    "code": 405,
    "type": "unknown"
}
  &amp#27;[32mGiven &amp#27;[0m&amp#27;[32mUser Invoke the &amp#27;[0m&amp#27;[32m&amp#27;[1m"GET"&amp#27;[0m&amp#27;[32m User API service to execute the &amp#27;[0m&amp#27;[32m&amp#27;[1m"getUser_username_Is_Null"&amp#27;[0m&amp#27;[32m test scenario&amp#27;[0m &amp#27;[90m# com.cloudmore.testSteps.api.UserServiceSteps.get_user_api_service_called(java.lang.String,java.lang.String)&amp#27;[0m
  &amp#27;[32mThen &amp#27;[0m&amp#27;[32mValidate the Response Status Code&amp#27;[0m                                                               &amp#27;[90m# com.cloudmore.testSteps.api.UserServiceSteps.validateResponseStatusCode()&amp#27;[0m
  &amp#27;[31mThen &amp#27;[0m&amp#27;[31mValidate the response json schema&amp#27;[0m                                                               &amp#27;[90m# com.cloudmore.testSteps.api.UserServiceSteps.validate_json_schema()&amp#27;[0m
      &amp#27;[31mjava.lang.AssertionError: 1 expectation failed.
Response body doesn't match expectation.
Expected: The content to match the given JSON schema.
error: object has missing required properties (["message"])
    level: "error"
    schema: {"loadingURI":"#","pointer":""}
    instance: {"pointer":""}
    domain: "validation"
    keyword: "required"
    required: ["code","message","type"]
    missing: ["message"]

  Actual: {"code":405,"type":"unknown"}

	at java.base/jdk.internal.reflect.NativeConstructorAccessorImpl.newInstance0(Native Method)
	at java.base/jdk.internal.reflect.NativeConstructorAccessorImpl.newInstance(NativeConstructorAccessorImpl.java:62)
	at java.base/jdk.internal.reflect.DelegatingConstructorAccessorImpl.newInstance(DelegatingConstructorAccessorImpl.java:45)
	at java.base/java.lang.reflect.Constructor.newInstance(Constructor.java:490)
	at org.codehaus.groovy.reflection.CachedConstructor.invoke(CachedConstructor.java:72)
	at org.codehaus.groovy.reflection.CachedConstructor.doConstructorInvoke(CachedConstructor.java:59)
	at org.codehaus.groovy.runtime.callsite.ConstructorSite$ConstructorSiteNoUnwrap.callConstructor(ConstructorSite.java:84)
	at org.codehaus.groovy.runtime.callsite.AbstractCallSite.callConstructor(AbstractCallSite.java:277)
	at io.restassured.internal.ResponseSpecificationImpl$HamcrestAssertionClosure.validate(ResponseSpecificationImpl.groovy:493)
	at io.restassured.internal.ResponseSpecificationImpl$HamcrestAssertionClosure$validate$1.call(Unknown Source)
	at io.restassured.internal.ResponseSpecificationImpl.validateResponseIfRequired(ResponseSpecificationImpl.groovy:674)
	at java.base/jdk.internal.reflect.NativeMethodAccessorImpl.invoke0(Native Method)
	at java.base/jdk.internal.reflect.NativeMethodAccessorImpl.invoke(NativeMethodAccessorImpl.java:62)
	at java.base/jdk.internal.reflect.DelegatingMethodAccessorImpl.invoke(DelegatingMethodAccessorImpl.java:43)
	at java.base/java.lang.reflect.Method.invoke(Method.java:566)
	at org.codehaus.groovy.runtime.callsite.PlainObjectMetaMethodSite.doInvoke(PlainObjectMetaMethodSite.java:43)
	at org.codehaus.groovy.runtime.callsite.PogoMetaMethodSite$PogoCachedMethodSiteNoUnwrapNoCoerce.invoke(PogoMetaMethodSite.java:193)
	at org.codehaus.groovy.runtime.callsite.PogoMetaMethodSite.callCurrent(PogoMetaMethodSite.java:61)
	at org.codehaus.groovy.runtime.callsite.AbstractCallSite.callCurrent(AbstractCallSite.java:185)
	at io.restassured.internal.ResponseSpecificationImpl.body(ResponseSpecificationImpl.groovy:98)
	at io.restassured.internal.ValidatableResponseOptionsImpl.body(ValidatableResponseOptionsImpl.java:238)
	at io.restassured.internal.ValidatableResponseImpl.super$2$body(ValidatableResponseImpl.groovy)
	at java.base/jdk.internal.reflect.NativeMethodAccessorImpl.invoke0(Native Method)
	at java.base/jdk.internal.reflect.NativeMethodAccessorImpl.invoke(NativeMethodAccessorImpl.java:62)
	at java.base/jdk.internal.reflect.DelegatingMethodAccessorImpl.invoke(DelegatingMethodAccessorImpl.java:43)
	at java.base/java.lang.reflect.Method.invoke(Method.java:566)
	at org.codehaus.groovy.reflection.CachedMethod.invoke(CachedMethod.java:107)
	at groovy.lang.MetaMethod.doMethodInvoke(MetaMethod.java:323)
	at groovy.lang.MetaClassImpl.invokeMethod(MetaClassImpl.java:1268)
	at org.codehaus.groovy.runtime.ScriptBytecodeAdapter.invokeMethodOnSuperN(ScriptBytecodeAdapter.java:144)
	at io.restassured.internal.ValidatableResponseImpl.body(ValidatableResponseImpl.groovy:293)
	at io.restassured.internal.ValidatableResponseImpl.body(ValidatableResponseImpl.groovy)
	at com.cloudmore.testSteps.api.UserServiceSteps.validate_json_schema(UserServiceSteps.java:104)
	at âœ½.Validate the response json schema(file:///C:/Personal.work/my-repos/cloudmore/cloudmore-qa-automation/src/test/resources/featureFiles/UserServiceAPI.feature:24)
&amp#27;[0m
  &amp#27;[36mAnd &amp#27;[0m&amp#27;[36mValidate the Response Body&amp#27;[0m                                                                       &amp#27;[90m# com.cloudmore.testSteps.api.UserServiceSteps.validateResponseBody()&amp#27;[0m
>>>>>>>>> beforeScenario called [@API, @QuestionThree, @assignment, @getUserAPI]
]]></system-out>
  </testcase>
  <testcase name="runScenario[&quot;Verifying the GET USER API getUser_invalid_usernameDefined_Is_Yes_with_special_characters&quot;, &quot;Optional[Verify The CREATE , UPDATE, GET, DELETE APIs of User Service]&quot;](20)" classname="com.cloudmore.runner.TestRunner" time="1.658">
    <system-out><![CDATA[
@API @QuestionThree @assignment @getUserAPI
Scenario Outline: Verifying the GET USER API getUser_invalid_usernameDefined_Is_Yes_with_special_characters                                  &amp#27;[90m# src/test/resources/featureFiles/UserServiceAPI.feature:31&amp#27;[0m
>>>>>>>>> beforeScenario called [@API, @QuestionThree, @assignment, @getUserAPI]
Request method:	GET
Request URI:	https://petstore.swagger.io/v2/user/%21%40
Proxy:			<none>
Request params:	<none>
Query params:	<none>
Form params:	<none>
Path params:	<none>
Headers:		accept=application/json
Cookies:		<none>
Multiparts:		<none>
Body:			<none>
HTTP/1.1 404 Not Found
Date: Mon, 20 Feb 2023 09:42:10 GMT
Content-Type: application/json
Transfer-Encoding: chunked
Connection: keep-alive
Access-Control-Allow-Origin: *
Access-Control-Allow-Methods: GET, POST, DELETE, PUT
Access-Control-Allow-Headers: Content-Type, api_key, Authorization
Server: Jetty(9.2.9.v20150224)

{
    "code": 1,
    "type": "error",
    "message": "User not found"
}
  &amp#27;[32mGiven &amp#27;[0m&amp#27;[32mUser Invoke the &amp#27;[0m&amp#27;[32m&amp#27;[1m"GET"&amp#27;[0m&amp#27;[32m User API service to execute the &amp#27;[0m&amp#27;[32m&amp#27;[1m"getUser_invalid_usernameDefined_Is_Yes_with_special_characters"&amp#27;[0m&amp#27;[32m test scenario&amp#27;[0m &amp#27;[90m# com.cloudmore.testSteps.api.UserServiceSteps.get_user_api_service_called(java.lang.String,java.lang.String)&amp#27;[0m
  &amp#27;[32mThen &amp#27;[0m&amp#27;[32mValidate the Response Status Code&amp#27;[0m                                                                                                     &amp#27;[90m# com.cloudmore.testSteps.api.UserServiceSteps.validateResponseStatusCode()&amp#27;[0m
  &amp#27;[32mThen &amp#27;[0m&amp#27;[32mValidate the response json schema&amp#27;[0m                                                                                                     &amp#27;[90m# com.cloudmore.testSteps.api.UserServiceSteps.validate_json_schema()&amp#27;[0m
  &amp#27;[32mAnd &amp#27;[0m&amp#27;[32mValidate the Response Body&amp#27;[0m                                                                                                             &amp#27;[90m# com.cloudmore.testSteps.api.UserServiceSteps.validateResponseBody()&amp#27;[0m
>>>>>>>>> beforeScenario called [@API, @QuestionThree, @assignment, @getUserAPI]
]]></system-out>
  </testcase>
  <testcase name="runScenario[&quot;Verifying the UPDATE USER API putUser_valid_Username_validBodyDefined_Is_Yes&quot;, &quot;Optional[Verify The CREATE , UPDATE, GET, DELETE APIs of User Service]&quot;](21)" classname="com.cloudmore.runner.TestRunner" time="1.647">
    <system-out><![CDATA[
@API @QuestionThree @assignment @updateUserAPI @API
Scenario Outline: Verifying the UPDATE USER API putUser_valid_Username_validBodyDefined_Is_Yes                                  &amp#27;[90m# src/test/resources/featureFiles/UserServiceAPI.feature:42&amp#27;[0m
>>>>>>>>> beforeScenario called [@API, @QuestionThree, @assignment, @updateUserAPI, @API]
Request method:	PUT
Request URI:	https://petstore.swagger.io/v2/user/AkilaTEST
Proxy:			<none>
Request params:	<none>
Query params:	<none>
Form params:	<none>
Path params:	<none>
Headers:		accept=application/json
				Content-Type=application/json
Cookies:		<none>
Multiparts:		<none>
Body:
{
    "id": 129,
    "username": "AkilaTEST",
    "firstName": "Dhanushaka",
    "lastName": "Samaranayake",
    "email": "akila@email.com",
    "password": "testPassword",
    "phone": "+94717147499",
    "userStatus": 1
}
HTTP/1.1 200 OK
Date: Mon, 20 Feb 2023 09:42:12 GMT
Content-Type: application/json
Transfer-Encoding: chunked
Connection: keep-alive
Access-Control-Allow-Origin: *
Access-Control-Allow-Methods: GET, POST, DELETE, PUT
Access-Control-Allow-Headers: Content-Type, api_key, Authorization
Server: Jetty(9.2.9.v20150224)

{
    "code": 200,
    "type": "unknown",
    "message": "129"
}
  &amp#27;[32mGiven &amp#27;[0m&amp#27;[32mUser Invoke the &amp#27;[0m&amp#27;[32m&amp#27;[1m"UPDATE"&amp#27;[0m&amp#27;[32m User API service to execute the &amp#27;[0m&amp#27;[32m&amp#27;[1m"putUser_valid_Username_validBodyDefined_Is_Yes"&amp#27;[0m&amp#27;[32m test scenario&amp#27;[0m &amp#27;[90m# com.cloudmore.testSteps.api.UserServiceSteps.get_user_api_service_called(java.lang.String,java.lang.String)&amp#27;[0m
  &amp#27;[32mThen &amp#27;[0m&amp#27;[32mValidate the Response Status Code&amp#27;[0m                                                                                        &amp#27;[90m# com.cloudmore.testSteps.api.UserServiceSteps.validateResponseStatusCode()&amp#27;[0m
  &amp#27;[32mThen &amp#27;[0m&amp#27;[32mValidate the response json schema&amp#27;[0m                                                                                        &amp#27;[90m# com.cloudmore.testSteps.api.UserServiceSteps.validate_json_schema()&amp#27;[0m
  &amp#27;[32mAnd &amp#27;[0m&amp#27;[32mValidate the Response Body&amp#27;[0m                                                                                                &amp#27;[90m# com.cloudmore.testSteps.api.UserServiceSteps.validateResponseBody()&amp#27;[0m
>>>>>>>>> beforeScenario called [@API, @QuestionThree, @assignment, @updateUserAPI, @API]
]]></system-out>
  </testcase>
  <testcase name="runScenario[&quot;Verifying the UPDATE USER API putUser_invalid_Username_validBodyDefined_Is_Yes&quot;, &quot;Optional[Verify The CREATE , UPDATE, GET, DELETE APIs of User Service]&quot;](22)" classname="com.cloudmore.runner.TestRunner" time="0">
    <skipped message="Expected status code is not match with actual status code expected [404] but found [200]"/>
    <system-out><![CDATA[
@API @QuestionThree @assignment @updateUserAPI @API
Scenario Outline: Verifying the UPDATE USER API putUser_invalid_Username_validBodyDefined_Is_Yes                                  &amp#27;[90m# src/test/resources/featureFiles/UserServiceAPI.feature:43&amp#27;[0m
>>>>>>>>> beforeScenario called [@API, @QuestionThree, @assignment, @updateUserAPI, @API]
Request method:	PUT
Request URI:	https://petstore.swagger.io/v2/user/invalidUserName
Proxy:			<none>
Request params:	<none>
Query params:	<none>
Form params:	<none>
Path params:	<none>
Headers:		accept=application/json
				Content-Type=application/json
Cookies:		<none>
Multiparts:		<none>
Body:
{
    "id": 129,
    "username": "AkilaTEST",
    "firstName": "Dhanushaka",
    "lastName": "Samaranayake",
    "email": "akila@email.com",
    "password": "testPassword",
    "phone": "+94717147499",
    "userStatus": 1
}
HTTP/1.1 200 OK
Date: Mon, 20 Feb 2023 09:42:14 GMT
Content-Type: application/json
Transfer-Encoding: chunked
Connection: keep-alive
Access-Control-Allow-Origin: *
Access-Control-Allow-Methods: GET, POST, DELETE, PUT
Access-Control-Allow-Headers: Content-Type, api_key, Authorization
Server: Jetty(9.2.9.v20150224)

{
    "code": 200,
    "type": "unknown",
    "message": "129"
}
  &amp#27;[32mGiven &amp#27;[0m&amp#27;[32mUser Invoke the &amp#27;[0m&amp#27;[32m&amp#27;[1m"UPDATE"&amp#27;[0m&amp#27;[32m User API service to execute the &amp#27;[0m&amp#27;[32m&amp#27;[1m"putUser_invalid_Username_validBodyDefined_Is_Yes"&amp#27;[0m&amp#27;[32m test scenario&amp#27;[0m &amp#27;[90m# com.cloudmore.testSteps.api.UserServiceSteps.get_user_api_service_called(java.lang.String,java.lang.String)&amp#27;[0m
  &amp#27;[31mThen &amp#27;[0m&amp#27;[31mValidate the Response Status Code&amp#27;[0m                                                                                          &amp#27;[90m# com.cloudmore.testSteps.api.UserServiceSteps.validateResponseStatusCode()&amp#27;[0m
      &amp#27;[31mjava.lang.AssertionError: Expected status code is not match with actual status code expected [404] but found [200]
	at org.testng.Assert.fail(Assert.java:99)
	at org.testng.Assert.failNotEquals(Assert.java:1037)
	at org.testng.Assert.assertEqualsImpl(Assert.java:140)
	at org.testng.Assert.assertEquals(Assert.java:122)
	at org.testng.Assert.assertEquals(Assert.java:907)
	at com.cloudmore.testSteps.api.UserServiceSteps.validateResponseStatusCode(UserServiceSteps.java:71)
	at âœ½.Validate the Response Status Code(file:///C:/Personal.work/my-repos/cloudmore/cloudmore-qa-automation/src/test/resources/featureFiles/UserServiceAPI.feature:37)
&amp#27;[0m
  &amp#27;[36mThen &amp#27;[0m&amp#27;[36mValidate the response json schema&amp#27;[0m                                                                                          &amp#27;[90m# com.cloudmore.testSteps.api.UserServiceSteps.validate_json_schema()&amp#27;[0m
  &amp#27;[36mAnd &amp#27;[0m&amp#27;[36mValidate the Response Body&amp#27;[0m                                                                                                  &amp#27;[90m# com.cloudmore.testSteps.api.UserServiceSteps.validateResponseBody()&amp#27;[0m
>>>>>>>>> beforeScenario called [@API, @QuestionThree, @assignment, @updateUserAPI, @API]
]]></system-out>
  </testcase>
  <testcase name="runScenario[&quot;Verifying the UPDATE USER API putUser_invalid_Username_validBodyDefined_Is_Yes&quot;, &quot;Optional[Verify The CREATE , UPDATE, GET, DELETE APIs of User Service]&quot;](23)" classname="com.cloudmore.runner.TestRunner" time="1.634">
    <failure message="Expected status code is not match with actual status code expected [404] but found [200]" type="java.lang.AssertionError"><![CDATA[java.lang.AssertionError: Expected status code is not match with actual status code expected [404] but found [200]
]]></failure>
    <system-out><![CDATA[
@API @QuestionThree @assignment @updateUserAPI @API
Scenario Outline: Verifying the UPDATE USER API putUser_invalid_Username_validBodyDefined_Is_Yes                                  &amp#27;[90m# src/test/resources/featureFiles/UserServiceAPI.feature:43&amp#27;[0m
>>>>>>>>> beforeScenario called [@API, @QuestionThree, @assignment, @updateUserAPI, @API]
Request method:	PUT
Request URI:	https://petstore.swagger.io/v2/user/invalidUserName
Proxy:			<none>
Request params:	<none>
Query params:	<none>
Form params:	<none>
Path params:	<none>
Headers:		accept=application/json
				Content-Type=application/json
Cookies:		<none>
Multiparts:		<none>
Body:
{
    "id": 129,
    "username": "AkilaTEST",
    "firstName": "Dhanushaka",
    "lastName": "Samaranayake",
    "email": "akila@email.com",
    "password": "testPassword",
    "phone": "+94717147499",
    "userStatus": 1
}
HTTP/1.1 200 OK
Date: Mon, 20 Feb 2023 09:42:15 GMT
Content-Type: application/json
Transfer-Encoding: chunked
Connection: keep-alive
Access-Control-Allow-Origin: *
Access-Control-Allow-Methods: GET, POST, DELETE, PUT
Access-Control-Allow-Headers: Content-Type, api_key, Authorization
Server: Jetty(9.2.9.v20150224)

{
    "code": 200,
    "type": "unknown",
    "message": "129"
}
  &amp#27;[32mGiven &amp#27;[0m&amp#27;[32mUser Invoke the &amp#27;[0m&amp#27;[32m&amp#27;[1m"UPDATE"&amp#27;[0m&amp#27;[32m User API service to execute the &amp#27;[0m&amp#27;[32m&amp#27;[1m"putUser_invalid_Username_validBodyDefined_Is_Yes"&amp#27;[0m&amp#27;[32m test scenario&amp#27;[0m &amp#27;[90m# com.cloudmore.testSteps.api.UserServiceSteps.get_user_api_service_called(java.lang.String,java.lang.String)&amp#27;[0m
  &amp#27;[31mThen &amp#27;[0m&amp#27;[31mValidate the Response Status Code&amp#27;[0m                                                                                          &amp#27;[90m# com.cloudmore.testSteps.api.UserServiceSteps.validateResponseStatusCode()&amp#27;[0m
      &amp#27;[31mjava.lang.AssertionError: Expected status code is not match with actual status code expected [404] but found [200]
	at org.testng.Assert.fail(Assert.java:99)
	at org.testng.Assert.failNotEquals(Assert.java:1037)
	at org.testng.Assert.assertEqualsImpl(Assert.java:140)
	at org.testng.Assert.assertEquals(Assert.java:122)
	at org.testng.Assert.assertEquals(Assert.java:907)
	at com.cloudmore.testSteps.api.UserServiceSteps.validateResponseStatusCode(UserServiceSteps.java:71)
	at âœ½.Validate the Response Status Code(file:///C:/Personal.work/my-repos/cloudmore/cloudmore-qa-automation/src/test/resources/featureFiles/UserServiceAPI.feature:37)
&amp#27;[0m
  &amp#27;[36mThen &amp#27;[0m&amp#27;[36mValidate the response json schema&amp#27;[0m                                                                                          &amp#27;[90m# com.cloudmore.testSteps.api.UserServiceSteps.validate_json_schema()&amp#27;[0m
  &amp#27;[36mAnd &amp#27;[0m&amp#27;[36mValidate the Response Body&amp#27;[0m                                                                                                  &amp#27;[90m# com.cloudmore.testSteps.api.UserServiceSteps.validateResponseBody()&amp#27;[0m
>>>>>>>>> beforeScenario called [@API, @QuestionThree, @assignment, @updateUserAPI, @API]
]]></system-out>
  </testcase>
  <testcase name="runScenario[&quot;Verifying the UPDATE USER API putUser_username_Is_Null_validBodyDefined_Is_Yes&quot;, &quot;Optional[Verify The CREATE , UPDATE, GET, DELETE APIs of User Service]&quot;](24)" classname="com.cloudmore.runner.TestRunner" time="0">
    <skipped message="1 expectation failed.&#10;Response body doesn&apos;t match expectation.&#10;Expected: The content to match the given JSON schema.&#10;error: object has missing required properties ([&quot;message&quot;])&#10;    level: &quot;error&quot;&#10;    schema: {&quot;loadingURI&quot;:&quot;#&quot;,&quot;pointer&quot;:&quot;&quot;}&#10;    instance: {&quot;pointer&quot;:&quot;&quot;}&#10;    domain: &quot;validation&quot;&#10;    keyword: &quot;required&quot;&#10;    required: [&quot;code&quot;,&quot;message&quot;,&quot;type&quot;]&#10;    missing: [&quot;message&quot;]&#10;&#10;  Actual: {&quot;code&quot;:405,&quot;type&quot;:&quot;unknown&quot;}&#10;"/>
    <system-out><![CDATA[
@API @QuestionThree @assignment @updateUserAPI @API
Scenario Outline: Verifying the UPDATE USER API putUser_username_Is_Null_validBodyDefined_Is_Yes                                  &amp#27;[90m# src/test/resources/featureFiles/UserServiceAPI.feature:44&amp#27;[0m
>>>>>>>>> beforeScenario called [@API, @QuestionThree, @assignment, @updateUserAPI, @API]
Request method:	PUT
Request URI:	https://petstore.swagger.io/v2/user/
Proxy:			<none>
Request params:	<none>
Query params:	<none>
Form params:	<none>
Path params:	<none>
Headers:		accept=application/json
				Content-Type=application/json
Cookies:		<none>
Multiparts:		<none>
Body:
{
    "id": 129,
    "username": "AkilaTEST",
    "firstName": "Dhanushaka",
    "lastName": "Samaranayake",
    "email": "akila@email.com",
    "password": "testPassword",
    "phone": "+94717147499",
    "userStatus": 1
}
HTTP/1.1 405 Method Not Allowed
Date: Mon, 20 Feb 2023 09:42:17 GMT
Content-Type: application/json
Transfer-Encoding: chunked
Connection: keep-alive
Access-Control-Allow-Origin: *
Access-Control-Allow-Methods: GET, POST, DELETE, PUT
Access-Control-Allow-Headers: Content-Type, api_key, Authorization
Server: Jetty(9.2.9.v20150224)

{
    "code": 405,
    "type": "unknown"
}
  &amp#27;[32mGiven &amp#27;[0m&amp#27;[32mUser Invoke the &amp#27;[0m&amp#27;[32m&amp#27;[1m"UPDATE"&amp#27;[0m&amp#27;[32m User API service to execute the &amp#27;[0m&amp#27;[32m&amp#27;[1m"putUser_username_Is_Null_validBodyDefined_Is_Yes"&amp#27;[0m&amp#27;[32m test scenario&amp#27;[0m &amp#27;[90m# com.cloudmore.testSteps.api.UserServiceSteps.get_user_api_service_called(java.lang.String,java.lang.String)&amp#27;[0m
  &amp#27;[32mThen &amp#27;[0m&amp#27;[32mValidate the Response Status Code&amp#27;[0m                                                                                          &amp#27;[90m# com.cloudmore.testSteps.api.UserServiceSteps.validateResponseStatusCode()&amp#27;[0m
  &amp#27;[31mThen &amp#27;[0m&amp#27;[31mValidate the response json schema&amp#27;[0m                                                                                          &amp#27;[90m# com.cloudmore.testSteps.api.UserServiceSteps.validate_json_schema()&amp#27;[0m
      &amp#27;[31mjava.lang.AssertionError: 1 expectation failed.
Response body doesn't match expectation.
Expected: The content to match the given JSON schema.
error: object has missing required properties (["message"])
    level: "error"
    schema: {"loadingURI":"#","pointer":""}
    instance: {"pointer":""}
    domain: "validation"
    keyword: "required"
    required: ["code","message","type"]
    missing: ["message"]

  Actual: {"code":405,"type":"unknown"}

	at java.base/jdk.internal.reflect.NativeConstructorAccessorImpl.newInstance0(Native Method)
	at java.base/jdk.internal.reflect.NativeConstructorAccessorImpl.newInstance(NativeConstructorAccessorImpl.java:62)
	at java.base/jdk.internal.reflect.DelegatingConstructorAccessorImpl.newInstance(DelegatingConstructorAccessorImpl.java:45)
	at java.base/java.lang.reflect.Constructor.newInstance(Constructor.java:490)
	at org.codehaus.groovy.reflection.CachedConstructor.invoke(CachedConstructor.java:72)
	at org.codehaus.groovy.reflection.CachedConstructor.doConstructorInvoke(CachedConstructor.java:59)
	at org.codehaus.groovy.runtime.callsite.ConstructorSite$ConstructorSiteNoUnwrap.callConstructor(ConstructorSite.java:84)
	at org.codehaus.groovy.runtime.callsite.AbstractCallSite.callConstructor(AbstractCallSite.java:277)
	at io.restassured.internal.ResponseSpecificationImpl$HamcrestAssertionClosure.validate(ResponseSpecificationImpl.groovy:493)
	at io.restassured.internal.ResponseSpecificationImpl$HamcrestAssertionClosure$validate$1.call(Unknown Source)
	at io.restassured.internal.ResponseSpecificationImpl.validateResponseIfRequired(ResponseSpecificationImpl.groovy:674)
	at java.base/jdk.internal.reflect.NativeMethodAccessorImpl.invoke0(Native Method)
	at java.base/jdk.internal.reflect.NativeMethodAccessorImpl.invoke(NativeMethodAccessorImpl.java:62)
	at java.base/jdk.internal.reflect.DelegatingMethodAccessorImpl.invoke(DelegatingMethodAccessorImpl.java:43)
	at java.base/java.lang.reflect.Method.invoke(Method.java:566)
	at org.codehaus.groovy.runtime.callsite.PlainObjectMetaMethodSite.doInvoke(PlainObjectMetaMethodSite.java:43)
	at org.codehaus.groovy.runtime.callsite.PogoMetaMethodSite$PogoCachedMethodSiteNoUnwrapNoCoerce.invoke(PogoMetaMethodSite.java:193)
	at org.codehaus.groovy.runtime.callsite.PogoMetaMethodSite.callCurrent(PogoMetaMethodSite.java:61)
	at org.codehaus.groovy.runtime.callsite.AbstractCallSite.callCurrent(AbstractCallSite.java:185)
	at io.restassured.internal.ResponseSpecificationImpl.body(ResponseSpecificationImpl.groovy:98)
	at io.restassured.internal.ValidatableResponseOptionsImpl.body(ValidatableResponseOptionsImpl.java:238)
	at io.restassured.internal.ValidatableResponseImpl.super$2$body(ValidatableResponseImpl.groovy)
	at java.base/jdk.internal.reflect.NativeMethodAccessorImpl.invoke0(Native Method)
	at java.base/jdk.internal.reflect.NativeMethodAccessorImpl.invoke(NativeMethodAccessorImpl.java:62)
	at java.base/jdk.internal.reflect.DelegatingMethodAccessorImpl.invoke(DelegatingMethodAccessorImpl.java:43)
	at java.base/java.lang.reflect.Method.invoke(Method.java:566)
	at org.codehaus.groovy.reflection.CachedMethod.invoke(CachedMethod.java:107)
	at groovy.lang.MetaMethod.doMethodInvoke(MetaMethod.java:323)
	at groovy.lang.MetaClassImpl.invokeMethod(MetaClassImpl.java:1268)
	at org.codehaus.groovy.runtime.ScriptBytecodeAdapter.invokeMethodOnSuperN(ScriptBytecodeAdapter.java:144)
	at io.restassured.internal.ValidatableResponseImpl.body(ValidatableResponseImpl.groovy:293)
	at io.restassured.internal.ValidatableResponseImpl.body(ValidatableResponseImpl.groovy)
	at com.cloudmore.testSteps.api.UserServiceSteps.validate_json_schema(UserServiceSteps.java:104)
	at âœ½.Validate the response json schema(file:///C:/Personal.work/my-repos/cloudmore/cloudmore-qa-automation/src/test/resources/featureFiles/UserServiceAPI.feature:38)
&amp#27;[0m
  &amp#27;[36mAnd &amp#27;[0m&amp#27;[36mValidate the Response Body&amp#27;[0m                                                                                                  &amp#27;[90m# com.cloudmore.testSteps.api.UserServiceSteps.validateResponseBody()&amp#27;[0m
>>>>>>>>> beforeScenario called [@API, @QuestionThree, @assignment, @updateUserAPI, @API]
]]></system-out>
  </testcase>
  <testcase name="runScenario[&quot;Verifying the UPDATE USER API putUser_username_Is_Null_validBodyDefined_Is_Yes&quot;, &quot;Optional[Verify The CREATE , UPDATE, GET, DELETE APIs of User Service]&quot;](25)" classname="com.cloudmore.runner.TestRunner" time="1.555">
    <failure message="1 expectation failed.&#10;Response body doesn&apos;t match expectation.&#10;Expected: The content to match the given JSON schema.&#10;error: object has missing required properties ([&quot;message&quot;])&#10;    level: &quot;error&quot;&#10;    schema: {&quot;loadingURI&quot;:&quot;#&quot;,&quot;pointer&quot;:&quot;&quot;}&#10;    instance: {&quot;pointer&quot;:&quot;&quot;}&#10;    domain: &quot;validation&quot;&#10;    keyword: &quot;required&quot;&#10;    required: [&quot;code&quot;,&quot;message&quot;,&quot;type&quot;]&#10;    missing: [&quot;message&quot;]&#10;&#10;  Actual: {&quot;code&quot;:405,&quot;type&quot;:&quot;unknown&quot;}&#10;" type="java.lang.AssertionError"><![CDATA[java.lang.AssertionError: 
1 expectation failed.
Response body doesn't match expectation.
Expected: The content to match the given JSON schema.
error: object has missing required properties (["message"])
    level: "error"
    schema: {"loadingURI":"#","pointer":""}
    instance: {"pointer":""}
    domain: "validation"
    keyword: "required"
    required: ["code","message","type"]
    missing: ["message"]

  Actual: {"code":405,"type":"unknown"}

]]></failure>
    <system-out><![CDATA[
@API @QuestionThree @assignment @updateUserAPI @API
Scenario Outline: Verifying the UPDATE USER API putUser_username_Is_Null_validBodyDefined_Is_Yes                                  &amp#27;[90m# src/test/resources/featureFiles/UserServiceAPI.feature:44&amp#27;[0m
>>>>>>>>> beforeScenario called [@API, @QuestionThree, @assignment, @updateUserAPI, @API]
Request method:	PUT
Request URI:	https://petstore.swagger.io/v2/user/
Proxy:			<none>
Request params:	<none>
Query params:	<none>
Form params:	<none>
Path params:	<none>
Headers:		accept=application/json
				Content-Type=application/json
Cookies:		<none>
Multiparts:		<none>
Body:
{
    "id": 129,
    "username": "AkilaTEST",
    "firstName": "Dhanushaka",
    "lastName": "Samaranayake",
    "email": "akila@email.com",
    "password": "testPassword",
    "phone": "+94717147499",
    "userStatus": 1
}
HTTP/1.1 405 Method Not Allowed
Date: Mon, 20 Feb 2023 09:42:18 GMT
Content-Type: application/json
Transfer-Encoding: chunked
Connection: keep-alive
Access-Control-Allow-Origin: *
Access-Control-Allow-Methods: GET, POST, DELETE, PUT
Access-Control-Allow-Headers: Content-Type, api_key, Authorization
Server: Jetty(9.2.9.v20150224)

{
    "code": 405,
    "type": "unknown"
}
  &amp#27;[32mGiven &amp#27;[0m&amp#27;[32mUser Invoke the &amp#27;[0m&amp#27;[32m&amp#27;[1m"UPDATE"&amp#27;[0m&amp#27;[32m User API service to execute the &amp#27;[0m&amp#27;[32m&amp#27;[1m"putUser_username_Is_Null_validBodyDefined_Is_Yes"&amp#27;[0m&amp#27;[32m test scenario&amp#27;[0m &amp#27;[90m# com.cloudmore.testSteps.api.UserServiceSteps.get_user_api_service_called(java.lang.String,java.lang.String)&amp#27;[0m
  &amp#27;[32mThen &amp#27;[0m&amp#27;[32mValidate the Response Status Code&amp#27;[0m                                                                                          &amp#27;[90m# com.cloudmore.testSteps.api.UserServiceSteps.validateResponseStatusCode()&amp#27;[0m
  &amp#27;[31mThen &amp#27;[0m&amp#27;[31mValidate the response json schema&amp#27;[0m                                                                                          &amp#27;[90m# com.cloudmore.testSteps.api.UserServiceSteps.validate_json_schema()&amp#27;[0m
      &amp#27;[31mjava.lang.AssertionError: 1 expectation failed.
Response body doesn't match expectation.
Expected: The content to match the given JSON schema.
error: object has missing required properties (["message"])
    level: "error"
    schema: {"loadingURI":"#","pointer":""}
    instance: {"pointer":""}
    domain: "validation"
    keyword: "required"
    required: ["code","message","type"]
    missing: ["message"]

  Actual: {"code":405,"type":"unknown"}

	at java.base/jdk.internal.reflect.NativeConstructorAccessorImpl.newInstance0(Native Method)
	at java.base/jdk.internal.reflect.NativeConstructorAccessorImpl.newInstance(NativeConstructorAccessorImpl.java:62)
	at java.base/jdk.internal.reflect.DelegatingConstructorAccessorImpl.newInstance(DelegatingConstructorAccessorImpl.java:45)
	at java.base/java.lang.reflect.Constructor.newInstance(Constructor.java:490)
	at org.codehaus.groovy.reflection.CachedConstructor.invoke(CachedConstructor.java:72)
	at org.codehaus.groovy.reflection.CachedConstructor.doConstructorInvoke(CachedConstructor.java:59)
	at org.codehaus.groovy.runtime.callsite.ConstructorSite$ConstructorSiteNoUnwrap.callConstructor(ConstructorSite.java:84)
	at org.codehaus.groovy.runtime.callsite.AbstractCallSite.callConstructor(AbstractCallSite.java:277)
	at io.restassured.internal.ResponseSpecificationImpl$HamcrestAssertionClosure.validate(ResponseSpecificationImpl.groovy:493)
	at io.restassured.internal.ResponseSpecificationImpl$HamcrestAssertionClosure$validate$1.call(Unknown Source)
	at io.restassured.internal.ResponseSpecificationImpl.validateResponseIfRequired(ResponseSpecificationImpl.groovy:674)
	at java.base/jdk.internal.reflect.NativeMethodAccessorImpl.invoke0(Native Method)
	at java.base/jdk.internal.reflect.NativeMethodAccessorImpl.invoke(NativeMethodAccessorImpl.java:62)
	at java.base/jdk.internal.reflect.DelegatingMethodAccessorImpl.invoke(DelegatingMethodAccessorImpl.java:43)
	at java.base/java.lang.reflect.Method.invoke(Method.java:566)
	at org.codehaus.groovy.runtime.callsite.PlainObjectMetaMethodSite.doInvoke(PlainObjectMetaMethodSite.java:43)
	at org.codehaus.groovy.runtime.callsite.PogoMetaMethodSite$PogoCachedMethodSiteNoUnwrapNoCoerce.invoke(PogoMetaMethodSite.java:193)
	at org.codehaus.groovy.runtime.callsite.PogoMetaMethodSite.callCurrent(PogoMetaMethodSite.java:61)
	at org.codehaus.groovy.runtime.callsite.AbstractCallSite.callCurrent(AbstractCallSite.java:185)
	at io.restassured.internal.ResponseSpecificationImpl.body(ResponseSpecificationImpl.groovy:98)
	at io.restassured.internal.ValidatableResponseOptionsImpl.body(ValidatableResponseOptionsImpl.java:238)
	at io.restassured.internal.ValidatableResponseImpl.super$2$body(ValidatableResponseImpl.groovy)
	at java.base/jdk.internal.reflect.NativeMethodAccessorImpl.invoke0(Native Method)
	at java.base/jdk.internal.reflect.NativeMethodAccessorImpl.invoke(NativeMethodAccessorImpl.java:62)
	at java.base/jdk.internal.reflect.DelegatingMethodAccessorImpl.invoke(DelegatingMethodAccessorImpl.java:43)
	at java.base/java.lang.reflect.Method.invoke(Method.java:566)
	at org.codehaus.groovy.reflection.CachedMethod.invoke(CachedMethod.java:107)
	at groovy.lang.MetaMethod.doMethodInvoke(MetaMethod.java:323)
	at groovy.lang.MetaClassImpl.invokeMethod(MetaClassImpl.java:1268)
	at org.codehaus.groovy.runtime.ScriptBytecodeAdapter.invokeMethodOnSuperN(ScriptBytecodeAdapter.java:144)
	at io.restassured.internal.ValidatableResponseImpl.body(ValidatableResponseImpl.groovy:293)
	at io.restassured.internal.ValidatableResponseImpl.body(ValidatableResponseImpl.groovy)
	at com.cloudmore.testSteps.api.UserServiceSteps.validate_json_schema(UserServiceSteps.java:104)
	at âœ½.Validate the response json schema(file:///C:/Personal.work/my-repos/cloudmore/cloudmore-qa-automation/src/test/resources/featureFiles/UserServiceAPI.feature:38)
&amp#27;[0m
  &amp#27;[36mAnd &amp#27;[0m&amp#27;[36mValidate the Response Body&amp#27;[0m                                                                                                  &amp#27;[90m# com.cloudmore.testSteps.api.UserServiceSteps.validateResponseBody()&amp#27;[0m
>>>>>>>>> beforeScenario called [@API, @QuestionThree, @assignment, @updateUserAPI, @API]
]]></system-out>
  </testcase>
  <testcase name="runScenario[&quot;Verifying the UPDATE USER API putUser_username_with_special_Characters_validBodyDefined_Is_Yes&quot;, &quot;Optional[Verify The CREATE , UPDATE, GET, DELETE APIs of User Service]&quot;](26)" classname="com.cloudmore.runner.TestRunner" time="0">
    <skipped message="Expected status code is not match with actual status code expected [404] but found [200]"/>
    <system-out><![CDATA[
@API @QuestionThree @assignment @updateUserAPI @API
Scenario Outline: Verifying the UPDATE USER API putUser_username_with_special_Characters_validBodyDefined_Is_Yes                                  &amp#27;[90m# src/test/resources/featureFiles/UserServiceAPI.feature:45&amp#27;[0m
>>>>>>>>> beforeScenario called [@API, @QuestionThree, @assignment, @updateUserAPI, @API]
Request method:	PUT
Request URI:	https://petstore.swagger.io/v2/user/%21%40
Proxy:			<none>
Request params:	<none>
Query params:	<none>
Form params:	<none>
Path params:	<none>
Headers:		accept=application/json
				Content-Type=application/json
Cookies:		<none>
Multiparts:		<none>
Body:
{
    "id": 129,
    "username": "AkilaTEST",
    "firstName": "Dhanushaka",
    "lastName": "Samaranayake",
    "email": "akila@email.com",
    "password": "testPassword",
    "phone": "+94717147499",
    "userStatus": 1
}
HTTP/1.1 200 OK
Date: Mon, 20 Feb 2023 09:42:20 GMT
Content-Type: application/json
Transfer-Encoding: chunked
Connection: keep-alive
Access-Control-Allow-Origin: *
Access-Control-Allow-Methods: GET, POST, DELETE, PUT
Access-Control-Allow-Headers: Content-Type, api_key, Authorization
Server: Jetty(9.2.9.v20150224)

{
    "code": 200,
    "type": "unknown",
    "message": "129"
}
  &amp#27;[32mGiven &amp#27;[0m&amp#27;[32mUser Invoke the &amp#27;[0m&amp#27;[32m&amp#27;[1m"UPDATE"&amp#27;[0m&amp#27;[32m User API service to execute the &amp#27;[0m&amp#27;[32m&amp#27;[1m"putUser_username_with_special_Characters_validBodyDefined_Is_Yes"&amp#27;[0m&amp#27;[32m test scenario&amp#27;[0m &amp#27;[90m# com.cloudmore.testSteps.api.UserServiceSteps.get_user_api_service_called(java.lang.String,java.lang.String)&amp#27;[0m
  &amp#27;[31mThen &amp#27;[0m&amp#27;[31mValidate the Response Status Code&amp#27;[0m                                                                                                          &amp#27;[90m# com.cloudmore.testSteps.api.UserServiceSteps.validateResponseStatusCode()&amp#27;[0m
      &amp#27;[31mjava.lang.AssertionError: Expected status code is not match with actual status code expected [404] but found [200]
	at org.testng.Assert.fail(Assert.java:99)
	at org.testng.Assert.failNotEquals(Assert.java:1037)
	at org.testng.Assert.assertEqualsImpl(Assert.java:140)
	at org.testng.Assert.assertEquals(Assert.java:122)
	at org.testng.Assert.assertEquals(Assert.java:907)
	at com.cloudmore.testSteps.api.UserServiceSteps.validateResponseStatusCode(UserServiceSteps.java:71)
	at âœ½.Validate the Response Status Code(file:///C:/Personal.work/my-repos/cloudmore/cloudmore-qa-automation/src/test/resources/featureFiles/UserServiceAPI.feature:37)
&amp#27;[0m
  &amp#27;[36mThen &amp#27;[0m&amp#27;[36mValidate the response json schema&amp#27;[0m                                                                                                          &amp#27;[90m# com.cloudmore.testSteps.api.UserServiceSteps.validate_json_schema()&amp#27;[0m
  &amp#27;[36mAnd &amp#27;[0m&amp#27;[36mValidate the Response Body&amp#27;[0m                                                                                                                  &amp#27;[90m# com.cloudmore.testSteps.api.UserServiceSteps.validateResponseBody()&amp#27;[0m
>>>>>>>>> beforeScenario called [@API, @QuestionThree, @assignment, @updateUserAPI, @API]
]]></system-out>
  </testcase>
  <testcase name="runScenario[&quot;Verifying the UPDATE USER API putUser_username_with_special_Characters_validBodyDefined_Is_Yes&quot;, &quot;Optional[Verify The CREATE , UPDATE, GET, DELETE APIs of User Service]&quot;](27)" classname="com.cloudmore.runner.TestRunner" time="1.543">
    <failure message="Expected status code is not match with actual status code expected [404] but found [200]" type="java.lang.AssertionError"><![CDATA[java.lang.AssertionError: Expected status code is not match with actual status code expected [404] but found [200]
]]></failure>
    <system-out><![CDATA[
@API @QuestionThree @assignment @updateUserAPI @API
Scenario Outline: Verifying the UPDATE USER API putUser_username_with_special_Characters_validBodyDefined_Is_Yes                                  &amp#27;[90m# src/test/resources/featureFiles/UserServiceAPI.feature:45&amp#27;[0m
>>>>>>>>> beforeScenario called [@API, @QuestionThree, @assignment, @updateUserAPI, @API]
Request method:	PUT
Request URI:	https://petstore.swagger.io/v2/user/%21%40
Proxy:			<none>
Request params:	<none>
Query params:	<none>
Form params:	<none>
Path params:	<none>
Headers:		accept=application/json
				Content-Type=application/json
Cookies:		<none>
Multiparts:		<none>
Body:
{
    "id": 129,
    "username": "AkilaTEST",
    "firstName": "Dhanushaka",
    "lastName": "Samaranayake",
    "email": "akila@email.com",
    "password": "testPassword",
    "phone": "+94717147499",
    "userStatus": 1
}
HTTP/1.1 200 OK
Date: Mon, 20 Feb 2023 09:42:22 GMT
Content-Type: application/json
Transfer-Encoding: chunked
Connection: keep-alive
Access-Control-Allow-Origin: *
Access-Control-Allow-Methods: GET, POST, DELETE, PUT
Access-Control-Allow-Headers: Content-Type, api_key, Authorization
Server: Jetty(9.2.9.v20150224)

{
    "code": 200,
    "type": "unknown",
    "message": "129"
}
  &amp#27;[32mGiven &amp#27;[0m&amp#27;[32mUser Invoke the &amp#27;[0m&amp#27;[32m&amp#27;[1m"UPDATE"&amp#27;[0m&amp#27;[32m User API service to execute the &amp#27;[0m&amp#27;[32m&amp#27;[1m"putUser_username_with_special_Characters_validBodyDefined_Is_Yes"&amp#27;[0m&amp#27;[32m test scenario&amp#27;[0m &amp#27;[90m# com.cloudmore.testSteps.api.UserServiceSteps.get_user_api_service_called(java.lang.String,java.lang.String)&amp#27;[0m
  &amp#27;[31mThen &amp#27;[0m&amp#27;[31mValidate the Response Status Code&amp#27;[0m                                                                                                          &amp#27;[90m# com.cloudmore.testSteps.api.UserServiceSteps.validateResponseStatusCode()&amp#27;[0m
      &amp#27;[31mjava.lang.AssertionError: Expected status code is not match with actual status code expected [404] but found [200]
	at org.testng.Assert.fail(Assert.java:99)
	at org.testng.Assert.failNotEquals(Assert.java:1037)
	at org.testng.Assert.assertEqualsImpl(Assert.java:140)
	at org.testng.Assert.assertEquals(Assert.java:122)
	at org.testng.Assert.assertEquals(Assert.java:907)
	at com.cloudmore.testSteps.api.UserServiceSteps.validateResponseStatusCode(UserServiceSteps.java:71)
	at âœ½.Validate the Response Status Code(file:///C:/Personal.work/my-repos/cloudmore/cloudmore-qa-automation/src/test/resources/featureFiles/UserServiceAPI.feature:37)
&amp#27;[0m
  &amp#27;[36mThen &amp#27;[0m&amp#27;[36mValidate the response json schema&amp#27;[0m                                                                                                          &amp#27;[90m# com.cloudmore.testSteps.api.UserServiceSteps.validate_json_schema()&amp#27;[0m
  &amp#27;[36mAnd &amp#27;[0m&amp#27;[36mValidate the Response Body&amp#27;[0m                                                                                                                  &amp#27;[90m# com.cloudmore.testSteps.api.UserServiceSteps.validateResponseBody()&amp#27;[0m
>>>>>>>>> beforeScenario called [@API, @QuestionThree, @assignment, @updateUserAPI, @API]
]]></system-out>
  </testcase>
  <testcase name="runScenario[&quot;Verifying the UPDATE USER API putUser_valid_Username_BodyDefined_Is_No&quot;, &quot;Optional[Verify The CREATE , UPDATE, GET, DELETE APIs of User Service]&quot;](28)" classname="com.cloudmore.runner.TestRunner" time="1.555">
    <system-out><![CDATA[
@API @QuestionThree @assignment @updateUserAPI @API
Scenario Outline: Verifying the UPDATE USER API putUser_valid_Username_BodyDefined_Is_No                                  &amp#27;[90m# src/test/resources/featureFiles/UserServiceAPI.feature:46&amp#27;[0m
>>>>>>>>> beforeScenario called [@API, @QuestionThree, @assignment, @updateUserAPI, @API]
Request method:	PUT
Request URI:	https://petstore.swagger.io/v2/user/AkilaTEST
Proxy:			<none>
Request params:	<none>
Query params:	<none>
Form params:	<none>
Path params:	<none>
Headers:		accept=application/json
				Content-Type=application/json
Cookies:		<none>
Multiparts:		<none>
Body:			<none>
HTTP/1.1 405 Method Not Allowed
Date: Mon, 20 Feb 2023 09:42:23 GMT
Content-Type: application/json
Transfer-Encoding: chunked
Connection: keep-alive
Access-Control-Allow-Origin: *
Access-Control-Allow-Methods: GET, POST, DELETE, PUT
Access-Control-Allow-Headers: Content-Type, api_key, Authorization
Server: Jetty(9.2.9.v20150224)

{
    "code": 405,
    "type": "unknown",
    "message": "no data"
}
  &amp#27;[32mGiven &amp#27;[0m&amp#27;[32mUser Invoke the &amp#27;[0m&amp#27;[32m&amp#27;[1m"UPDATE"&amp#27;[0m&amp#27;[32m User API service to execute the &amp#27;[0m&amp#27;[32m&amp#27;[1m"putUser_valid_Username_BodyDefined_Is_No"&amp#27;[0m&amp#27;[32m test scenario&amp#27;[0m &amp#27;[90m# com.cloudmore.testSteps.api.UserServiceSteps.get_user_api_service_called(java.lang.String,java.lang.String)&amp#27;[0m
  &amp#27;[32mThen &amp#27;[0m&amp#27;[32mValidate the Response Status Code&amp#27;[0m                                                                                  &amp#27;[90m# com.cloudmore.testSteps.api.UserServiceSteps.validateResponseStatusCode()&amp#27;[0m
  &amp#27;[32mThen &amp#27;[0m&amp#27;[32mValidate the response json schema&amp#27;[0m                                                                                  &amp#27;[90m# com.cloudmore.testSteps.api.UserServiceSteps.validate_json_schema()&amp#27;[0m
  &amp#27;[32mAnd &amp#27;[0m&amp#27;[32mValidate the Response Body&amp#27;[0m                                                                                          &amp#27;[90m# com.cloudmore.testSteps.api.UserServiceSteps.validateResponseBody()&amp#27;[0m
>>>>>>>>> beforeScenario called [@API, @QuestionThree, @assignment, @updateUserAPI, @API]
]]></system-out>
  </testcase>
  <testcase name="runScenario[&quot;Verifying the UPDATE USER API putUser_invalid_Username_BodyDefined_Is_No&quot;, &quot;Optional[Verify The CREATE , UPDATE, GET, DELETE APIs of User Service]&quot;](29)" classname="com.cloudmore.runner.TestRunner" time="1.527">
    <system-out><![CDATA[
@API @QuestionThree @assignment @updateUserAPI @API
Scenario Outline: Verifying the UPDATE USER API putUser_invalid_Username_BodyDefined_Is_No                                  &amp#27;[90m# src/test/resources/featureFiles/UserServiceAPI.feature:47&amp#27;[0m
>>>>>>>>> beforeScenario called [@API, @QuestionThree, @assignment, @updateUserAPI, @API]
Request method:	PUT
Request URI:	https://petstore.swagger.io/v2/user/invalidUserName
Proxy:			<none>
Request params:	<none>
Query params:	<none>
Form params:	<none>
Path params:	<none>
Headers:		accept=application/json
				Content-Type=application/json
Cookies:		<none>
Multiparts:		<none>
Body:			<none>
HTTP/1.1 405 Method Not Allowed
Date: Mon, 20 Feb 2023 09:42:25 GMT
Content-Type: application/json
Transfer-Encoding: chunked
Connection: keep-alive
Access-Control-Allow-Origin: *
Access-Control-Allow-Methods: GET, POST, DELETE, PUT
Access-Control-Allow-Headers: Content-Type, api_key, Authorization
Server: Jetty(9.2.9.v20150224)

{
    "code": 405,
    "type": "unknown",
    "message": "no data"
}
  &amp#27;[32mGiven &amp#27;[0m&amp#27;[32mUser Invoke the &amp#27;[0m&amp#27;[32m&amp#27;[1m"UPDATE"&amp#27;[0m&amp#27;[32m User API service to execute the &amp#27;[0m&amp#27;[32m&amp#27;[1m"putUser_invalid_Username_BodyDefined_Is_No"&amp#27;[0m&amp#27;[32m test scenario&amp#27;[0m &amp#27;[90m# com.cloudmore.testSteps.api.UserServiceSteps.get_user_api_service_called(java.lang.String,java.lang.String)&amp#27;[0m
  &amp#27;[32mThen &amp#27;[0m&amp#27;[32mValidate the Response Status Code&amp#27;[0m                                                                                    &amp#27;[90m# com.cloudmore.testSteps.api.UserServiceSteps.validateResponseStatusCode()&amp#27;[0m
  &amp#27;[32mThen &amp#27;[0m&amp#27;[32mValidate the response json schema&amp#27;[0m                                                                                    &amp#27;[90m# com.cloudmore.testSteps.api.UserServiceSteps.validate_json_schema()&amp#27;[0m
  &amp#27;[32mAnd &amp#27;[0m&amp#27;[32mValidate the Response Body&amp#27;[0m                                                                                            &amp#27;[90m# com.cloudmore.testSteps.api.UserServiceSteps.validateResponseBody()&amp#27;[0m
>>>>>>>>> beforeScenario called [@API, @QuestionThree, @assignment, @updateUserAPI, @API]
]]></system-out>
  </testcase>
  <testcase name="runScenario[&quot;Verifying the UPDATE USER API putUser_valid_Username_BodyApplicationJsonType_Is_NotObject&quot;, &quot;Optional[Verify The CREATE , UPDATE, GET, DELETE APIs of User Service]&quot;](30)" classname="com.cloudmore.runner.TestRunner" time="1.432">
    <system-out><![CDATA[
@API @QuestionThree @assignment @updateUserAPI @API
Scenario Outline: Verifying the UPDATE USER API putUser_valid_Username_BodyApplicationJsonType_Is_NotObject                                  &amp#27;[90m# src/test/resources/featureFiles/UserServiceAPI.feature:48&amp#27;[0m
>>>>>>>>> beforeScenario called [@API, @QuestionThree, @assignment, @updateUserAPI, @API]
Request method:	PUT
Request URI:	https://petstore.swagger.io/v2/user/AkilaTEST
Proxy:			<none>
Request params:	<none>
Query params:	<none>
Form params:	<none>
Path params:	<none>
Headers:		accept=application/json
				Content-Type=application/json
Cookies:		<none>
Multiparts:		<none>
Body:
test
HTTP/1.1 400 Bad Request
Date: Mon, 20 Feb 2023 09:42:26 GMT
Content-Type: application/json
Transfer-Encoding: chunked
Connection: keep-alive
Access-Control-Allow-Origin: *
Access-Control-Allow-Methods: GET, POST, DELETE, PUT
Access-Control-Allow-Headers: Content-Type, api_key, Authorization
Server: Jetty(9.2.9.v20150224)

{
    "code": 400,
    "type": "unknown",
    "message": "bad input"
}
  &amp#27;[32mGiven &amp#27;[0m&amp#27;[32mUser Invoke the &amp#27;[0m&amp#27;[32m&amp#27;[1m"UPDATE"&amp#27;[0m&amp#27;[32m User API service to execute the &amp#27;[0m&amp#27;[32m&amp#27;[1m"putUser_valid_Username_BodyApplicationJsonType_Is_NotObject"&amp#27;[0m&amp#27;[32m test scenario&amp#27;[0m &amp#27;[90m# com.cloudmore.testSteps.api.UserServiceSteps.get_user_api_service_called(java.lang.String,java.lang.String)&amp#27;[0m
  &amp#27;[32mThen &amp#27;[0m&amp#27;[32mValidate the Response Status Code&amp#27;[0m                                                                                                     &amp#27;[90m# com.cloudmore.testSteps.api.UserServiceSteps.validateResponseStatusCode()&amp#27;[0m
  &amp#27;[32mThen &amp#27;[0m&amp#27;[32mValidate the response json schema&amp#27;[0m                                                                                                     &amp#27;[90m# com.cloudmore.testSteps.api.UserServiceSteps.validate_json_schema()&amp#27;[0m
  &amp#27;[32mAnd &amp#27;[0m&amp#27;[32mValidate the Response Body&amp#27;[0m                                                                                                             &amp#27;[90m# com.cloudmore.testSteps.api.UserServiceSteps.validateResponseBody()&amp#27;[0m
>>>>>>>>> beforeScenario called [@API, @QuestionThree, @assignment, @updateUserAPI, @API]
]]></system-out>
  </testcase>
  <testcase name="runScenario[&quot;Verifying the UPDATE USER API putUser_valid_Username_BodyApplicationJsonType_Are_null&quot;, &quot;Optional[Verify The CREATE , UPDATE, GET, DELETE APIs of User Service]&quot;](31)" classname="com.cloudmore.runner.TestRunner" time="0">
    <skipped message="Expected status code is not match with actual status code expected [400] but found [200]"/>
    <system-out><![CDATA[
@API @QuestionThree @assignment @updateUserAPI @API
Scenario Outline: Verifying the UPDATE USER API putUser_valid_Username_BodyApplicationJsonType_Are_null                                  &amp#27;[90m# src/test/resources/featureFiles/UserServiceAPI.feature:49&amp#27;[0m
>>>>>>>>> beforeScenario called [@API, @QuestionThree, @assignment, @updateUserAPI, @API]
Request method:	PUT
Request URI:	https://petstore.swagger.io/v2/user/AkilaTEST
Proxy:			<none>
Request params:	<none>
Query params:	<none>
Form params:	<none>
Path params:	<none>
Headers:		accept=application/json
				Content-Type=application/json
Cookies:		<none>
Multiparts:		<none>
Body:
{
    "id": 0,
    "username": null,
    "firstName": null,
    "lastName": null,
    "email": null,
    "password": null,
    "phone": null,
    "userStatus": 0
}
HTTP/1.1 200 OK
Date: Mon, 20 Feb 2023 09:42:28 GMT
Content-Type: application/json
Transfer-Encoding: chunked
Connection: keep-alive
Access-Control-Allow-Origin: *
Access-Control-Allow-Methods: GET, POST, DELETE, PUT
Access-Control-Allow-Headers: Content-Type, api_key, Authorization
Server: Jetty(9.2.9.v20150224)

{
    "code": 200,
    "type": "unknown",
    "message": "0"
}
  &amp#27;[32mGiven &amp#27;[0m&amp#27;[32mUser Invoke the &amp#27;[0m&amp#27;[32m&amp#27;[1m"UPDATE"&amp#27;[0m&amp#27;[32m User API service to execute the &amp#27;[0m&amp#27;[32m&amp#27;[1m"putUser_valid_Username_BodyApplicationJsonType_Are_null"&amp#27;[0m&amp#27;[32m test scenario&amp#27;[0m &amp#27;[90m# com.cloudmore.testSteps.api.UserServiceSteps.get_user_api_service_called(java.lang.String,java.lang.String)&amp#27;[0m
  &amp#27;[31mThen &amp#27;[0m&amp#27;[31mValidate the Response Status Code&amp#27;[0m                                                                                                 &amp#27;[90m# com.cloudmore.testSteps.api.UserServiceSteps.validateResponseStatusCode()&amp#27;[0m
      &amp#27;[31mjava.lang.AssertionError: Expected status code is not match with actual status code expected [400] but found [200]
	at org.testng.Assert.fail(Assert.java:99)
	at org.testng.Assert.failNotEquals(Assert.java:1037)
	at org.testng.Assert.assertEqualsImpl(Assert.java:140)
	at org.testng.Assert.assertEquals(Assert.java:122)
	at org.testng.Assert.assertEquals(Assert.java:907)
	at com.cloudmore.testSteps.api.UserServiceSteps.validateResponseStatusCode(UserServiceSteps.java:71)
	at âœ½.Validate the Response Status Code(file:///C:/Personal.work/my-repos/cloudmore/cloudmore-qa-automation/src/test/resources/featureFiles/UserServiceAPI.feature:37)
&amp#27;[0m
  &amp#27;[36mThen &amp#27;[0m&amp#27;[36mValidate the response json schema&amp#27;[0m                                                                                                 &amp#27;[90m# com.cloudmore.testSteps.api.UserServiceSteps.validate_json_schema()&amp#27;[0m
  &amp#27;[36mAnd &amp#27;[0m&amp#27;[36mValidate the Response Body&amp#27;[0m                                                                                                         &amp#27;[90m# com.cloudmore.testSteps.api.UserServiceSteps.validateResponseBody()&amp#27;[0m
>>>>>>>>> beforeScenario called [@API, @QuestionThree, @assignment, @updateUserAPI, @API]
]]></system-out>
  </testcase>
  <testcase name="runScenario[&quot;Verifying the UPDATE USER API putUser_valid_Username_BodyApplicationJsonType_Are_null&quot;, &quot;Optional[Verify The CREATE , UPDATE, GET, DELETE APIs of User Service]&quot;](32)" classname="com.cloudmore.runner.TestRunner" time="1.629">
    <failure message="Expected status code is not match with actual status code expected [400] but found [200]" type="java.lang.AssertionError"><![CDATA[java.lang.AssertionError: Expected status code is not match with actual status code expected [400] but found [200]
]]></failure>
    <system-out><![CDATA[
@API @QuestionThree @assignment @updateUserAPI @API
Scenario Outline: Verifying the UPDATE USER API putUser_valid_Username_BodyApplicationJsonType_Are_null                                  &amp#27;[90m# src/test/resources/featureFiles/UserServiceAPI.feature:49&amp#27;[0m
>>>>>>>>> beforeScenario called [@API, @QuestionThree, @assignment, @updateUserAPI, @API]
Request method:	PUT
Request URI:	https://petstore.swagger.io/v2/user/AkilaTEST
Proxy:			<none>
Request params:	<none>
Query params:	<none>
Form params:	<none>
Path params:	<none>
Headers:		accept=application/json
				Content-Type=application/json
Cookies:		<none>
Multiparts:		<none>
Body:
{
    "id": 0,
    "username": null,
    "firstName": null,
    "lastName": null,
    "email": null,
    "password": null,
    "phone": null,
    "userStatus": 0
}
HTTP/1.1 200 OK
Date: Mon, 20 Feb 2023 09:42:29 GMT
Content-Type: application/json
Transfer-Encoding: chunked
Connection: keep-alive
Access-Control-Allow-Origin: *
Access-Control-Allow-Methods: GET, POST, DELETE, PUT
Access-Control-Allow-Headers: Content-Type, api_key, Authorization
Server: Jetty(9.2.9.v20150224)

{
    "code": 200,
    "type": "unknown",
    "message": "0"
}
  &amp#27;[32mGiven &amp#27;[0m&amp#27;[32mUser Invoke the &amp#27;[0m&amp#27;[32m&amp#27;[1m"UPDATE"&amp#27;[0m&amp#27;[32m User API service to execute the &amp#27;[0m&amp#27;[32m&amp#27;[1m"putUser_valid_Username_BodyApplicationJsonType_Are_null"&amp#27;[0m&amp#27;[32m test scenario&amp#27;[0m &amp#27;[90m# com.cloudmore.testSteps.api.UserServiceSteps.get_user_api_service_called(java.lang.String,java.lang.String)&amp#27;[0m
  &amp#27;[31mThen &amp#27;[0m&amp#27;[31mValidate the Response Status Code&amp#27;[0m                                                                                                 &amp#27;[90m# com.cloudmore.testSteps.api.UserServiceSteps.validateResponseStatusCode()&amp#27;[0m
      &amp#27;[31mjava.lang.AssertionError: Expected status code is not match with actual status code expected [400] but found [200]
	at org.testng.Assert.fail(Assert.java:99)
	at org.testng.Assert.failNotEquals(Assert.java:1037)
	at org.testng.Assert.assertEqualsImpl(Assert.java:140)
	at org.testng.Assert.assertEquals(Assert.java:122)
	at org.testng.Assert.assertEquals(Assert.java:907)
	at com.cloudmore.testSteps.api.UserServiceSteps.validateResponseStatusCode(UserServiceSteps.java:71)
	at âœ½.Validate the Response Status Code(file:///C:/Personal.work/my-repos/cloudmore/cloudmore-qa-automation/src/test/resources/featureFiles/UserServiceAPI.feature:37)
&amp#27;[0m
  &amp#27;[36mThen &amp#27;[0m&amp#27;[36mValidate the response json schema&amp#27;[0m                                                                                                 &amp#27;[90m# com.cloudmore.testSteps.api.UserServiceSteps.validate_json_schema()&amp#27;[0m
  &amp#27;[36mAnd &amp#27;[0m&amp#27;[36mValidate the Response Body&amp#27;[0m                                                                                                         &amp#27;[90m# com.cloudmore.testSteps.api.UserServiceSteps.validateResponseBody()&amp#27;[0m
>>>>>>>>> beforeScenario called [@API, @QuestionThree, @assignment, @updateUserAPI, @API]
]]></system-out>
  </testcase>
  <testcase name="runScenario[&quot;Verifying the DELETE USER API deleteUser_valid_userNameDefined_isYes&quot;, &quot;Optional[Verify The CREATE , UPDATE, GET, DELETE APIs of User Service]&quot;](33)" classname="com.cloudmore.runner.TestRunner" time="0">
    <skipped message="Expected Response is not match with actual Response body expected [{&#10;    &quot;code&quot;: 200,&#10;    &quot;type&quot;: &quot;unknown&quot;,&#10;    &quot;message&quot;: &quot;AkilaTest&quot;&#10;}] but found [{&#10;    &quot;code&quot;: 200,&#10;    &quot;type&quot;: &quot;unknown&quot;,&#10;    &quot;message&quot;: &quot;AkilaTEST&quot;&#10;}]"/>
    <system-out><![CDATA[
@API @QuestionThree @assignment @deleteUserAPI @API
Scenario Outline: Verifying the DELETE USER API deleteUser_valid_userNameDefined_isYes                                  &amp#27;[90m# src/test/resources/featureFiles/UserServiceAPI.feature:60&amp#27;[0m
>>>>>>>>> beforeScenario called [@API, @QuestionThree, @assignment, @deleteUserAPI, @API]
Request method:	DELETE
Request URI:	https://petstore.swagger.io/v2/user/AkilaTEST
Proxy:			<none>
Request params:	<none>
Query params:	<none>
Form params:	<none>
Path params:	<none>
Headers:		accept=application/json
Cookies:		<none>
Multiparts:		<none>
Body:			<none>
HTTP/1.1 200 OK
Date: Mon, 20 Feb 2023 09:42:31 GMT
Content-Type: application/json
Transfer-Encoding: chunked
Connection: keep-alive
Access-Control-Allow-Origin: *
Access-Control-Allow-Methods: GET, POST, DELETE, PUT
Access-Control-Allow-Headers: Content-Type, api_key, Authorization
Server: Jetty(9.2.9.v20150224)

{
    "code": 200,
    "type": "unknown",
    "message": "AkilaTEST"
}
  &amp#27;[32mGiven &amp#27;[0m&amp#27;[32mUser Invoke the &amp#27;[0m&amp#27;[32m&amp#27;[1m"DELETE"&amp#27;[0m&amp#27;[32m User API service to execute the &amp#27;[0m&amp#27;[32m&amp#27;[1m"deleteUser_valid_userNameDefined_isYes"&amp#27;[0m&amp#27;[32m test scenario&amp#27;[0m &amp#27;[90m# com.cloudmore.testSteps.api.UserServiceSteps.get_user_api_service_called(java.lang.String,java.lang.String)&amp#27;[0m
  &amp#27;[32mThen &amp#27;[0m&amp#27;[32mValidate the Response Status Code&amp#27;[0m                                                                                &amp#27;[90m# com.cloudmore.testSteps.api.UserServiceSteps.validateResponseStatusCode()&amp#27;[0m
  &amp#27;[32mThen &amp#27;[0m&amp#27;[32mValidate the response json schema&amp#27;[0m                                                                                &amp#27;[90m# com.cloudmore.testSteps.api.UserServiceSteps.validate_json_schema()&amp#27;[0m
  &amp#27;[31mAnd &amp#27;[0m&amp#27;[31mValidate the Response Body&amp#27;[0m                                                                                        &amp#27;[90m# com.cloudmore.testSteps.api.UserServiceSteps.validateResponseBody()&amp#27;[0m
      &amp#27;[31mjava.lang.AssertionError: Expected Response is not match with actual Response body expected [{
    "code": 200,
    "type": "unknown",
    "message": "AkilaTest"
}] but found [{
    "code": 200,
    "type": "unknown",
    "message": "AkilaTEST"
}]
	at org.testng.Assert.fail(Assert.java:99)
	at org.testng.Assert.failNotEquals(Assert.java:1037)
	at org.testng.Assert.assertEqualsImpl(Assert.java:140)
	at org.testng.Assert.assertEquals(Assert.java:122)
	at org.testng.Assert.assertEquals(Assert.java:629)
	at com.cloudmore.testSteps.api.UserServiceSteps.validateResponseBody(UserServiceSteps.java:76)
	at âœ½.Validate the Response Body(file:///C:/Personal.work/my-repos/cloudmore/cloudmore-qa-automation/src/test/resources/featureFiles/UserServiceAPI.feature:57)
&amp#27;[0m
>>>>>>>>> beforeScenario called [@API, @QuestionThree, @assignment, @deleteUserAPI, @API]
]]></system-out>
  </testcase>
  <testcase name="runScenario[&quot;Verifying the DELETE USER API deleteUser_valid_userNameDefined_isYes&quot;, &quot;Optional[Verify The CREATE , UPDATE, GET, DELETE APIs of User Service]&quot;](34)" classname="com.cloudmore.runner.TestRunner" time="1.507">
    <failure message="Expected Response is not match with actual Response body expected [{&#10;    &quot;code&quot;: 200,&#10;    &quot;type&quot;: &quot;unknown&quot;,&#10;    &quot;message&quot;: &quot;AkilaTest&quot;&#10;}] but found [{&#10;    &quot;code&quot;: 200,&#10;    &quot;type&quot;: &quot;unknown&quot;,&#10;    &quot;message&quot;: &quot;AkilaTEST&quot;&#10;}]" type="java.lang.AssertionError"><![CDATA[java.lang.AssertionError: 
Expected Response is not match with actual Response body expected [{
    "code": 200,
    "type": "unknown",
    "message": "AkilaTest"
}] but found [{
    "code": 200,
    "type": "unknown",
    "message": "AkilaTEST"
}]
]]></failure>
    <system-out><![CDATA[
@API @QuestionThree @assignment @deleteUserAPI @API
Scenario Outline: Verifying the DELETE USER API deleteUser_valid_userNameDefined_isYes                                  &amp#27;[90m# src/test/resources/featureFiles/UserServiceAPI.feature:60&amp#27;[0m
>>>>>>>>> beforeScenario called [@API, @QuestionThree, @assignment, @deleteUserAPI, @API]
Request method:	DELETE
Request URI:	https://petstore.swagger.io/v2/user/AkilaTEST
Proxy:			<none>
Request params:	<none>
Query params:	<none>
Form params:	<none>
Path params:	<none>
Headers:		accept=application/json
Cookies:		<none>
Multiparts:		<none>
Body:			<none>
HTTP/1.1 200 OK
Date: Mon, 20 Feb 2023 09:42:33 GMT
Content-Type: application/json
Transfer-Encoding: chunked
Connection: keep-alive
Access-Control-Allow-Origin: *
Access-Control-Allow-Methods: GET, POST, DELETE, PUT
Access-Control-Allow-Headers: Content-Type, api_key, Authorization
Server: Jetty(9.2.9.v20150224)

{
    "code": 200,
    "type": "unknown",
    "message": "AkilaTEST"
}
  &amp#27;[32mGiven &amp#27;[0m&amp#27;[32mUser Invoke the &amp#27;[0m&amp#27;[32m&amp#27;[1m"DELETE"&amp#27;[0m&amp#27;[32m User API service to execute the &amp#27;[0m&amp#27;[32m&amp#27;[1m"deleteUser_valid_userNameDefined_isYes"&amp#27;[0m&amp#27;[32m test scenario&amp#27;[0m &amp#27;[90m# com.cloudmore.testSteps.api.UserServiceSteps.get_user_api_service_called(java.lang.String,java.lang.String)&amp#27;[0m
  &amp#27;[32mThen &amp#27;[0m&amp#27;[32mValidate the Response Status Code&amp#27;[0m                                                                                &amp#27;[90m# com.cloudmore.testSteps.api.UserServiceSteps.validateResponseStatusCode()&amp#27;[0m
  &amp#27;[32mThen &amp#27;[0m&amp#27;[32mValidate the response json schema&amp#27;[0m                                                                                &amp#27;[90m# com.cloudmore.testSteps.api.UserServiceSteps.validate_json_schema()&amp#27;[0m
  &amp#27;[31mAnd &amp#27;[0m&amp#27;[31mValidate the Response Body&amp#27;[0m                                                                                        &amp#27;[90m# com.cloudmore.testSteps.api.UserServiceSteps.validateResponseBody()&amp#27;[0m
      &amp#27;[31mjava.lang.AssertionError: Expected Response is not match with actual Response body expected [{
    "code": 200,
    "type": "unknown",
    "message": "AkilaTest"
}] but found [{
    "code": 200,
    "type": "unknown",
    "message": "AkilaTEST"
}]
	at org.testng.Assert.fail(Assert.java:99)
	at org.testng.Assert.failNotEquals(Assert.java:1037)
	at org.testng.Assert.assertEqualsImpl(Assert.java:140)
	at org.testng.Assert.assertEquals(Assert.java:122)
	at org.testng.Assert.assertEquals(Assert.java:629)
	at com.cloudmore.testSteps.api.UserServiceSteps.validateResponseBody(UserServiceSteps.java:76)
	at âœ½.Validate the Response Body(file:///C:/Personal.work/my-repos/cloudmore/cloudmore-qa-automation/src/test/resources/featureFiles/UserServiceAPI.feature:57)
&amp#27;[0m
>>>>>>>>> beforeScenario called [@API, @QuestionThree, @assignment, @deleteUserAPI, @API]
]]></system-out>
  </testcase>
  <testcase name="runScenario[&quot;Verifying the DELETE USER API deleteUser_invalid_UsernameDefined_Is_Yes&quot;, &quot;Optional[Verify The CREATE , UPDATE, GET, DELETE APIs of User Service]&quot;](35)" classname="com.cloudmore.runner.TestRunner" time="0">
    <skipped message="Got exception when trying to validate the schema files"/>
    <system-out><![CDATA[
@API @QuestionThree @assignment @deleteUserAPI @API
Scenario Outline: Verifying the DELETE USER API deleteUser_invalid_UsernameDefined_Is_Yes                                  &amp#27;[90m# src/test/resources/featureFiles/UserServiceAPI.feature:61&amp#27;[0m
>>>>>>>>> beforeScenario called [@API, @QuestionThree, @assignment, @deleteUserAPI, @API]
Request method:	DELETE
Request URI:	https://petstore.swagger.io/v2/user/invalidUserName
Proxy:			<none>
Request params:	<none>
Query params:	<none>
Form params:	<none>
Path params:	<none>
Headers:		accept=application/json
Cookies:		<none>
Multiparts:		<none>
Body:			<none>
HTTP/1.1 404 Not Found
Date: Mon, 20 Feb 2023 09:42:34 GMT
Content-Length: 0
Connection: keep-alive
Access-Control-Allow-Origin: *
Access-Control-Allow-Methods: GET, POST, DELETE, PUT
Access-Control-Allow-Headers: Content-Type, api_key, Authorization
Server: Jetty(9.2.9.v20150224)
  &amp#27;[32mGiven &amp#27;[0m&amp#27;[32mUser Invoke the &amp#27;[0m&amp#27;[32m&amp#27;[1m"DELETE"&amp#27;[0m&amp#27;[32m User API service to execute the &amp#27;[0m&amp#27;[32m&amp#27;[1m"deleteUser_invalid_UsernameDefined_Is_Yes"&amp#27;[0m&amp#27;[32m test scenario&amp#27;[0m &amp#27;[90m# com.cloudmore.testSteps.api.UserServiceSteps.get_user_api_service_called(java.lang.String,java.lang.String)&amp#27;[0m
  &amp#27;[32mThen &amp#27;[0m&amp#27;[32mValidate the Response Status Code&amp#27;[0m                                                                                   &amp#27;[90m# com.cloudmore.testSteps.api.UserServiceSteps.validateResponseStatusCode()&amp#27;[0m
  &amp#27;[31mThen &amp#27;[0m&amp#27;[31mValidate the response json schema&amp#27;[0m                                                                                   &amp#27;[90m# com.cloudmore.testSteps.api.UserServiceSteps.validate_json_schema()&amp#27;[0m
      &amp#27;[31mjava.lang.AssertionError: Got exception when trying to validate the schema files
	at org.testng.Assert.fail(Assert.java:87)
	at com.cloudmore.testSteps.api.UserServiceSteps.validate_json_schema(UserServiceSteps.java:106)
	at âœ½.Validate the response json schema(file:///C:/Personal.work/my-repos/cloudmore/cloudmore-qa-automation/src/test/resources/featureFiles/UserServiceAPI.feature:56)
Caused by: io.restassured.module.jsv.JsonSchemaValidationException: com.fasterxml.jackson.core.JsonParseException: no JSON Text to read from input
 at [Source: (StringReader); line: 1, column: 1]
	at io.restassured.module.jsv.JsonSchemaValidator.matchesSafely(JsonSchemaValidator.java:233)
	at io.restassured.module.jsv.JsonSchemaValidator.matchesSafely(JsonSchemaValidator.java:75)
	at org.hamcrest.TypeSafeMatcher.matches(TypeSafeMatcher.java:67)
	at org.hamcrest.Matcher$matches.call(Unknown Source)
	at io.restassured.assertion.BodyMatcher.validate(BodyMatcher.groovy:76)
	at io.restassured.assertion.BodyMatcher$validate$0.call(Unknown Source)
	at io.restassured.assertion.BodyMatcherGroup$_validate_closure2.doCall(BodyMatcherGroup.groovy:47)
	at jdk.internal.reflect.GeneratedMethodAccessor303.invoke(Unknown Source)
	at java.base/jdk.internal.reflect.DelegatingMethodAccessorImpl.invoke(DelegatingMethodAccessorImpl.java:43)
	at java.base/java.lang.reflect.Method.invoke(Method.java:566)
	at org.codehaus.groovy.reflection.CachedMethod.invoke(CachedMethod.java:107)
	at groovy.lang.MetaMethod.doMethodInvoke(MetaMethod.java:323)
	at org.codehaus.groovy.runtime.metaclass.ClosureMetaClass.invokeMethod(ClosureMetaClass.java:263)
	at groovy.lang.MetaClassImpl.invokeMethod(MetaClassImpl.java:1035)
	at groovy.lang.Closure.call(Closure.java:412)
	at groovy.lang.Closure.call(Closure.java:428)
	at org.codehaus.groovy.runtime.DefaultGroovyMethods.collect(DefaultGroovyMethods.java:3575)
	at org.codehaus.groovy.runtime.DefaultGroovyMethods.collect(DefaultGroovyMethods.java:3560)
	at org.codehaus.groovy.runtime.DefaultGroovyMethods.collect(DefaultGroovyMethods.java:3660)
	at org.codehaus.groovy.runtime.dgm$101.invoke(Unknown Source)
	at org.codehaus.groovy.runtime.callsite.PojoMetaMethodSite$PojoMetaMethodSiteNoUnwrapNoCoerce.invoke(PojoMetaMethodSite.java:247)
	at org.codehaus.groovy.runtime.callsite.PojoMetaMethodSite.call(PojoMetaMethodSite.java:56)
	at org.codehaus.groovy.runtime.callsite.AbstractCallSite.call(AbstractCallSite.java:139)
	at io.restassured.assertion.BodyMatcherGroup.validate(BodyMatcherGroup.groovy:47)
	at io.restassured.assertion.BodyMatcherGroup$validate$3.call(Unknown Source)
	at io.restassured.internal.ResponseSpecificationImpl$HamcrestAssertionClosure.validate(ResponseSpecificationImpl.groovy:480)
	at io.restassured.internal.ResponseSpecificationImpl$HamcrestAssertionClosure$validate$1.call(Unknown Source)
	at io.restassured.internal.ResponseSpecificationImpl.validateResponseIfRequired(ResponseSpecificationImpl.groovy:674)
	at jdk.internal.reflect.GeneratedMethodAccessor293.invoke(Unknown Source)
	at java.base/jdk.internal.reflect.DelegatingMethodAccessorImpl.invoke(DelegatingMethodAccessorImpl.java:43)
	at java.base/java.lang.reflect.Method.invoke(Method.java:566)
	at org.codehaus.groovy.runtime.callsite.PlainObjectMetaMethodSite.doInvoke(PlainObjectMetaMethodSite.java:43)
	at org.codehaus.groovy.runtime.callsite.PogoMetaMethodSite$PogoCachedMethodSiteNoUnwrapNoCoerce.invoke(PogoMetaMethodSite.java:193)
	at org.codehaus.groovy.runtime.callsite.PogoMetaMethodSite.callCurrent(PogoMetaMethodSite.java:61)
	at org.codehaus.groovy.runtime.callsite.AbstractCallSite.callCurrent(AbstractCallSite.java:185)
	at io.restassured.internal.ResponseSpecificationImpl.body(ResponseSpecificationImpl.groovy:98)
	at io.restassured.internal.ValidatableResponseOptionsImpl.body(ValidatableResponseOptionsImpl.java:238)
	at io.restassured.internal.ValidatableResponseImpl.super$2$body(ValidatableResponseImpl.groovy)
	at jdk.internal.reflect.GeneratedMethodAccessor292.invoke(Unknown Source)
	at java.base/jdk.internal.reflect.DelegatingMethodAccessorImpl.invoke(DelegatingMethodAccessorImpl.java:43)
	at java.base/java.lang.reflect.Method.invoke(Method.java:566)
	at org.codehaus.groovy.reflection.CachedMethod.invoke(CachedMethod.java:107)
	at groovy.lang.MetaMethod.doMethodInvoke(MetaMethod.java:323)
	at groovy.lang.MetaClassImpl.invokeMethod(MetaClassImpl.java:1268)
	at org.codehaus.groovy.runtime.ScriptBytecodeAdapter.invokeMethodOnSuperN(ScriptBytecodeAdapter.java:144)
	at io.restassured.internal.ValidatableResponseImpl.body(ValidatableResponseImpl.groovy:293)
	at io.restassured.internal.ValidatableResponseImpl.body(ValidatableResponseImpl.groovy)
	at com.cloudmore.testSteps.api.UserServiceSteps.validate_json_schema(UserServiceSteps.java:104)
	at jdk.internal.reflect.GeneratedMethodAccessor290.invoke(Unknown Source)
	at java.base/jdk.internal.reflect.DelegatingMethodAccessorImpl.invoke(DelegatingMethodAccessorImpl.java:43)
	at java.base/java.lang.reflect.Method.invoke(Method.java:566)
	at io.cucumber.java.Invoker.doInvoke(Invoker.java:66)
	at io.cucumber.java.Invoker.invoke(Invoker.java:24)
	at io.cucumber.java.AbstractGlueDefinition.invokeMethod(AbstractGlueDefinition.java:47)
	at io.cucumber.java.JavaStepDefinition.execute(JavaStepDefinition.java:29)
	at io.cucumber.core.runner.CoreStepDefinition.execute(CoreStepDefinition.java:66)
	at io.cucumber.core.runner.PickleStepDefinitionMatch.runStep(PickleStepDefinitionMatch.java:63)
	at io.cucumber.core.runner.ExecutionMode$1.execute(ExecutionMode.java:10)
	at io.cucumber.core.runner.TestStep.executeStep(TestStep.java:92)
	at io.cucumber.core.runner.TestStep.run(TestStep.java:64)
	at io.cucumber.core.runner.PickleStepTestStep.run(PickleStepTestStep.java:51)
	at io.cucumber.core.runner.TestCase.run(TestCase.java:104)
	at io.cucumber.core.runner.Runner.runPickle(Runner.java:73)
	at io.cucumber.testng.TestNGCucumberRunner.lambda$runScenario$0(TestNGCucumberRunner.java:117)
	at io.cucumber.core.runtime.CucumberExecutionContext.runTestCase(CucumberExecutionContext.java:117)
	at io.cucumber.testng.TestNGCucumberRunner.runScenario(TestNGCucumberRunner.java:114)
	at io.cucumber.testng.AbstractTestNGCucumberTests.runScenario(AbstractTestNGCucumberTests.java:31)
	at jdk.internal.reflect.GeneratedMethodAccessor149.invoke(Unknown Source)
	at java.base/jdk.internal.reflect.DelegatingMethodAccessorImpl.invoke(DelegatingMethodAccessorImpl.java:43)
	at java.base/java.lang.reflect.Method.invoke(Method.java:566)
	at org.testng.internal.MethodInvocationHelper.invokeMethod(MethodInvocationHelper.java:133)
	at org.testng.internal.TestInvoker.invokeMethod(TestInvoker.java:598)
	at org.testng.internal.TestInvoker.invokeTestMethod(TestInvoker.java:173)
	at org.testng.internal.MethodRunner.runInSequence(MethodRunner.java:46)
	at org.testng.internal.TestInvoker$MethodInvocationAgent.invoke(TestInvoker.java:824)
	at org.testng.internal.TestInvoker.invokeTestMethods(TestInvoker.java:146)
	at org.testng.internal.TestMethodWorker.invokeTestMethods(TestMethodWorker.java:146)
	at org.testng.internal.TestMethodWorker.run(TestMethodWorker.java:128)
	at java.base/java.util.ArrayList.forEach(ArrayList.java:1541)
	at org.testng.TestRunner.privateRun(TestRunner.java:794)
	at org.testng.TestRunner.run(TestRunner.java:596)
	at org.testng.SuiteRunner.runTest(SuiteRunner.java:377)
	at org.testng.SuiteRunner.access$000(SuiteRunner.java:28)
	at org.testng.SuiteRunner$SuiteWorker.run(SuiteRunner.java:418)
	at org.testng.internal.thread.ThreadUtil.lambda$execute$0(ThreadUtil.java:64)
	at java.base/java.util.concurrent.FutureTask.run(FutureTask.java:264)
	at java.base/java.util.concurrent.ThreadPoolExecutor.runWorker(ThreadPoolExecutor.java:1128)
	at java.base/java.util.concurrent.ThreadPoolExecutor$Worker.run(ThreadPoolExecutor.java:628)
	at java.base/java.lang.Thread.run(Thread.java:834)
Caused by: com.fasterxml.jackson.core.JsonParseException: no JSON Text to read from input
 at [Source: (StringReader); line: 1, column: 1]
	at com.github.fge.jackson.JsonNodeReader$JsonParseExceptionBuilder.build(JsonNodeReader.java:198)
	at com.github.fge.jackson.JsonNodeReader.readNode(JsonNodeReader.java:150)
	at com.github.fge.jackson.JsonNodeReader.fromReader(JsonNodeReader.java:129)
	at com.github.fge.jackson.JsonLoader.fromReader(JsonLoader.java:186)
	at com.github.fge.jackson.JsonLoader.fromString(JsonLoader.java:199)
	at io.restassured.module.jsv.JsonSchemaValidator.matchesSafely(JsonSchemaValidator.java:214)
	... 88 more
&amp#27;[0m
  &amp#27;[36mAnd &amp#27;[0m&amp#27;[36mValidate the Response Body&amp#27;[0m                                                                                           &amp#27;[90m# com.cloudmore.testSteps.api.UserServiceSteps.validateResponseBody()&amp#27;[0m
>>>>>>>>> beforeScenario called [@API, @QuestionThree, @assignment, @deleteUserAPI, @API]
]]></system-out>
  </testcase>
  <testcase name="runScenario[&quot;Verifying the DELETE USER API deleteUser_invalid_UsernameDefined_Is_Yes&quot;, &quot;Optional[Verify The CREATE , UPDATE, GET, DELETE APIs of User Service]&quot;](36)" classname="com.cloudmore.runner.TestRunner" time="1.564">
    <failure message="Got exception when trying to validate the schema files" type="java.lang.AssertionError"><![CDATA[java.lang.AssertionError: Got exception when trying to validate the schema files
Caused by: io.restassured.module.jsv.JsonSchemaValidationException: 
com.fasterxml.jackson.core.JsonParseException: no JSON Text to read from input
 at [Source: (StringReader); line: 1, column: 1]
Caused by: com.fasterxml.jackson.core.JsonParseException: 
no JSON Text to read from input
 at [Source: (StringReader); line: 1, column: 1]
]]></failure>
    <system-out><![CDATA[
@API @QuestionThree @assignment @deleteUserAPI @API
Scenario Outline: Verifying the DELETE USER API deleteUser_invalid_UsernameDefined_Is_Yes                                  &amp#27;[90m# src/test/resources/featureFiles/UserServiceAPI.feature:61&amp#27;[0m
>>>>>>>>> beforeScenario called [@API, @QuestionThree, @assignment, @deleteUserAPI, @API]
Request method:	DELETE
Request URI:	https://petstore.swagger.io/v2/user/invalidUserName
Proxy:			<none>
Request params:	<none>
Query params:	<none>
Form params:	<none>
Path params:	<none>
Headers:		accept=application/json
Cookies:		<none>
Multiparts:		<none>
Body:			<none>
HTTP/1.1 404 Not Found
Date: Mon, 20 Feb 2023 09:42:36 GMT
Content-Length: 0
Connection: keep-alive
Access-Control-Allow-Origin: *
Access-Control-Allow-Methods: GET, POST, DELETE, PUT
Access-Control-Allow-Headers: Content-Type, api_key, Authorization
Server: Jetty(9.2.9.v20150224)
  &amp#27;[32mGiven &amp#27;[0m&amp#27;[32mUser Invoke the &amp#27;[0m&amp#27;[32m&amp#27;[1m"DELETE"&amp#27;[0m&amp#27;[32m User API service to execute the &amp#27;[0m&amp#27;[32m&amp#27;[1m"deleteUser_invalid_UsernameDefined_Is_Yes"&amp#27;[0m&amp#27;[32m test scenario&amp#27;[0m &amp#27;[90m# com.cloudmore.testSteps.api.UserServiceSteps.get_user_api_service_called(java.lang.String,java.lang.String)&amp#27;[0m
  &amp#27;[32mThen &amp#27;[0m&amp#27;[32mValidate the Response Status Code&amp#27;[0m                                                                                   &amp#27;[90m# com.cloudmore.testSteps.api.UserServiceSteps.validateResponseStatusCode()&amp#27;[0m
  &amp#27;[31mThen &amp#27;[0m&amp#27;[31mValidate the response json schema&amp#27;[0m                                                                                   &amp#27;[90m# com.cloudmore.testSteps.api.UserServiceSteps.validate_json_schema()&amp#27;[0m
      &amp#27;[31mjava.lang.AssertionError: Got exception when trying to validate the schema files
	at org.testng.Assert.fail(Assert.java:87)
	at com.cloudmore.testSteps.api.UserServiceSteps.validate_json_schema(UserServiceSteps.java:106)
	at âœ½.Validate the response json schema(file:///C:/Personal.work/my-repos/cloudmore/cloudmore-qa-automation/src/test/resources/featureFiles/UserServiceAPI.feature:56)
Caused by: io.restassured.module.jsv.JsonSchemaValidationException: com.fasterxml.jackson.core.JsonParseException: no JSON Text to read from input
 at [Source: (StringReader); line: 1, column: 1]
	at io.restassured.module.jsv.JsonSchemaValidator.matchesSafely(JsonSchemaValidator.java:233)
	at io.restassured.module.jsv.JsonSchemaValidator.matchesSafely(JsonSchemaValidator.java:75)
	at org.hamcrest.TypeSafeMatcher.matches(TypeSafeMatcher.java:67)
	at org.hamcrest.Matcher$matches.call(Unknown Source)
	at io.restassured.assertion.BodyMatcher.validate(BodyMatcher.groovy:76)
	at io.restassured.assertion.BodyMatcher$validate$0.call(Unknown Source)
	at io.restassured.assertion.BodyMatcherGroup$_validate_closure2.doCall(BodyMatcherGroup.groovy:47)
	at jdk.internal.reflect.GeneratedMethodAccessor303.invoke(Unknown Source)
	at java.base/jdk.internal.reflect.DelegatingMethodAccessorImpl.invoke(DelegatingMethodAccessorImpl.java:43)
	at java.base/java.lang.reflect.Method.invoke(Method.java:566)
	at org.codehaus.groovy.reflection.CachedMethod.invoke(CachedMethod.java:107)
	at groovy.lang.MetaMethod.doMethodInvoke(MetaMethod.java:323)
	at org.codehaus.groovy.runtime.metaclass.ClosureMetaClass.invokeMethod(ClosureMetaClass.java:263)
	at groovy.lang.MetaClassImpl.invokeMethod(MetaClassImpl.java:1035)
	at groovy.lang.Closure.call(Closure.java:412)
	at groovy.lang.Closure.call(Closure.java:428)
	at org.codehaus.groovy.runtime.DefaultGroovyMethods.collect(DefaultGroovyMethods.java:3575)
	at org.codehaus.groovy.runtime.DefaultGroovyMethods.collect(DefaultGroovyMethods.java:3560)
	at org.codehaus.groovy.runtime.DefaultGroovyMethods.collect(DefaultGroovyMethods.java:3660)
	at org.codehaus.groovy.runtime.dgm$101.invoke(Unknown Source)
	at org.codehaus.groovy.runtime.callsite.PojoMetaMethodSite$PojoMetaMethodSiteNoUnwrapNoCoerce.invoke(PojoMetaMethodSite.java:247)
	at org.codehaus.groovy.runtime.callsite.PojoMetaMethodSite.call(PojoMetaMethodSite.java:56)
	at org.codehaus.groovy.runtime.callsite.AbstractCallSite.call(AbstractCallSite.java:139)
	at io.restassured.assertion.BodyMatcherGroup.validate(BodyMatcherGroup.groovy:47)
	at io.restassured.assertion.BodyMatcherGroup$validate$3.call(Unknown Source)
	at io.restassured.internal.ResponseSpecificationImpl$HamcrestAssertionClosure.validate(ResponseSpecificationImpl.groovy:480)
	at io.restassured.internal.ResponseSpecificationImpl$HamcrestAssertionClosure$validate$1.call(Unknown Source)
	at io.restassured.internal.ResponseSpecificationImpl.validateResponseIfRequired(ResponseSpecificationImpl.groovy:674)
	at jdk.internal.reflect.GeneratedMethodAccessor293.invoke(Unknown Source)
	at java.base/jdk.internal.reflect.DelegatingMethodAccessorImpl.invoke(DelegatingMethodAccessorImpl.java:43)
	at java.base/java.lang.reflect.Method.invoke(Method.java:566)
	at org.codehaus.groovy.runtime.callsite.PlainObjectMetaMethodSite.doInvoke(PlainObjectMetaMethodSite.java:43)
	at org.codehaus.groovy.runtime.callsite.PogoMetaMethodSite$PogoCachedMethodSiteNoUnwrapNoCoerce.invoke(PogoMetaMethodSite.java:193)
	at org.codehaus.groovy.runtime.callsite.PogoMetaMethodSite.callCurrent(PogoMetaMethodSite.java:61)
	at org.codehaus.groovy.runtime.callsite.AbstractCallSite.callCurrent(AbstractCallSite.java:185)
	at io.restassured.internal.ResponseSpecificationImpl.body(ResponseSpecificationImpl.groovy:98)
	at io.restassured.internal.ValidatableResponseOptionsImpl.body(ValidatableResponseOptionsImpl.java:238)
	at io.restassured.internal.ValidatableResponseImpl.super$2$body(ValidatableResponseImpl.groovy)
	at jdk.internal.reflect.GeneratedMethodAccessor292.invoke(Unknown Source)
	at java.base/jdk.internal.reflect.DelegatingMethodAccessorImpl.invoke(DelegatingMethodAccessorImpl.java:43)
	at java.base/java.lang.reflect.Method.invoke(Method.java:566)
	at org.codehaus.groovy.reflection.CachedMethod.invoke(CachedMethod.java:107)
	at groovy.lang.MetaMethod.doMethodInvoke(MetaMethod.java:323)
	at groovy.lang.MetaClassImpl.invokeMethod(MetaClassImpl.java:1268)
	at org.codehaus.groovy.runtime.ScriptBytecodeAdapter.invokeMethodOnSuperN(ScriptBytecodeAdapter.java:144)
	at io.restassured.internal.ValidatableResponseImpl.body(ValidatableResponseImpl.groovy:293)
	at io.restassured.internal.ValidatableResponseImpl.body(ValidatableResponseImpl.groovy)
	at com.cloudmore.testSteps.api.UserServiceSteps.validate_json_schema(UserServiceSteps.java:104)
	at jdk.internal.reflect.GeneratedMethodAccessor290.invoke(Unknown Source)
	at java.base/jdk.internal.reflect.DelegatingMethodAccessorImpl.invoke(DelegatingMethodAccessorImpl.java:43)
	at java.base/java.lang.reflect.Method.invoke(Method.java:566)
	at io.cucumber.java.Invoker.doInvoke(Invoker.java:66)
	at io.cucumber.java.Invoker.invoke(Invoker.java:24)
	at io.cucumber.java.AbstractGlueDefinition.invokeMethod(AbstractGlueDefinition.java:47)
	at io.cucumber.java.JavaStepDefinition.execute(JavaStepDefinition.java:29)
	at io.cucumber.core.runner.CoreStepDefinition.execute(CoreStepDefinition.java:66)
	at io.cucumber.core.runner.PickleStepDefinitionMatch.runStep(PickleStepDefinitionMatch.java:63)
	at io.cucumber.core.runner.ExecutionMode$1.execute(ExecutionMode.java:10)
	at io.cucumber.core.runner.TestStep.executeStep(TestStep.java:92)
	at io.cucumber.core.runner.TestStep.run(TestStep.java:64)
	at io.cucumber.core.runner.PickleStepTestStep.run(PickleStepTestStep.java:51)
	at io.cucumber.core.runner.TestCase.run(TestCase.java:104)
	at io.cucumber.core.runner.Runner.runPickle(Runner.java:73)
	at io.cucumber.testng.TestNGCucumberRunner.lambda$runScenario$0(TestNGCucumberRunner.java:117)
	at io.cucumber.core.runtime.CucumberExecutionContext.runTestCase(CucumberExecutionContext.java:117)
	at io.cucumber.testng.TestNGCucumberRunner.runScenario(TestNGCucumberRunner.java:114)
	at io.cucumber.testng.AbstractTestNGCucumberTests.runScenario(AbstractTestNGCucumberTests.java:31)
	at jdk.internal.reflect.GeneratedMethodAccessor149.invoke(Unknown Source)
	at java.base/jdk.internal.reflect.DelegatingMethodAccessorImpl.invoke(DelegatingMethodAccessorImpl.java:43)
	at java.base/java.lang.reflect.Method.invoke(Method.java:566)
	at org.testng.internal.MethodInvocationHelper.invokeMethod(MethodInvocationHelper.java:133)
	at org.testng.internal.TestInvoker.invokeMethod(TestInvoker.java:598)
	at org.testng.internal.TestInvoker.retryFailed(TestInvoker.java:213)
	at org.testng.internal.MethodRunner.runInSequence(MethodRunner.java:58)
	at org.testng.internal.TestInvoker$MethodInvocationAgent.invoke(TestInvoker.java:824)
	at org.testng.internal.TestInvoker.invokeTestMethods(TestInvoker.java:146)
	at org.testng.internal.TestMethodWorker.invokeTestMethods(TestMethodWorker.java:146)
	at org.testng.internal.TestMethodWorker.run(TestMethodWorker.java:128)
	at java.base/java.util.ArrayList.forEach(ArrayList.java:1541)
	at org.testng.TestRunner.privateRun(TestRunner.java:794)
	at org.testng.TestRunner.run(TestRunner.java:596)
	at org.testng.SuiteRunner.runTest(SuiteRunner.java:377)
	at org.testng.SuiteRunner.access$000(SuiteRunner.java:28)
	at org.testng.SuiteRunner$SuiteWorker.run(SuiteRunner.java:418)
	at org.testng.internal.thread.ThreadUtil.lambda$execute$0(ThreadUtil.java:64)
	at java.base/java.util.concurrent.FutureTask.run(FutureTask.java:264)
	at java.base/java.util.concurrent.ThreadPoolExecutor.runWorker(ThreadPoolExecutor.java:1128)
	at java.base/java.util.concurrent.ThreadPoolExecutor$Worker.run(ThreadPoolExecutor.java:628)
	at java.base/java.lang.Thread.run(Thread.java:834)
Caused by: com.fasterxml.jackson.core.JsonParseException: no JSON Text to read from input
 at [Source: (StringReader); line: 1, column: 1]
	at com.github.fge.jackson.JsonNodeReader$JsonParseExceptionBuilder.build(JsonNodeReader.java:198)
	at com.github.fge.jackson.JsonNodeReader.readNode(JsonNodeReader.java:150)
	at com.github.fge.jackson.JsonNodeReader.fromReader(JsonNodeReader.java:129)
	at com.github.fge.jackson.JsonLoader.fromReader(JsonLoader.java:186)
	at com.github.fge.jackson.JsonLoader.fromString(JsonLoader.java:199)
	at io.restassured.module.jsv.JsonSchemaValidator.matchesSafely(JsonSchemaValidator.java:214)
	... 88 more
&amp#27;[0m
  &amp#27;[36mAnd &amp#27;[0m&amp#27;[36mValidate the Response Body&amp#27;[0m                                                                                           &amp#27;[90m# com.cloudmore.testSteps.api.UserServiceSteps.validateResponseBody()&amp#27;[0m
>>>>>>>>> beforeScenario called [@API, @QuestionThree, @assignment, @deleteUserAPI, @API]
]]></system-out>
  </testcase>
  <testcase name="runScenario[&quot;Verifying the DELETE USER API deleteUser_invalid_usernameDefined_Is_Yes_with_special_characters&quot;, &quot;Optional[Verify The CREATE , UPDATE, GET, DELETE APIs of User Service]&quot;](37)" classname="com.cloudmore.runner.TestRunner" time="0">
    <skipped message="Got exception when trying to validate the schema files"/>
    <system-out><![CDATA[
@API @QuestionThree @assignment @deleteUserAPI @API
Scenario Outline: Verifying the DELETE USER API deleteUser_invalid_usernameDefined_Is_Yes_with_special_characters                                  &amp#27;[90m# src/test/resources/featureFiles/UserServiceAPI.feature:62&amp#27;[0m
>>>>>>>>> beforeScenario called [@API, @QuestionThree, @assignment, @deleteUserAPI, @API]
Request method:	DELETE
Request URI:	https://petstore.swagger.io/v2/user/%21%40
Proxy:			<none>
Request params:	<none>
Query params:	<none>
Form params:	<none>
Path params:	<none>
Headers:		accept=application/json
Cookies:		<none>
Multiparts:		<none>
Body:			<none>
HTTP/1.1 404 Not Found
Date: Mon, 20 Feb 2023 09:42:38 GMT
Content-Length: 0
Connection: keep-alive
Access-Control-Allow-Origin: *
Access-Control-Allow-Methods: GET, POST, DELETE, PUT
Access-Control-Allow-Headers: Content-Type, api_key, Authorization
Server: Jetty(9.2.9.v20150224)
  &amp#27;[32mGiven &amp#27;[0m&amp#27;[32mUser Invoke the &amp#27;[0m&amp#27;[32m&amp#27;[1m"DELETE"&amp#27;[0m&amp#27;[32m User API service to execute the &amp#27;[0m&amp#27;[32m&amp#27;[1m"deleteUser_invalid_usernameDefined_Is_Yes_with_special_characters"&amp#27;[0m&amp#27;[32m test scenario&amp#27;[0m &amp#27;[90m# com.cloudmore.testSteps.api.UserServiceSteps.get_user_api_service_called(java.lang.String,java.lang.String)&amp#27;[0m
  &amp#27;[32mThen &amp#27;[0m&amp#27;[32mValidate the Response Status Code&amp#27;[0m                                                                                                           &amp#27;[90m# com.cloudmore.testSteps.api.UserServiceSteps.validateResponseStatusCode()&amp#27;[0m
  &amp#27;[31mThen &amp#27;[0m&amp#27;[31mValidate the response json schema&amp#27;[0m                                                                                                           &amp#27;[90m# com.cloudmore.testSteps.api.UserServiceSteps.validate_json_schema()&amp#27;[0m
      &amp#27;[31mjava.lang.AssertionError: Got exception when trying to validate the schema files
	at org.testng.Assert.fail(Assert.java:87)
	at com.cloudmore.testSteps.api.UserServiceSteps.validate_json_schema(UserServiceSteps.java:106)
	at âœ½.Validate the response json schema(file:///C:/Personal.work/my-repos/cloudmore/cloudmore-qa-automation/src/test/resources/featureFiles/UserServiceAPI.feature:56)
Caused by: io.restassured.module.jsv.JsonSchemaValidationException: com.fasterxml.jackson.core.JsonParseException: no JSON Text to read from input
 at [Source: (StringReader); line: 1, column: 1]
	at io.restassured.module.jsv.JsonSchemaValidator.matchesSafely(JsonSchemaValidator.java:233)
	at io.restassured.module.jsv.JsonSchemaValidator.matchesSafely(JsonSchemaValidator.java:75)
	at org.hamcrest.TypeSafeMatcher.matches(TypeSafeMatcher.java:67)
	at org.hamcrest.Matcher$matches.call(Unknown Source)
	at io.restassured.assertion.BodyMatcher.validate(BodyMatcher.groovy:76)
	at io.restassured.assertion.BodyMatcher$validate$0.call(Unknown Source)
	at io.restassured.assertion.BodyMatcherGroup$_validate_closure2.doCall(BodyMatcherGroup.groovy:47)
	at jdk.internal.reflect.GeneratedMethodAccessor303.invoke(Unknown Source)
	at java.base/jdk.internal.reflect.DelegatingMethodAccessorImpl.invoke(DelegatingMethodAccessorImpl.java:43)
	at java.base/java.lang.reflect.Method.invoke(Method.java:566)
	at org.codehaus.groovy.reflection.CachedMethod.invoke(CachedMethod.java:107)
	at groovy.lang.MetaMethod.doMethodInvoke(MetaMethod.java:323)
	at org.codehaus.groovy.runtime.metaclass.ClosureMetaClass.invokeMethod(ClosureMetaClass.java:263)
	at groovy.lang.MetaClassImpl.invokeMethod(MetaClassImpl.java:1035)
	at groovy.lang.Closure.call(Closure.java:412)
	at groovy.lang.Closure.call(Closure.java:428)
	at org.codehaus.groovy.runtime.DefaultGroovyMethods.collect(DefaultGroovyMethods.java:3575)
	at org.codehaus.groovy.runtime.DefaultGroovyMethods.collect(DefaultGroovyMethods.java:3560)
	at org.codehaus.groovy.runtime.DefaultGroovyMethods.collect(DefaultGroovyMethods.java:3660)
	at org.codehaus.groovy.runtime.dgm$101.invoke(Unknown Source)
	at org.codehaus.groovy.runtime.callsite.PojoMetaMethodSite$PojoMetaMethodSiteNoUnwrapNoCoerce.invoke(PojoMetaMethodSite.java:247)
	at org.codehaus.groovy.runtime.callsite.PojoMetaMethodSite.call(PojoMetaMethodSite.java:56)
	at org.codehaus.groovy.runtime.callsite.AbstractCallSite.call(AbstractCallSite.java:139)
	at io.restassured.assertion.BodyMatcherGroup.validate(BodyMatcherGroup.groovy:47)
	at io.restassured.assertion.BodyMatcherGroup$validate$3.call(Unknown Source)
	at io.restassured.internal.ResponseSpecificationImpl$HamcrestAssertionClosure.validate(ResponseSpecificationImpl.groovy:480)
	at io.restassured.internal.ResponseSpecificationImpl$HamcrestAssertionClosure$validate$1.call(Unknown Source)
	at io.restassured.internal.ResponseSpecificationImpl.validateResponseIfRequired(ResponseSpecificationImpl.groovy:674)
	at jdk.internal.reflect.GeneratedMethodAccessor293.invoke(Unknown Source)
	at java.base/jdk.internal.reflect.DelegatingMethodAccessorImpl.invoke(DelegatingMethodAccessorImpl.java:43)
	at java.base/java.lang.reflect.Method.invoke(Method.java:566)
	at org.codehaus.groovy.runtime.callsite.PlainObjectMetaMethodSite.doInvoke(PlainObjectMetaMethodSite.java:43)
	at org.codehaus.groovy.runtime.callsite.PogoMetaMethodSite$PogoCachedMethodSiteNoUnwrapNoCoerce.invoke(PogoMetaMethodSite.java:193)
	at org.codehaus.groovy.runtime.callsite.PogoMetaMethodSite.callCurrent(PogoMetaMethodSite.java:61)
	at org.codehaus.groovy.runtime.callsite.AbstractCallSite.callCurrent(AbstractCallSite.java:185)
	at io.restassured.internal.ResponseSpecificationImpl.body(ResponseSpecificationImpl.groovy:98)
	at io.restassured.internal.ValidatableResponseOptionsImpl.body(ValidatableResponseOptionsImpl.java:238)
	at io.restassured.internal.ValidatableResponseImpl.super$2$body(ValidatableResponseImpl.groovy)
	at jdk.internal.reflect.GeneratedMethodAccessor292.invoke(Unknown Source)
	at java.base/jdk.internal.reflect.DelegatingMethodAccessorImpl.invoke(DelegatingMethodAccessorImpl.java:43)
	at java.base/java.lang.reflect.Method.invoke(Method.java:566)
	at org.codehaus.groovy.reflection.CachedMethod.invoke(CachedMethod.java:107)
	at groovy.lang.MetaMethod.doMethodInvoke(MetaMethod.java:323)
	at groovy.lang.MetaClassImpl.invokeMethod(MetaClassImpl.java:1268)
	at org.codehaus.groovy.runtime.ScriptBytecodeAdapter.invokeMethodOnSuperN(ScriptBytecodeAdapter.java:144)
	at io.restassured.internal.ValidatableResponseImpl.body(ValidatableResponseImpl.groovy:293)
	at io.restassured.internal.ValidatableResponseImpl.body(ValidatableResponseImpl.groovy)
	at com.cloudmore.testSteps.api.UserServiceSteps.validate_json_schema(UserServiceSteps.java:104)
	at jdk.internal.reflect.GeneratedMethodAccessor290.invoke(Unknown Source)
	at java.base/jdk.internal.reflect.DelegatingMethodAccessorImpl.invoke(DelegatingMethodAccessorImpl.java:43)
	at java.base/java.lang.reflect.Method.invoke(Method.java:566)
	at io.cucumber.java.Invoker.doInvoke(Invoker.java:66)
	at io.cucumber.java.Invoker.invoke(Invoker.java:24)
	at io.cucumber.java.AbstractGlueDefinition.invokeMethod(AbstractGlueDefinition.java:47)
	at io.cucumber.java.JavaStepDefinition.execute(JavaStepDefinition.java:29)
	at io.cucumber.core.runner.CoreStepDefinition.execute(CoreStepDefinition.java:66)
	at io.cucumber.core.runner.PickleStepDefinitionMatch.runStep(PickleStepDefinitionMatch.java:63)
	at io.cucumber.core.runner.ExecutionMode$1.execute(ExecutionMode.java:10)
	at io.cucumber.core.runner.TestStep.executeStep(TestStep.java:92)
	at io.cucumber.core.runner.TestStep.run(TestStep.java:64)
	at io.cucumber.core.runner.PickleStepTestStep.run(PickleStepTestStep.java:51)
	at io.cucumber.core.runner.TestCase.run(TestCase.java:104)
	at io.cucumber.core.runner.Runner.runPickle(Runner.java:73)
	at io.cucumber.testng.TestNGCucumberRunner.lambda$runScenario$0(TestNGCucumberRunner.java:117)
	at io.cucumber.core.runtime.CucumberExecutionContext.runTestCase(CucumberExecutionContext.java:117)
	at io.cucumber.testng.TestNGCucumberRunner.runScenario(TestNGCucumberRunner.java:114)
	at io.cucumber.testng.AbstractTestNGCucumberTests.runScenario(AbstractTestNGCucumberTests.java:31)
	at jdk.internal.reflect.GeneratedMethodAccessor149.invoke(Unknown Source)
	at java.base/jdk.internal.reflect.DelegatingMethodAccessorImpl.invoke(DelegatingMethodAccessorImpl.java:43)
	at java.base/java.lang.reflect.Method.invoke(Method.java:566)
	at org.testng.internal.MethodInvocationHelper.invokeMethod(MethodInvocationHelper.java:133)
	at org.testng.internal.TestInvoker.invokeMethod(TestInvoker.java:598)
	at org.testng.internal.TestInvoker.invokeTestMethod(TestInvoker.java:173)
	at org.testng.internal.MethodRunner.runInSequence(MethodRunner.java:46)
	at org.testng.internal.TestInvoker$MethodInvocationAgent.invoke(TestInvoker.java:824)
	at org.testng.internal.TestInvoker.invokeTestMethods(TestInvoker.java:146)
	at org.testng.internal.TestMethodWorker.invokeTestMethods(TestMethodWorker.java:146)
	at org.testng.internal.TestMethodWorker.run(TestMethodWorker.java:128)
	at java.base/java.util.ArrayList.forEach(ArrayList.java:1541)
	at org.testng.TestRunner.privateRun(TestRunner.java:794)
	at org.testng.TestRunner.run(TestRunner.java:596)
	at org.testng.SuiteRunner.runTest(SuiteRunner.java:377)
	at org.testng.SuiteRunner.access$000(SuiteRunner.java:28)
	at org.testng.SuiteRunner$SuiteWorker.run(SuiteRunner.java:418)
	at org.testng.internal.thread.ThreadUtil.lambda$execute$0(ThreadUtil.java:64)
	at java.base/java.util.concurrent.FutureTask.run(FutureTask.java:264)
	at java.base/java.util.concurrent.ThreadPoolExecutor.runWorker(ThreadPoolExecutor.java:1128)
	at java.base/java.util.concurrent.ThreadPoolExecutor$Worker.run(ThreadPoolExecutor.java:628)
	at java.base/java.lang.Thread.run(Thread.java:834)
Caused by: com.fasterxml.jackson.core.JsonParseException: no JSON Text to read from input
 at [Source: (StringReader); line: 1, column: 1]
	at com.github.fge.jackson.JsonNodeReader$JsonParseExceptionBuilder.build(JsonNodeReader.java:198)
	at com.github.fge.jackson.JsonNodeReader.readNode(JsonNodeReader.java:150)
	at com.github.fge.jackson.JsonNodeReader.fromReader(JsonNodeReader.java:129)
	at com.github.fge.jackson.JsonLoader.fromReader(JsonLoader.java:186)
	at com.github.fge.jackson.JsonLoader.fromString(JsonLoader.java:199)
	at io.restassured.module.jsv.JsonSchemaValidator.matchesSafely(JsonSchemaValidator.java:214)
	... 88 more
&amp#27;[0m
  &amp#27;[36mAnd &amp#27;[0m&amp#27;[36mValidate the Response Body&amp#27;[0m                                                                                                                   &amp#27;[90m# com.cloudmore.testSteps.api.UserServiceSteps.validateResponseBody()&amp#27;[0m
>>>>>>>>> beforeScenario called [@API, @QuestionThree, @assignment, @deleteUserAPI, @API]
]]></system-out>
  </testcase>
  <testcase name="runScenario[&quot;Verifying the DELETE USER API deleteUser_invalid_usernameDefined_Is_Yes_with_special_characters&quot;, &quot;Optional[Verify The CREATE , UPDATE, GET, DELETE APIs of User Service]&quot;](38)" classname="com.cloudmore.runner.TestRunner" time="1.416">
    <failure message="Got exception when trying to validate the schema files" type="java.lang.AssertionError"><![CDATA[java.lang.AssertionError: Got exception when trying to validate the schema files
Caused by: io.restassured.module.jsv.JsonSchemaValidationException: 
com.fasterxml.jackson.core.JsonParseException: no JSON Text to read from input
 at [Source: (StringReader); line: 1, column: 1]
Caused by: com.fasterxml.jackson.core.JsonParseException: 
no JSON Text to read from input
 at [Source: (StringReader); line: 1, column: 1]
]]></failure>
    <system-out><![CDATA[
@API @QuestionThree @assignment @deleteUserAPI @API
Scenario Outline: Verifying the DELETE USER API deleteUser_invalid_usernameDefined_Is_Yes_with_special_characters                                  &amp#27;[90m# src/test/resources/featureFiles/UserServiceAPI.feature:62&amp#27;[0m
>>>>>>>>> beforeScenario called [@API, @QuestionThree, @assignment, @deleteUserAPI, @API]
Request method:	DELETE
Request URI:	https://petstore.swagger.io/v2/user/%21%40
Proxy:			<none>
Request params:	<none>
Query params:	<none>
Form params:	<none>
Path params:	<none>
Headers:		accept=application/json
Cookies:		<none>
Multiparts:		<none>
Body:			<none>
HTTP/1.1 404 Not Found
Date: Mon, 20 Feb 2023 09:42:39 GMT
Content-Length: 0
Connection: keep-alive
Access-Control-Allow-Origin: *
Access-Control-Allow-Methods: GET, POST, DELETE, PUT
Access-Control-Allow-Headers: Content-Type, api_key, Authorization
Server: Jetty(9.2.9.v20150224)
  &amp#27;[32mGiven &amp#27;[0m&amp#27;[32mUser Invoke the &amp#27;[0m&amp#27;[32m&amp#27;[1m"DELETE"&amp#27;[0m&amp#27;[32m User API service to execute the &amp#27;[0m&amp#27;[32m&amp#27;[1m"deleteUser_invalid_usernameDefined_Is_Yes_with_special_characters"&amp#27;[0m&amp#27;[32m test scenario&amp#27;[0m &amp#27;[90m# com.cloudmore.testSteps.api.UserServiceSteps.get_user_api_service_called(java.lang.String,java.lang.String)&amp#27;[0m
  &amp#27;[32mThen &amp#27;[0m&amp#27;[32mValidate the Response Status Code&amp#27;[0m                                                                                                           &amp#27;[90m# com.cloudmore.testSteps.api.UserServiceSteps.validateResponseStatusCode()&amp#27;[0m
  &amp#27;[31mThen &amp#27;[0m&amp#27;[31mValidate the response json schema&amp#27;[0m                                                                                                           &amp#27;[90m# com.cloudmore.testSteps.api.UserServiceSteps.validate_json_schema()&amp#27;[0m
      &amp#27;[31mjava.lang.AssertionError: Got exception when trying to validate the schema files
	at org.testng.Assert.fail(Assert.java:87)
	at com.cloudmore.testSteps.api.UserServiceSteps.validate_json_schema(UserServiceSteps.java:106)
	at âœ½.Validate the response json schema(file:///C:/Personal.work/my-repos/cloudmore/cloudmore-qa-automation/src/test/resources/featureFiles/UserServiceAPI.feature:56)
Caused by: io.restassured.module.jsv.JsonSchemaValidationException: com.fasterxml.jackson.core.JsonParseException: no JSON Text to read from input
 at [Source: (StringReader); line: 1, column: 1]
	at io.restassured.module.jsv.JsonSchemaValidator.matchesSafely(JsonSchemaValidator.java:233)
	at io.restassured.module.jsv.JsonSchemaValidator.matchesSafely(JsonSchemaValidator.java:75)
	at org.hamcrest.TypeSafeMatcher.matches(TypeSafeMatcher.java:67)
	at org.hamcrest.Matcher$matches.call(Unknown Source)
	at io.restassured.assertion.BodyMatcher.validate(BodyMatcher.groovy:76)
	at io.restassured.assertion.BodyMatcher$validate$0.call(Unknown Source)
	at io.restassured.assertion.BodyMatcherGroup$_validate_closure2.doCall(BodyMatcherGroup.groovy:47)
	at jdk.internal.reflect.GeneratedMethodAccessor303.invoke(Unknown Source)
	at java.base/jdk.internal.reflect.DelegatingMethodAccessorImpl.invoke(DelegatingMethodAccessorImpl.java:43)
	at java.base/java.lang.reflect.Method.invoke(Method.java:566)
	at org.codehaus.groovy.reflection.CachedMethod.invoke(CachedMethod.java:107)
	at groovy.lang.MetaMethod.doMethodInvoke(MetaMethod.java:323)
	at org.codehaus.groovy.runtime.metaclass.ClosureMetaClass.invokeMethod(ClosureMetaClass.java:263)
	at groovy.lang.MetaClassImpl.invokeMethod(MetaClassImpl.java:1035)
	at groovy.lang.Closure.call(Closure.java:412)
	at groovy.lang.Closure.call(Closure.java:428)
	at org.codehaus.groovy.runtime.DefaultGroovyMethods.collect(DefaultGroovyMethods.java:3575)
	at org.codehaus.groovy.runtime.DefaultGroovyMethods.collect(DefaultGroovyMethods.java:3560)
	at org.codehaus.groovy.runtime.DefaultGroovyMethods.collect(DefaultGroovyMethods.java:3660)
	at org.codehaus.groovy.runtime.dgm$101.invoke(Unknown Source)
	at org.codehaus.groovy.runtime.callsite.PojoMetaMethodSite$PojoMetaMethodSiteNoUnwrapNoCoerce.invoke(PojoMetaMethodSite.java:247)
	at org.codehaus.groovy.runtime.callsite.PojoMetaMethodSite.call(PojoMetaMethodSite.java:56)
	at org.codehaus.groovy.runtime.callsite.AbstractCallSite.call(AbstractCallSite.java:139)
	at io.restassured.assertion.BodyMatcherGroup.validate(BodyMatcherGroup.groovy:47)
	at io.restassured.assertion.BodyMatcherGroup$validate$3.call(Unknown Source)
	at io.restassured.internal.ResponseSpecificationImpl$HamcrestAssertionClosure.validate(ResponseSpecificationImpl.groovy:480)
	at io.restassured.internal.ResponseSpecificationImpl$HamcrestAssertionClosure$validate$1.call(Unknown Source)
	at io.restassured.internal.ResponseSpecificationImpl.validateResponseIfRequired(ResponseSpecificationImpl.groovy:674)
	at jdk.internal.reflect.GeneratedMethodAccessor293.invoke(Unknown Source)
	at java.base/jdk.internal.reflect.DelegatingMethodAccessorImpl.invoke(DelegatingMethodAccessorImpl.java:43)
	at java.base/java.lang.reflect.Method.invoke(Method.java:566)
	at org.codehaus.groovy.runtime.callsite.PlainObjectMetaMethodSite.doInvoke(PlainObjectMetaMethodSite.java:43)
	at org.codehaus.groovy.runtime.callsite.PogoMetaMethodSite$PogoCachedMethodSiteNoUnwrapNoCoerce.invoke(PogoMetaMethodSite.java:193)
	at org.codehaus.groovy.runtime.callsite.PogoMetaMethodSite.callCurrent(PogoMetaMethodSite.java:61)
	at org.codehaus.groovy.runtime.callsite.AbstractCallSite.callCurrent(AbstractCallSite.java:185)
	at io.restassured.internal.ResponseSpecificationImpl.body(ResponseSpecificationImpl.groovy:98)
	at io.restassured.internal.ValidatableResponseOptionsImpl.body(ValidatableResponseOptionsImpl.java:238)
	at io.restassured.internal.ValidatableResponseImpl.super$2$body(ValidatableResponseImpl.groovy)
	at jdk.internal.reflect.GeneratedMethodAccessor292.invoke(Unknown Source)
	at java.base/jdk.internal.reflect.DelegatingMethodAccessorImpl.invoke(DelegatingMethodAccessorImpl.java:43)
	at java.base/java.lang.reflect.Method.invoke(Method.java:566)
	at org.codehaus.groovy.reflection.CachedMethod.invoke(CachedMethod.java:107)
	at groovy.lang.MetaMethod.doMethodInvoke(MetaMethod.java:323)
	at groovy.lang.MetaClassImpl.invokeMethod(MetaClassImpl.java:1268)
	at org.codehaus.groovy.runtime.ScriptBytecodeAdapter.invokeMethodOnSuperN(ScriptBytecodeAdapter.java:144)
	at io.restassured.internal.ValidatableResponseImpl.body(ValidatableResponseImpl.groovy:293)
	at io.restassured.internal.ValidatableResponseImpl.body(ValidatableResponseImpl.groovy)
	at com.cloudmore.testSteps.api.UserServiceSteps.validate_json_schema(UserServiceSteps.java:104)
	at jdk.internal.reflect.GeneratedMethodAccessor290.invoke(Unknown Source)
	at java.base/jdk.internal.reflect.DelegatingMethodAccessorImpl.invoke(DelegatingMethodAccessorImpl.java:43)
	at java.base/java.lang.reflect.Method.invoke(Method.java:566)
	at io.cucumber.java.Invoker.doInvoke(Invoker.java:66)
	at io.cucumber.java.Invoker.invoke(Invoker.java:24)
	at io.cucumber.java.AbstractGlueDefinition.invokeMethod(AbstractGlueDefinition.java:47)
	at io.cucumber.java.JavaStepDefinition.execute(JavaStepDefinition.java:29)
	at io.cucumber.core.runner.CoreStepDefinition.execute(CoreStepDefinition.java:66)
	at io.cucumber.core.runner.PickleStepDefinitionMatch.runStep(PickleStepDefinitionMatch.java:63)
	at io.cucumber.core.runner.ExecutionMode$1.execute(ExecutionMode.java:10)
	at io.cucumber.core.runner.TestStep.executeStep(TestStep.java:92)
	at io.cucumber.core.runner.TestStep.run(TestStep.java:64)
	at io.cucumber.core.runner.PickleStepTestStep.run(PickleStepTestStep.java:51)
	at io.cucumber.core.runner.TestCase.run(TestCase.java:104)
	at io.cucumber.core.runner.Runner.runPickle(Runner.java:73)
	at io.cucumber.testng.TestNGCucumberRunner.lambda$runScenario$0(TestNGCucumberRunner.java:117)
	at io.cucumber.core.runtime.CucumberExecutionContext.runTestCase(CucumberExecutionContext.java:117)
	at io.cucumber.testng.TestNGCucumberRunner.runScenario(TestNGCucumberRunner.java:114)
	at io.cucumber.testng.AbstractTestNGCucumberTests.runScenario(AbstractTestNGCucumberTests.java:31)
	at jdk.internal.reflect.GeneratedMethodAccessor149.invoke(Unknown Source)
	at java.base/jdk.internal.reflect.DelegatingMethodAccessorImpl.invoke(DelegatingMethodAccessorImpl.java:43)
	at java.base/java.lang.reflect.Method.invoke(Method.java:566)
	at org.testng.internal.MethodInvocationHelper.invokeMethod(MethodInvocationHelper.java:133)
	at org.testng.internal.TestInvoker.invokeMethod(TestInvoker.java:598)
	at org.testng.internal.TestInvoker.retryFailed(TestInvoker.java:213)
	at org.testng.internal.MethodRunner.runInSequence(MethodRunner.java:58)
	at org.testng.internal.TestInvoker$MethodInvocationAgent.invoke(TestInvoker.java:824)
	at org.testng.internal.TestInvoker.invokeTestMethods(TestInvoker.java:146)
	at org.testng.internal.TestMethodWorker.invokeTestMethods(TestMethodWorker.java:146)
	at org.testng.internal.TestMethodWorker.run(TestMethodWorker.java:128)
	at java.base/java.util.ArrayList.forEach(ArrayList.java:1541)
	at org.testng.TestRunner.privateRun(TestRunner.java:794)
	at org.testng.TestRunner.run(TestRunner.java:596)
	at org.testng.SuiteRunner.runTest(SuiteRunner.java:377)
	at org.testng.SuiteRunner.access$000(SuiteRunner.java:28)
	at org.testng.SuiteRunner$SuiteWorker.run(SuiteRunner.java:418)
	at org.testng.internal.thread.ThreadUtil.lambda$execute$0(ThreadUtil.java:64)
	at java.base/java.util.concurrent.FutureTask.run(FutureTask.java:264)
	at java.base/java.util.concurrent.ThreadPoolExecutor.runWorker(ThreadPoolExecutor.java:1128)
	at java.base/java.util.concurrent.ThreadPoolExecutor$Worker.run(ThreadPoolExecutor.java:628)
	at java.base/java.lang.Thread.run(Thread.java:834)
Caused by: com.fasterxml.jackson.core.JsonParseException: no JSON Text to read from input
 at [Source: (StringReader); line: 1, column: 1]
	at com.github.fge.jackson.JsonNodeReader$JsonParseExceptionBuilder.build(JsonNodeReader.java:198)
	at com.github.fge.jackson.JsonNodeReader.readNode(JsonNodeReader.java:150)
	at com.github.fge.jackson.JsonNodeReader.fromReader(JsonNodeReader.java:129)
	at com.github.fge.jackson.JsonLoader.fromReader(JsonLoader.java:186)
	at com.github.fge.jackson.JsonLoader.fromString(JsonLoader.java:199)
	at io.restassured.module.jsv.JsonSchemaValidator.matchesSafely(JsonSchemaValidator.java:214)
	... 88 more
&amp#27;[0m
  &amp#27;[36mAnd &amp#27;[0m&amp#27;[36mValidate the Response Body&amp#27;[0m                                                                                                                   &amp#27;[90m# com.cloudmore.testSteps.api.UserServiceSteps.validateResponseBody()&amp#27;[0m
>>>>>>>>> beforeScenario called [@API, @QuestionThree, @assignment, @deleteUserAPI, @API]
]]></system-out>
  </testcase>
  <testcase name="runScenario[&quot;Verifying the DELETE USER API deleteUser_username_Is_Null&quot;, &quot;Optional[Verify The CREATE , UPDATE, GET, DELETE APIs of User Service]&quot;](39)" classname="com.cloudmore.runner.TestRunner" time="0">
    <skipped message="1 expectation failed.&#10;Response body doesn&apos;t match expectation.&#10;Expected: The content to match the given JSON schema.&#10;error: object has missing required properties ([&quot;message&quot;])&#10;    level: &quot;error&quot;&#10;    schema: {&quot;loadingURI&quot;:&quot;#&quot;,&quot;pointer&quot;:&quot;&quot;}&#10;    instance: {&quot;pointer&quot;:&quot;&quot;}&#10;    domain: &quot;validation&quot;&#10;    keyword: &quot;required&quot;&#10;    required: [&quot;code&quot;,&quot;message&quot;,&quot;type&quot;]&#10;    missing: [&quot;message&quot;]&#10;&#10;  Actual: {&quot;code&quot;:405,&quot;type&quot;:&quot;unknown&quot;}&#10;"/>
    <system-out><![CDATA[
@API @QuestionThree @assignment @deleteUserAPI @API
Scenario Outline: Verifying the DELETE USER API deleteUser_username_Is_Null                                  &amp#27;[90m# src/test/resources/featureFiles/UserServiceAPI.feature:63&amp#27;[0m
>>>>>>>>> beforeScenario called [@API, @QuestionThree, @assignment, @deleteUserAPI, @API]
Request method:	DELETE
Request URI:	https://petstore.swagger.io/v2/user/
Proxy:			<none>
Request params:	<none>
Query params:	<none>
Form params:	<none>
Path params:	<none>
Headers:		accept=application/json
Cookies:		<none>
Multiparts:		<none>
Body:			<none>
HTTP/1.1 405 Method Not Allowed
Date: Mon, 20 Feb 2023 09:42:41 GMT
Content-Type: application/json
Transfer-Encoding: chunked
Connection: keep-alive
Access-Control-Allow-Origin: *
Access-Control-Allow-Methods: GET, POST, DELETE, PUT
Access-Control-Allow-Headers: Content-Type, api_key, Authorization
Server: Jetty(9.2.9.v20150224)

{
    "code": 405,
    "type": "unknown"
}
  &amp#27;[32mGiven &amp#27;[0m&amp#27;[32mUser Invoke the &amp#27;[0m&amp#27;[32m&amp#27;[1m"DELETE"&amp#27;[0m&amp#27;[32m User API service to execute the &amp#27;[0m&amp#27;[32m&amp#27;[1m"deleteUser_username_Is_Null"&amp#27;[0m&amp#27;[32m test scenario&amp#27;[0m &amp#27;[90m# com.cloudmore.testSteps.api.UserServiceSteps.get_user_api_service_called(java.lang.String,java.lang.String)&amp#27;[0m
  &amp#27;[32mThen &amp#27;[0m&amp#27;[32mValidate the Response Status Code&amp#27;[0m                                                                     &amp#27;[90m# com.cloudmore.testSteps.api.UserServiceSteps.validateResponseStatusCode()&amp#27;[0m
  &amp#27;[31mThen &amp#27;[0m&amp#27;[31mValidate the response json schema&amp#27;[0m                                                                     &amp#27;[90m# com.cloudmore.testSteps.api.UserServiceSteps.validate_json_schema()&amp#27;[0m
      &amp#27;[31mjava.lang.AssertionError: 1 expectation failed.
Response body doesn't match expectation.
Expected: The content to match the given JSON schema.
error: object has missing required properties (["message"])
    level: "error"
    schema: {"loadingURI":"#","pointer":""}
    instance: {"pointer":""}
    domain: "validation"
    keyword: "required"
    required: ["code","message","type"]
    missing: ["message"]

  Actual: {"code":405,"type":"unknown"}

	at java.base/jdk.internal.reflect.NativeConstructorAccessorImpl.newInstance0(Native Method)
	at java.base/jdk.internal.reflect.NativeConstructorAccessorImpl.newInstance(NativeConstructorAccessorImpl.java:62)
	at java.base/jdk.internal.reflect.DelegatingConstructorAccessorImpl.newInstance(DelegatingConstructorAccessorImpl.java:45)
	at java.base/java.lang.reflect.Constructor.newInstance(Constructor.java:490)
	at org.codehaus.groovy.reflection.CachedConstructor.invoke(CachedConstructor.java:72)
	at org.codehaus.groovy.reflection.CachedConstructor.doConstructorInvoke(CachedConstructor.java:59)
	at org.codehaus.groovy.runtime.callsite.ConstructorSite$ConstructorSiteNoUnwrap.callConstructor(ConstructorSite.java:84)
	at org.codehaus.groovy.runtime.callsite.AbstractCallSite.callConstructor(AbstractCallSite.java:277)
	at io.restassured.internal.ResponseSpecificationImpl$HamcrestAssertionClosure.validate(ResponseSpecificationImpl.groovy:493)
	at io.restassured.internal.ResponseSpecificationImpl$HamcrestAssertionClosure$validate$1.call(Unknown Source)
	at io.restassured.internal.ResponseSpecificationImpl.validateResponseIfRequired(ResponseSpecificationImpl.groovy:674)
	at jdk.internal.reflect.GeneratedMethodAccessor293.invoke(Unknown Source)
	at java.base/jdk.internal.reflect.DelegatingMethodAccessorImpl.invoke(DelegatingMethodAccessorImpl.java:43)
	at java.base/java.lang.reflect.Method.invoke(Method.java:566)
	at org.codehaus.groovy.runtime.callsite.PlainObjectMetaMethodSite.doInvoke(PlainObjectMetaMethodSite.java:43)
	at org.codehaus.groovy.runtime.callsite.PogoMetaMethodSite$PogoCachedMethodSiteNoUnwrapNoCoerce.invoke(PogoMetaMethodSite.java:193)
	at org.codehaus.groovy.runtime.callsite.PogoMetaMethodSite.callCurrent(PogoMetaMethodSite.java:61)
	at org.codehaus.groovy.runtime.callsite.AbstractCallSite.callCurrent(AbstractCallSite.java:185)
	at io.restassured.internal.ResponseSpecificationImpl.body(ResponseSpecificationImpl.groovy:98)
	at io.restassured.internal.ValidatableResponseOptionsImpl.body(ValidatableResponseOptionsImpl.java:238)
	at io.restassured.internal.ValidatableResponseImpl.super$2$body(ValidatableResponseImpl.groovy)
	at jdk.internal.reflect.GeneratedMethodAccessor292.invoke(Unknown Source)
	at java.base/jdk.internal.reflect.DelegatingMethodAccessorImpl.invoke(DelegatingMethodAccessorImpl.java:43)
	at java.base/java.lang.reflect.Method.invoke(Method.java:566)
	at org.codehaus.groovy.reflection.CachedMethod.invoke(CachedMethod.java:107)
	at groovy.lang.MetaMethod.doMethodInvoke(MetaMethod.java:323)
	at groovy.lang.MetaClassImpl.invokeMethod(MetaClassImpl.java:1268)
	at org.codehaus.groovy.runtime.ScriptBytecodeAdapter.invokeMethodOnSuperN(ScriptBytecodeAdapter.java:144)
	at io.restassured.internal.ValidatableResponseImpl.body(ValidatableResponseImpl.groovy:293)
	at io.restassured.internal.ValidatableResponseImpl.body(ValidatableResponseImpl.groovy)
	at com.cloudmore.testSteps.api.UserServiceSteps.validate_json_schema(UserServiceSteps.java:104)
	at âœ½.Validate the response json schema(file:///C:/Personal.work/my-repos/cloudmore/cloudmore-qa-automation/src/test/resources/featureFiles/UserServiceAPI.feature:56)
&amp#27;[0m
  &amp#27;[36mAnd &amp#27;[0m&amp#27;[36mValidate the Response Body&amp#27;[0m                                                                             &amp#27;[90m# com.cloudmore.testSteps.api.UserServiceSteps.validateResponseBody()&amp#27;[0m
>>>>>>>>> beforeScenario called [@API, @QuestionThree, @assignment, @deleteUserAPI, @API]
]]></system-out>
  </testcase>
  <testcase name="runScenario[&quot;Verifying the DELETE USER API deleteUser_username_Is_Null&quot;, &quot;Optional[Verify The CREATE , UPDATE, GET, DELETE APIs of User Service]&quot;](40)" classname="com.cloudmore.runner.TestRunner" time="1.442">
    <failure message="1 expectation failed.&#10;Response body doesn&apos;t match expectation.&#10;Expected: The content to match the given JSON schema.&#10;error: object has missing required properties ([&quot;message&quot;])&#10;    level: &quot;error&quot;&#10;    schema: {&quot;loadingURI&quot;:&quot;#&quot;,&quot;pointer&quot;:&quot;&quot;}&#10;    instance: {&quot;pointer&quot;:&quot;&quot;}&#10;    domain: &quot;validation&quot;&#10;    keyword: &quot;required&quot;&#10;    required: [&quot;code&quot;,&quot;message&quot;,&quot;type&quot;]&#10;    missing: [&quot;message&quot;]&#10;&#10;  Actual: {&quot;code&quot;:405,&quot;type&quot;:&quot;unknown&quot;}&#10;" type="java.lang.AssertionError"><![CDATA[java.lang.AssertionError: 
1 expectation failed.
Response body doesn't match expectation.
Expected: The content to match the given JSON schema.
error: object has missing required properties (["message"])
    level: "error"
    schema: {"loadingURI":"#","pointer":""}
    instance: {"pointer":""}
    domain: "validation"
    keyword: "required"
    required: ["code","message","type"]
    missing: ["message"]

  Actual: {"code":405,"type":"unknown"}

]]></failure>
    <system-out><![CDATA[
@API @QuestionThree @assignment @deleteUserAPI @API
Scenario Outline: Verifying the DELETE USER API deleteUser_username_Is_Null                                  &amp#27;[90m# src/test/resources/featureFiles/UserServiceAPI.feature:63&amp#27;[0m
>>>>>>>>> beforeScenario called [@API, @QuestionThree, @assignment, @deleteUserAPI, @API]
Request method:	DELETE
Request URI:	https://petstore.swagger.io/v2/user/
Proxy:			<none>
Request params:	<none>
Query params:	<none>
Form params:	<none>
Path params:	<none>
Headers:		accept=application/json
Cookies:		<none>
Multiparts:		<none>
Body:			<none>
HTTP/1.1 405 Method Not Allowed
Date: Mon, 20 Feb 2023 09:42:42 GMT
Content-Type: application/json
Transfer-Encoding: chunked
Connection: keep-alive
Access-Control-Allow-Origin: *
Access-Control-Allow-Methods: GET, POST, DELETE, PUT
Access-Control-Allow-Headers: Content-Type, api_key, Authorization
Server: Jetty(9.2.9.v20150224)

{
    "code": 405,
    "type": "unknown"
}
  &amp#27;[32mGiven &amp#27;[0m&amp#27;[32mUser Invoke the &amp#27;[0m&amp#27;[32m&amp#27;[1m"DELETE"&amp#27;[0m&amp#27;[32m User API service to execute the &amp#27;[0m&amp#27;[32m&amp#27;[1m"deleteUser_username_Is_Null"&amp#27;[0m&amp#27;[32m test scenario&amp#27;[0m &amp#27;[90m# com.cloudmore.testSteps.api.UserServiceSteps.get_user_api_service_called(java.lang.String,java.lang.String)&amp#27;[0m
  &amp#27;[32mThen &amp#27;[0m&amp#27;[32mValidate the Response Status Code&amp#27;[0m                                                                     &amp#27;[90m# com.cloudmore.testSteps.api.UserServiceSteps.validateResponseStatusCode()&amp#27;[0m
  &amp#27;[31mThen &amp#27;[0m&amp#27;[31mValidate the response json schema&amp#27;[0m                                                                     &amp#27;[90m# com.cloudmore.testSteps.api.UserServiceSteps.validate_json_schema()&amp#27;[0m
      &amp#27;[31mjava.lang.AssertionError: 1 expectation failed.
Response body doesn't match expectation.
Expected: The content to match the given JSON schema.
error: object has missing required properties (["message"])
    level: "error"
    schema: {"loadingURI":"#","pointer":""}
    instance: {"pointer":""}
    domain: "validation"
    keyword: "required"
    required: ["code","message","type"]
    missing: ["message"]

  Actual: {"code":405,"type":"unknown"}

	at java.base/jdk.internal.reflect.NativeConstructorAccessorImpl.newInstance0(Native Method)
	at java.base/jdk.internal.reflect.NativeConstructorAccessorImpl.newInstance(NativeConstructorAccessorImpl.java:62)
	at java.base/jdk.internal.reflect.DelegatingConstructorAccessorImpl.newInstance(DelegatingConstructorAccessorImpl.java:45)
	at java.base/java.lang.reflect.Constructor.newInstance(Constructor.java:490)
	at org.codehaus.groovy.reflection.CachedConstructor.invoke(CachedConstructor.java:72)
	at org.codehaus.groovy.reflection.CachedConstructor.doConstructorInvoke(CachedConstructor.java:59)
	at org.codehaus.groovy.runtime.callsite.ConstructorSite$ConstructorSiteNoUnwrap.callConstructor(ConstructorSite.java:84)
	at org.codehaus.groovy.runtime.callsite.AbstractCallSite.callConstructor(AbstractCallSite.java:277)
	at io.restassured.internal.ResponseSpecificationImpl$HamcrestAssertionClosure.validate(ResponseSpecificationImpl.groovy:493)
	at io.restassured.internal.ResponseSpecificationImpl$HamcrestAssertionClosure$validate$1.call(Unknown Source)
	at io.restassured.internal.ResponseSpecificationImpl.validateResponseIfRequired(ResponseSpecificationImpl.groovy:674)
	at jdk.internal.reflect.GeneratedMethodAccessor293.invoke(Unknown Source)
	at java.base/jdk.internal.reflect.DelegatingMethodAccessorImpl.invoke(DelegatingMethodAccessorImpl.java:43)
	at java.base/java.lang.reflect.Method.invoke(Method.java:566)
	at org.codehaus.groovy.runtime.callsite.PlainObjectMetaMethodSite.doInvoke(PlainObjectMetaMethodSite.java:43)
	at org.codehaus.groovy.runtime.callsite.PogoMetaMethodSite$PogoCachedMethodSiteNoUnwrapNoCoerce.invoke(PogoMetaMethodSite.java:193)
	at org.codehaus.groovy.runtime.callsite.PogoMetaMethodSite.callCurrent(PogoMetaMethodSite.java:61)
	at org.codehaus.groovy.runtime.callsite.AbstractCallSite.callCurrent(AbstractCallSite.java:185)
	at io.restassured.internal.ResponseSpecificationImpl.body(ResponseSpecificationImpl.groovy:98)
	at io.restassured.internal.ValidatableResponseOptionsImpl.body(ValidatableResponseOptionsImpl.java:238)
	at io.restassured.internal.ValidatableResponseImpl.super$2$body(ValidatableResponseImpl.groovy)
	at jdk.internal.reflect.GeneratedMethodAccessor292.invoke(Unknown Source)
	at java.base/jdk.internal.reflect.DelegatingMethodAccessorImpl.invoke(DelegatingMethodAccessorImpl.java:43)
	at java.base/java.lang.reflect.Method.invoke(Method.java:566)
	at org.codehaus.groovy.reflection.CachedMethod.invoke(CachedMethod.java:107)
	at groovy.lang.MetaMethod.doMethodInvoke(MetaMethod.java:323)
	at groovy.lang.MetaClassImpl.invokeMethod(MetaClassImpl.java:1268)
	at org.codehaus.groovy.runtime.ScriptBytecodeAdapter.invokeMethodOnSuperN(ScriptBytecodeAdapter.java:144)
	at io.restassured.internal.ValidatableResponseImpl.body(ValidatableResponseImpl.groovy:293)
	at io.restassured.internal.ValidatableResponseImpl.body(ValidatableResponseImpl.groovy)
	at com.cloudmore.testSteps.api.UserServiceSteps.validate_json_schema(UserServiceSteps.java:104)
	at âœ½.Validate the response json schema(file:///C:/Personal.work/my-repos/cloudmore/cloudmore-qa-automation/src/test/resources/featureFiles/UserServiceAPI.feature:56)
&amp#27;[0m
  &amp#27;[36mAnd &amp#27;[0m&amp#27;[36mValidate the Response Body&amp#27;[0m                                                                             &amp#27;[90m# com.cloudmore.testSteps.api.UserServiceSteps.validateResponseBody()&amp#27;[0m
>>>>>>>>> beforeScenario called [@API, @QuestionThree, @assignment, @deleteUserAPI, @API]
]]></system-out>
  </testcase>
</testsuite>